{"C:\\Users\\Jordan\\Desktop\\FlowyMusic-main\\src\\App.tsx": {"path":"C:\\Users\\Jordan\\Desktop\\FlowyMusic-main\\src\\App.tsx","statementMap":{"0":{"start":{"line":15,"column":20},"end":{"line":15,"column":37}},"1":{"start":{"line":17,"column":12},"end":{"line":38,"column":null}},"2":{"start":{"line":18,"column":2},"end":{"line":37,"column":null}}},"fnMap":{"0":{"name":"(anonymous_0)","decl":{"start":{"line":17,"column":12},"end":{"line":17,"column":15}},"loc":{"start":{"line":18,"column":2},"end":{"line":37,"column":null}}}},"branchMap":{},"s":{"0":0,"1":0,"2":0},"f":{"0":0},"b":{}}
,"C:\\Users\\Jordan\\Desktop\\FlowyMusic-main\\src\\main.tsx": {"path":"C:\\Users\\Jordan\\Desktop\\FlowyMusic-main\\src\\main.tsx","statementMap":{"0":{"start":{"line":5,"column":0},"end":{"line":5,"column":61}}},"fnMap":{},"branchMap":{},"s":{"0":0},"f":{},"b":{}}
,"C:\\Users\\Jordan\\Desktop\\FlowyMusic-main\\src\\components\\CreatorProfile.tsx": {"path":"C:\\Users\\Jordan\\Desktop\\FlowyMusic-main\\src\\components\\CreatorProfile.tsx","statementMap":{"0":{"start":{"line":2,"column":0},"end":{"line":2,"column":40}},"1":{"start":{"line":4,"column":0},"end":{"line":4,"column":null}},"2":{"start":{"line":19,"column":0},"end":{"line":19,"column":33}},"3":{"start":{"line":23,"column":0},"end":{"line":23,"column":31}},"4":{"start":{"line":29,"column":23},"end":{"line":67,"column":1}},"5":{"start":{"line":30,"column":40},"end":{"line":30,"column":55}},"6":{"start":{"line":31,"column":38},"end":{"line":31,"column":53}},"7":{"start":{"line":33,"column":23},"end":{"line":37,"column":3}},"8":{"start":{"line":34,"column":4},"end":{"line":34,"column":33}},"9":{"start":{"line":35,"column":4},"end":{"line":35,"column":103}},"10":{"start":{"line":36,"column":4},"end":{"line":36,"column":25}},"11":{"start":{"line":39,"column":29},"end":{"line":52,"column":3}},"12":{"start":{"line":40,"column":4},"end":{"line":51,"column":5}},"13":{"start":{"line":41,"column":6},"end":{"line":41,"column":27}},"14":{"start":{"line":42,"column":6},"end":{"line":42,"column":26}},"15":{"start":{"line":43,"column":6},"end":{"line":43,"column":63}},"16":{"start":{"line":45,"column":6},"end":{"line":45,"column":33}},"17":{"start":{"line":46,"column":6},"end":{"line":50,"column":7}},"18":{"start":{"line":47,"column":8},"end":{"line":47,"column":65}},"19":{"start":{"line":49,"column":8},"end":{"line":49,"column":65}},"20":{"start":{"line":54,"column":2},"end":{"line":66,"column":4}},"21":{"start":{"line":69,"column":0},"end":{"line":69,"column":30}}},"fnMap":{"0":{"name":"(anonymous_9)","decl":{"start":{"line":29,"column":23},"end":{"line":29,"column":24}},"loc":{"start":{"line":29,"column":62},"end":{"line":67,"column":1}}},"1":{"name":"(anonymous_10)","decl":{"start":{"line":33,"column":23},"end":{"line":33,"column":26}},"loc":{"start":{"line":33,"column":28},"end":{"line":37,"column":3}}},"2":{"name":"(anonymous_11)","decl":{"start":{"line":39,"column":29},"end":{"line":39,"column":32}},"loc":{"start":{"line":39,"column":34},"end":{"line":52,"column":3}}}},"branchMap":{"0":{"loc":{"start":{"line":35,"column":15},"end":{"line":35,"column":101}},"type":"cond-expr","locations":[{"start":{"line":35,"column":29},"end":{"line":35,"column":62}},{"start":{"line":35,"column":65},"end":{"line":35,"column":101}}]},"1":{"loc":{"start":{"line":40,"column":4},"end":{"line":51,"column":5}},"type":"if","locations":[{"start":{"line":40,"column":4},"end":{"line":51,"column":5}},{"start":{"line":44,"column":11},"end":{"line":51,"column":5}}]},"2":{"loc":{"start":{"line":46,"column":6},"end":{"line":50,"column":7}},"type":"if","locations":[{"start":{"line":46,"column":6},"end":{"line":50,"column":7}},{"start":{"line":48,"column":13},"end":{"line":50,"column":7}}]}},"s":{"0":2,"1":2,"2":2,"3":2,"4":2,"5":3,"6":3,"7":3,"8":0,"9":0,"10":0,"11":3,"12":0,"13":0,"14":0,"15":0,"16":0,"17":0,"18":0,"19":0,"20":3,"21":2},"f":{"0":3,"1":0,"2":0},"b":{"0":[0,0],"1":[0,0],"2":[0,0]}}
,"C:\\Users\\Jordan\\Desktop\\FlowyMusic-main\\src\\components\\FeaturedMusic.tsx": {"path":"C:\\Users\\Jordan\\Desktop\\FlowyMusic-main\\src\\components\\FeaturedMusic.tsx","statementMap":{"0":{"start":{"line":2,"column":0},"end":{"line":2,"column":26}},"1":{"start":{"line":4,"column":0},"end":{"line":4,"column":37}},"2":{"start":{"line":5,"column":0},"end":{"line":5,"column":33}},"3":{"start":{"line":11,"column":22},"end":{"line":48,"column":1}},"4":{"start":{"line":12,"column":28},"end":{"line":20,"column":4}},"5":{"start":{"line":22,"column":23},"end":{"line":33,"column":4}},"6":{"start":{"line":35,"column":2},"end":{"line":47,"column":4}},"7":{"start":{"line":50,"column":0},"end":{"line":50,"column":29}}},"fnMap":{"0":{"name":"(anonymous_1)","decl":{"start":{"line":11,"column":22},"end":{"line":11,"column":23}},"loc":{"start":{"line":11,"column":60},"end":{"line":48,"column":1}}}},"branchMap":{},"s":{"0":2,"1":2,"2":2,"3":2,"4":12,"5":12,"6":12,"7":2},"f":{"0":12},"b":{}}
,"C:\\Users\\Jordan\\Desktop\\FlowyMusic-main\\src\\components\\Layout.tsx": {"path":"C:\\Users\\Jordan\\Desktop\\FlowyMusic-main\\src\\components\\Layout.tsx","statementMap":{"0":{"start":{"line":1,"column":0},"end":{"line":1,"column":26}},"1":{"start":{"line":2,"column":0},"end":{"line":2,"column":53}},"2":{"start":{"line":3,"column":0},"end":{"line":3,"column":48}},"3":{"start":{"line":4,"column":0},"end":{"line":4,"column":62}},"4":{"start":{"line":5,"column":0},"end":{"line":5,"column":32}},"5":{"start":{"line":11,"column":15},"end":{"line":62,"column":1}},"6":{"start":{"line":12,"column":19},"end":{"line":12,"column":32}},"7":{"start":{"line":14,"column":2},"end":{"line":61,"column":4}},"8":{"start":{"line":64,"column":0},"end":{"line":64,"column":22}}},"fnMap":{"0":{"name":"(anonymous_1)","decl":{"start":{"line":11,"column":15},"end":{"line":11,"column":16}},"loc":{"start":{"line":11,"column":45},"end":{"line":62,"column":1}}}},"branchMap":{"0":{"loc":{"start":{"line":39,"column":25},"end":{"line":39,"column":86}},"type":"cond-expr","locations":[{"start":{"line":39,"column":65},"end":{"line":39,"column":74}},{"start":{"line":39,"column":77},"end":{"line":39,"column":86}}]}},"s":{"0":3,"1":3,"2":3,"3":3,"4":3,"5":3,"6":12,"7":12,"8":3},"f":{"0":12},"b":{"0":[0,12]}}
,"C:\\Users\\Jordan\\Desktop\\FlowyMusic-main\\src\\components\\MusicPlayer.tsx": {"path":"C:\\Users\\Jordan\\Desktop\\FlowyMusic-main\\src\\components\\MusicPlayer.tsx","statementMap":{"0":{"start":{"line":1,"column":0},"end":{"line":1,"column":59}},"1":{"start":{"line":2,"column":0},"end":{"line":2,"column":56}},"2":{"start":{"line":3,"column":0},"end":{"line":3,"column":null}},"3":{"start":{"line":17,"column":0},"end":{"line":17,"column":33}},"4":{"start":{"line":18,"column":0},"end":{"line":18,"column":48}},"5":{"start":{"line":19,"column":0},"end":{"line":19,"column":31}},"6":{"start":{"line":20,"column":0},"end":{"line":20,"column":81}},"7":{"start":{"line":21,"column":0},"end":{"line":21,"column":46}},"8":{"start":{"line":37,"column":20},"end":{"line":452,"column":1}},"9":{"start":{"line":38,"column":36},"end":{"line":38,"column":51}},"10":{"start":{"line":39,"column":30},"end":{"line":39,"column":42}},"11":{"start":{"line":40,"column":34},"end":{"line":40,"column":45}},"12":{"start":{"line":41,"column":32},"end":{"line":41,"column":47}},"13":{"start":{"line":42,"column":32},"end":{"line":42,"column":47}},"14":{"start":{"line":43,"column":44},"end":{"line":43,"column":59}},"15":{"start":{"line":44,"column":19},"end":{"line":44,"column":56}},"16":{"start":{"line":47,"column":42},"end":{"line":54,"column":4}},"17":{"start":{"line":56,"column":40},"end":{"line":56,"column":56}},"18":{"start":{"line":58,"column":2},"end":{"line":80,"column":9}},"19":{"start":{"line":60,"column":4},"end":{"line":69,"column":5}},"20":{"start":{"line":61,"column":6},"end":{"line":61,"column":37}},"21":{"start":{"line":64,"column":6},"end":{"line":64,"column":70}},"22":{"start":{"line":65,"column":6},"end":{"line":65,"column":65}},"23":{"start":{"line":66,"column":6},"end":{"line":68,"column":9}},"24":{"start":{"line":67,"column":8},"end":{"line":67,"column":48}},"25":{"start":{"line":67,"column":23},"end":{"line":67,"column":48}},"26":{"start":{"line":71,"column":4},"end":{"line":79,"column":6}},"27":{"start":{"line":73,"column":6},"end":{"line":78,"column":7}},"28":{"start":{"line":74,"column":8},"end":{"line":74,"column":75}},"29":{"start":{"line":75,"column":8},"end":{"line":75,"column":70}},"30":{"start":{"line":76,"column":8},"end":{"line":76,"column":33}},"31":{"start":{"line":77,"column":8},"end":{"line":77,"column":32}},"32":{"start":{"line":82,"column":2},"end":{"line":99,"column":30}},"33":{"start":{"line":84,"column":4},"end":{"line":98,"column":5}},"34":{"start":{"line":85,"column":6},"end":{"line":85,"column":51}},"35":{"start":{"line":86,"column":6},"end":{"line":86,"column":30}},"36":{"start":{"line":87,"column":6},"end":{"line":87,"column":30}},"37":{"start":{"line":88,"column":6},"end":{"line":97,"column":7}},"38":{"start":{"line":89,"column":8},"end":{"line":92,"column":11}},"39":{"start":{"line":90,"column":10},"end":{"line":90,"column":51}},"40":{"start":{"line":91,"column":10},"end":{"line":91,"column":51}},"41":{"start":{"line":94,"column":8},"end":{"line":96,"column":9}},"42":{"start":{"line":95,"column":10},"end":{"line":95,"column":46}},"43":{"start":{"line":102,"column":2},"end":{"line":158,"column":30}},"44":{"start":{"line":103,"column":19},"end":{"line":150,"column":6}},"45":{"start":{"line":105,"column":8},"end":{"line":105,"column":27}},"46":{"start":{"line":106,"column":8},"end":{"line":110,"column":9}},"47":{"start":{"line":107,"column":10},"end":{"line":109,"column":13}},"48":{"start":{"line":108,"column":12},"end":{"line":108,"column":53}},"49":{"start":{"line":111,"column":8},"end":{"line":111,"column":58}},"50":{"start":{"line":114,"column":8},"end":{"line":114,"column":28}},"51":{"start":{"line":115,"column":8},"end":{"line":117,"column":9}},"52":{"start":{"line":116,"column":10},"end":{"line":116,"column":35}},"53":{"start":{"line":118,"column":8},"end":{"line":118,"column":39}},"54":{"start":{"line":122,"column":23},"end":{"line":122,"column":37}},"55":{"start":{"line":123,"column":8},"end":{"line":128,"column":9}},"56":{"start":{"line":124,"column":30},"end":{"line":124,"column":58}},"57":{"start":{"line":125,"column":10},"end":{"line":127,"column":11}},"58":{"start":{"line":126,"column":12},"end":{"line":126,"column":44}},"59":{"start":{"line":131,"column":32},"end":{"line":138,"column":10}},"60":{"start":{"line":140,"column":8},"end":{"line":140,"column":34}},"61":{"start":{"line":141,"column":8},"end":{"line":141,"column":27}},"62":{"start":{"line":142,"column":8},"end":{"line":142,"column":23}},"63":{"start":{"line":143,"column":8},"end":{"line":143,"column":31}},"64":{"start":{"line":144,"column":8},"end":{"line":144,"column":77}},"65":{"start":{"line":147,"column":8},"end":{"line":147,"column":29}},"66":{"start":{"line":148,"column":8},"end":{"line":148,"column":77}},"67":{"start":{"line":153,"column":5},"end":{"line":153,"column":41}},"68":{"start":{"line":155,"column":4},"end":{"line":157,"column":6}},"69":{"start":{"line":156,"column":6},"end":{"line":156,"column":41}},"70":{"start":{"line":160,"column":21},"end":{"line":174,"column":3}},"71":{"start":{"line":161,"column":4},"end":{"line":172,"column":5}},"72":{"start":{"line":162,"column":6},"end":{"line":164,"column":7}},"73":{"start":{"line":163,"column":8},"end":{"line":163,"column":33}},"74":{"start":{"line":166,"column":6},"end":{"line":171,"column":7}},"75":{"start":{"line":167,"column":8},"end":{"line":170,"column":11}},"76":{"start":{"line":168,"column":10},"end":{"line":168,"column":51}},"77":{"start":{"line":169,"column":10},"end":{"line":169,"column":51}},"78":{"start":{"line":173,"column":4},"end":{"line":173,"column":29}},"79":{"start":{"line":176,"column":25},"end":{"line":189,"column":3}},"80":{"start":{"line":177,"column":4},"end":{"line":188,"column":5}},"81":{"start":{"line":178,"column":29},"end":{"line":178,"column":57}},"82":{"start":{"line":179,"column":23},"end":{"line":179,"column":48}},"83":{"start":{"line":181,"column":6},"end":{"line":187,"column":7}},"84":{"start":{"line":183,"column":8},"end":{"line":183,"column":55}},"85":{"start":{"line":186,"column":8},"end":{"line":186,"column":61}},"86":{"start":{"line":191,"column":25},"end":{"line":198,"column":3}},"87":{"start":{"line":192,"column":4},"end":{"line":192,"column":24}},"88":{"start":{"line":193,"column":4},"end":{"line":193,"column":19}},"89":{"start":{"line":194,"column":4},"end":{"line":194,"column":27}},"90":{"start":{"line":200,"column":21},"end":{"line":206,"column":3}},"91":{"start":{"line":201,"column":4},"end":{"line":205,"column":5}},"92":{"start":{"line":202,"column":22},"end":{"line":202,"column":66}},"93":{"start":{"line":203,"column":6},"end":{"line":203,"column":45}},"94":{"start":{"line":204,"column":6},"end":{"line":204,"column":28}},"95":{"start":{"line":208,"column":29},"end":{"line":216,"column":3}},"96":{"start":{"line":209,"column":4},"end":{"line":209,"column":24}},"97":{"start":{"line":210,"column":4},"end":{"line":212,"column":5}},"98":{"start":{"line":211,"column":6},"end":{"line":211,"column":47}},"99":{"start":{"line":213,"column":4},"end":{"line":215,"column":5}},"100":{"start":{"line":214,"column":6},"end":{"line":214,"column":24}},"101":{"start":{"line":218,"column":21},"end":{"line":223,"column":3}},"102":{"start":{"line":219,"column":4},"end":{"line":221,"column":5}},"103":{"start":{"line":220,"column":6},"end":{"line":220,"column":40}},"104":{"start":{"line":222,"column":4},"end":{"line":222,"column":25}},"105":{"start":{"line":225,"column":21},"end":{"line":225,"column":47}},"106":{"start":{"line":225,"column":27},"end":{"line":225,"column":47}},"107":{"start":{"line":227,"column":31},"end":{"line":231,"column":3}},"108":{"start":{"line":228,"column":20},"end":{"line":228,"column":44}},"109":{"start":{"line":229,"column":29},"end":{"line":229,"column":53}},"110":{"start":{"line":230,"column":4},"end":{"line":230,"column":72}},"111":{"start":{"line":233,"column":29},"end":{"line":240,"column":3}},"112":{"start":{"line":234,"column":4},"end":{"line":239,"column":5}},"113":{"start":{"line":235,"column":22},"end":{"line":235,"column":58}},"114":{"start":{"line":236,"column":6},"end":{"line":236,"column":45}},"115":{"start":{"line":237,"column":6},"end":{"line":237,"column":34}},"116":{"start":{"line":238,"column":6},"end":{"line":238,"column":52}},"117":{"start":{"line":242,"column":30},"end":{"line":244,"column":3}},"118":{"start":{"line":243,"column":4},"end":{"line":243,"column":27}},"119":{"start":{"line":246,"column":2},"end":{"line":251,"column":34}},"120":{"start":{"line":247,"column":4},"end":{"line":250,"column":5}},"121":{"start":{"line":248,"column":23},"end":{"line":248,"column":56}},"122":{"start":{"line":249,"column":6},"end":{"line":249,"column":43}},"123":{"start":{"line":249,"column":19},"end":{"line":249,"column":42}},"124":{"start":{"line":253,"column":2},"end":{"line":257,"column":35}},"125":{"start":{"line":254,"column":4},"end":{"line":256,"column":5}},"126":{"start":{"line":259,"column":22},"end":{"line":261,"column":3}},"127":{"start":{"line":260,"column":4},"end":{"line":260,"column":49}},"128":{"start":{"line":263,"column":26},"end":{"line":265,"column":3}},"129":{"start":{"line":264,"column":4},"end":{"line":264,"column":49}},"130":{"start":{"line":267,"column":2},"end":{"line":451,"column":4}},"131":{"start":{"line":454,"column":0},"end":{"line":454,"column":27}}},"fnMap":{"0":{"name":"(anonymous_10)","decl":{"start":{"line":37,"column":20},"end":{"line":37,"column":21}},"loc":{"start":{"line":37,"column":56},"end":{"line":452,"column":1}}},"1":{"name":"(anonymous_11)","decl":{"start":{"line":58,"column":12},"end":{"line":58,"column":15}},"loc":{"start":{"line":58,"column":17},"end":{"line":80,"column":3}}},"2":{"name":"(anonymous_12)","decl":{"start":{"line":66,"column":51},"end":{"line":66,"column":54}},"loc":{"start":{"line":66,"column":56},"end":{"line":68,"column":7}}},"3":{"name":"(anonymous_13)","decl":{"start":{"line":71,"column":11},"end":{"line":71,"column":14}},"loc":{"start":{"line":71,"column":16},"end":{"line":79,"column":5}}},"4":{"name":"(anonymous_14)","decl":{"start":{"line":82,"column":12},"end":{"line":82,"column":15}},"loc":{"start":{"line":82,"column":17},"end":{"line":99,"column":3}}},"5":{"name":"(anonymous_15)","decl":{"start":{"line":89,"column":38},"end":{"line":89,"column":41}},"loc":{"start":{"line":89,"column":44},"end":{"line":92,"column":9}}},"6":{"name":"(anonymous_16)","decl":{"start":{"line":102,"column":12},"end":{"line":102,"column":15}},"loc":{"start":{"line":102,"column":17},"end":{"line":158,"column":3}}},"7":{"name":"(anonymous_17)","decl":{"start":{"line":104,"column":12},"end":{"line":104,"column":15}},"loc":{"start":{"line":104,"column":17},"end":{"line":112,"column":7}}},"8":{"name":"(anonymous_18)","decl":{"start":{"line":107,"column":40},"end":{"line":107,"column":43}},"loc":{"start":{"line":107,"column":46},"end":{"line":109,"column":11}}},"9":{"name":"(anonymous_19)","decl":{"start":{"line":113,"column":13},"end":{"line":113,"column":16}},"loc":{"start":{"line":113,"column":18},"end":{"line":119,"column":7}}},"10":{"name":"(anonymous_20)","decl":{"start":{"line":120,"column":17},"end":{"line":120,"column":18}},"loc":{"start":{"line":120,"column":43},"end":{"line":145,"column":7}}},"11":{"name":"(anonymous_21)","decl":{"start":{"line":146,"column":18},"end":{"line":146,"column":21}},"loc":{"start":{"line":146,"column":23},"end":{"line":149,"column":7}}},"12":{"name":"(anonymous_22)","decl":{"start":{"line":155,"column":11},"end":{"line":155,"column":14}},"loc":{"start":{"line":155,"column":16},"end":{"line":157,"column":5}}},"13":{"name":"(anonymous_23)","decl":{"start":{"line":160,"column":21},"end":{"line":160,"column":24}},"loc":{"start":{"line":160,"column":26},"end":{"line":174,"column":3}}},"14":{"name":"(anonymous_24)","decl":{"start":{"line":167,"column":38},"end":{"line":167,"column":41}},"loc":{"start":{"line":167,"column":44},"end":{"line":170,"column":9}}},"15":{"name":"(anonymous_25)","decl":{"start":{"line":176,"column":25},"end":{"line":176,"column":28}},"loc":{"start":{"line":176,"column":30},"end":{"line":189,"column":3}}},"16":{"name":"(anonymous_26)","decl":{"start":{"line":191,"column":25},"end":{"line":191,"column":28}},"loc":{"start":{"line":191,"column":30},"end":{"line":198,"column":3}}},"17":{"name":"(anonymous_27)","decl":{"start":{"line":200,"column":21},"end":{"line":200,"column":22}},"loc":{"start":{"line":200,"column":41},"end":{"line":206,"column":3}}},"18":{"name":"(anonymous_28)","decl":{"start":{"line":208,"column":29},"end":{"line":208,"column":30}},"loc":{"start":{"line":208,"column":49},"end":{"line":216,"column":3}}},"19":{"name":"(anonymous_29)","decl":{"start":{"line":218,"column":21},"end":{"line":218,"column":24}},"loc":{"start":{"line":218,"column":26},"end":{"line":223,"column":3}}},"20":{"name":"(anonymous_30)","decl":{"start":{"line":225,"column":21},"end":{"line":225,"column":24}},"loc":{"start":{"line":225,"column":27},"end":{"line":225,"column":47}}},"21":{"name":"(anonymous_31)","decl":{"start":{"line":227,"column":31},"end":{"line":227,"column":32}},"loc":{"start":{"line":227,"column":51},"end":{"line":231,"column":3}}},"22":{"name":"(anonymous_32)","decl":{"start":{"line":233,"column":29},"end":{"line":233,"column":30}},"loc":{"start":{"line":233,"column":50},"end":{"line":240,"column":3}}},"23":{"name":"(anonymous_33)","decl":{"start":{"line":242,"column":30},"end":{"line":242,"column":33}},"loc":{"start":{"line":242,"column":35},"end":{"line":244,"column":3}}},"24":{"name":"(anonymous_34)","decl":{"start":{"line":246,"column":12},"end":{"line":246,"column":15}},"loc":{"start":{"line":246,"column":17},"end":{"line":251,"column":3}}},"25":{"name":"(anonymous_35)","decl":{"start":{"line":249,"column":13},"end":{"line":249,"column":16}},"loc":{"start":{"line":249,"column":19},"end":{"line":249,"column":42}}},"26":{"name":"(anonymous_36)","decl":{"start":{"line":253,"column":12},"end":{"line":253,"column":15}},"loc":{"start":{"line":253,"column":17},"end":{"line":257,"column":3}}},"27":{"name":"(anonymous_37)","decl":{"start":{"line":259,"column":22},"end":{"line":259,"column":23}},"loc":{"start":{"line":259,"column":39},"end":{"line":261,"column":3}}},"28":{"name":"(anonymous_38)","decl":{"start":{"line":263,"column":26},"end":{"line":263,"column":27}},"loc":{"start":{"line":263,"column":43},"end":{"line":265,"column":3}}}},"branchMap":{"0":{"loc":{"start":{"line":60,"column":4},"end":{"line":69,"column":5}},"type":"if","locations":[{"start":{"line":60,"column":4},"end":{"line":69,"column":5}}]},"1":{"loc":{"start":{"line":67,"column":8},"end":{"line":67,"column":48}},"type":"if","locations":[{"start":{"line":67,"column":8},"end":{"line":67,"column":48}}]},"2":{"loc":{"start":{"line":73,"column":6},"end":{"line":78,"column":7}},"type":"if","locations":[{"start":{"line":73,"column":6},"end":{"line":78,"column":7}}]},"3":{"loc":{"start":{"line":84,"column":4},"end":{"line":98,"column":5}},"type":"if","locations":[{"start":{"line":84,"column":4},"end":{"line":98,"column":5}}]},"4":{"loc":{"start":{"line":84,"column":8},"end":{"line":84,"column":49}},"type":"binary-expr","locations":[{"start":{"line":84,"column":8},"end":{"line":84,"column":24}},{"start":{"line":84,"column":28},"end":{"line":84,"column":49}}]},"5":{"loc":{"start":{"line":88,"column":6},"end":{"line":97,"column":7}},"type":"if","locations":[{"start":{"line":88,"column":6},"end":{"line":97,"column":7}}]},"6":{"loc":{"start":{"line":94,"column":8},"end":{"line":96,"column":9}},"type":"if","locations":[{"start":{"line":94,"column":8},"end":{"line":96,"column":9}}]},"7":{"loc":{"start":{"line":94,"column":12},"end":{"line":94,"column":66}},"type":"binary-expr","locations":[{"start":{"line":94,"column":12},"end":{"line":94,"column":27}},{"start":{"line":94,"column":31},"end":{"line":94,"column":66}}]},"8":{"loc":{"start":{"line":106,"column":8},"end":{"line":110,"column":9}},"type":"if","locations":[{"start":{"line":106,"column":8},"end":{"line":110,"column":9}}]},"9":{"loc":{"start":{"line":115,"column":8},"end":{"line":117,"column":9}},"type":"if","locations":[{"start":{"line":115,"column":8},"end":{"line":117,"column":9}}]},"10":{"loc":{"start":{"line":123,"column":8},"end":{"line":128,"column":9}},"type":"if","locations":[{"start":{"line":123,"column":8},"end":{"line":128,"column":9}}]},"11":{"loc":{"start":{"line":123,"column":12},"end":{"line":123,"column":33}},"type":"binary-expr","locations":[{"start":{"line":123,"column":12},"end":{"line":123,"column":20}},{"start":{"line":123,"column":24},"end":{"line":123,"column":33}}]},"12":{"loc":{"start":{"line":125,"column":10},"end":{"line":127,"column":11}},"type":"if","locations":[{"start":{"line":125,"column":10},"end":{"line":127,"column":11}}]},"13":{"loc":{"start":{"line":132,"column":14},"end":{"line":132,"column":47}},"type":"binary-expr","locations":[{"start":{"line":132,"column":14},"end":{"line":132,"column":22}},{"start":{"line":132,"column":26},"end":{"line":132,"column":47}}]},"14":{"loc":{"start":{"line":133,"column":17},"end":{"line":133,"column":47}},"type":"binary-expr","locations":[{"start":{"line":133,"column":17},"end":{"line":133,"column":28}},{"start":{"line":133,"column":32},"end":{"line":133,"column":47}}]},"15":{"loc":{"start":{"line":134,"column":18},"end":{"line":134,"column":51}},"type":"binary-expr","locations":[{"start":{"line":134,"column":18},"end":{"line":134,"column":30}},{"start":{"line":134,"column":34},"end":{"line":134,"column":51}}]},"16":{"loc":{"start":{"line":135,"column":20},"end":{"line":135,"column":44}},"type":"binary-expr","locations":[{"start":{"line":135,"column":20},"end":{"line":135,"column":34}},{"start":{"line":135,"column":38},"end":{"line":135,"column":44}}]},"17":{"loc":{"start":{"line":136,"column":20},"end":{"line":136,"column":206}},"type":"binary-expr","locations":[{"start":{"line":136,"column":20},"end":{"line":136,"column":34}},{"start":{"line":136,"column":38},"end":{"line":136,"column":206}}]},"18":{"loc":{"start":{"line":148,"column":22},"end":{"line":148,"column":75}},"type":"cond-expr","locations":[{"start":{"line":148,"column":32},"end":{"line":148,"column":52}},{"start":{"line":148,"column":55},"end":{"line":148,"column":75}}]},"19":{"loc":{"start":{"line":161,"column":4},"end":{"line":172,"column":5}},"type":"if","locations":[{"start":{"line":161,"column":4},"end":{"line":172,"column":5}},{"start":{"line":165,"column":11},"end":{"line":172,"column":5}}]},"20":{"loc":{"start":{"line":162,"column":6},"end":{"line":164,"column":7}},"type":"if","locations":[{"start":{"line":162,"column":6},"end":{"line":164,"column":7}}]},"21":{"loc":{"start":{"line":166,"column":6},"end":{"line":171,"column":7}},"type":"if","locations":[{"start":{"line":166,"column":6},"end":{"line":171,"column":7}}]},"22":{"loc":{"start":{"line":177,"column":4},"end":{"line":188,"column":5}},"type":"if","locations":[{"start":{"line":177,"column":4},"end":{"line":188,"column":5}}]},"23":{"loc":{"start":{"line":181,"column":6},"end":{"line":187,"column":7}},"type":"if","locations":[{"start":{"line":181,"column":6},"end":{"line":187,"column":7}}]},"24":{"loc":{"start":{"line":201,"column":4},"end":{"line":205,"column":5}},"type":"if","locations":[{"start":{"line":201,"column":4},"end":{"line":205,"column":5}}]},"25":{"loc":{"start":{"line":210,"column":4},"end":{"line":212,"column":5}},"type":"if","locations":[{"start":{"line":210,"column":4},"end":{"line":212,"column":5}}]},"26":{"loc":{"start":{"line":213,"column":4},"end":{"line":215,"column":5}},"type":"if","locations":[{"start":{"line":213,"column":4},"end":{"line":215,"column":5}}]},"27":{"loc":{"start":{"line":213,"column":8},"end":{"line":213,"column":31}},"type":"binary-expr","locations":[{"start":{"line":213,"column":8},"end":{"line":213,"column":20}},{"start":{"line":213,"column":24},"end":{"line":213,"column":31}}]},"28":{"loc":{"start":{"line":219,"column":4},"end":{"line":221,"column":5}},"type":"if","locations":[{"start":{"line":219,"column":4},"end":{"line":221,"column":5}}]},"29":{"loc":{"start":{"line":234,"column":4},"end":{"line":239,"column":5}},"type":"if","locations":[{"start":{"line":234,"column":4},"end":{"line":239,"column":5}}]},"30":{"loc":{"start":{"line":247,"column":4},"end":{"line":250,"column":5}},"type":"if","locations":[{"start":{"line":247,"column":4},"end":{"line":250,"column":5}}]},"31":{"loc":{"start":{"line":254,"column":4},"end":{"line":256,"column":5}},"type":"if","locations":[{"start":{"line":254,"column":4},"end":{"line":256,"column":5}}]},"32":{"loc":{"start":{"line":254,"column":8},"end":{"line":254,"column":36}},"type":"binary-expr","locations":[{"start":{"line":254,"column":8},"end":{"line":254,"column":23}},{"start":{"line":254,"column":27},"end":{"line":254,"column":36}}]},"33":{"loc":{"start":{"line":286,"column":11},"end":{"line":297,"column":null}},"type":"binary-expr","locations":[{"start":{"line":286,"column":11},"end":{"line":286,"column":32}},{"start":{"line":287,"column":12},"end":{"line":296,"column":null}}]},"34":{"loc":{"start":{"line":353,"column":23},"end":{"line":353,"column":102}},"type":"cond-expr","locations":[{"start":{"line":353,"column":35},"end":{"line":353,"column":64}},{"start":{"line":353,"column":67},"end":{"line":353,"column":102}}]},"35":{"loc":{"start":{"line":347,"column":27},"end":{"line":347,"column":55}},"type":"cond-expr","locations":[{"start":{"line":347,"column":39},"end":{"line":347,"column":46}},{"start":{"line":347,"column":49},"end":{"line":347,"column":55}}]},"36":{"loc":{"start":{"line":374,"column":15},"end":{"line":387,"column":null}},"type":"binary-expr","locations":[{"start":{"line":374,"column":15},"end":{"line":374,"column":29}},{"start":{"line":375,"column":16},"end":{"line":386,"column":null}}]},"37":{"loc":{"start":{"line":421,"column":20},"end":{"line":421,"column":64}},"type":"binary-expr","locations":[{"start":{"line":421,"column":20},"end":{"line":421,"column":27}},{"start":{"line":421,"column":31},"end":{"line":421,"column":64}}]},"38":{"loc":{"start":{"line":425,"column":51},"end":{"line":425,"column":84}},"type":"cond-expr","locations":[{"start":{"line":425,"column":61},"end":{"line":425,"column":75}},{"start":{"line":425,"column":78},"end":{"line":425,"column":84}}]},"39":{"loc":{"start":{"line":434,"column":21},"end":{"line":434,"column":96}},"type":"cond-expr","locations":[{"start":{"line":434,"column":31},"end":{"line":434,"column":62}},{"start":{"line":434,"column":65},"end":{"line":434,"column":96}}]},"40":{"loc":{"start":{"line":438,"column":28},"end":{"line":438,"column":48}},"type":"cond-expr","locations":[{"start":{"line":438,"column":38},"end":{"line":438,"column":39}},{"start":{"line":438,"column":42},"end":{"line":438,"column":48}}]}},"s":{"0":1,"1":1,"2":1,"3":1,"4":1,"5":1,"6":1,"7":1,"8":1,"9":2,"10":2,"11":2,"12":2,"13":2,"14":2,"15":2,"16":2,"17":2,"18":2,"19":2,"20":0,"21":0,"22":0,"23":0,"24":0,"25":0,"26":2,"27":2,"28":0,"29":0,"30":0,"31":0,"32":2,"33":2,"34":2,"35":2,"36":2,"37":2,"38":0,"39":0,"40":0,"41":0,"42":0,"43":2,"44":2,"45":0,"46":0,"47":0,"48":0,"49":0,"50":0,"51":0,"52":0,"53":0,"54":0,"55":0,"56":0,"57":0,"58":0,"59":0,"60":0,"61":0,"62":0,"63":0,"64":0,"65":0,"66":0,"67":2,"68":2,"69":2,"70":2,"71":0,"72":0,"73":0,"74":0,"75":0,"76":0,"77":0,"78":0,"79":2,"80":0,"81":0,"82":0,"83":0,"84":0,"85":0,"86":2,"87":0,"88":0,"89":0,"90":2,"91":0,"92":0,"93":0,"94":0,"95":2,"96":0,"97":0,"98":0,"99":0,"100":0,"101":2,"102":0,"103":0,"104":0,"105":2,"106":0,"107":2,"108":0,"109":0,"110":0,"111":2,"112":0,"113":0,"114":0,"115":0,"116":0,"117":2,"118":0,"119":2,"120":2,"121":0,"122":0,"123":0,"124":2,"125":2,"126":2,"127":0,"128":2,"129":0,"130":2,"131":1},"f":{"0":2,"1":2,"2":0,"3":2,"4":2,"5":0,"6":2,"7":0,"8":0,"9":0,"10":0,"11":0,"12":2,"13":0,"14":0,"15":0,"16":0,"17":0,"18":0,"19":0,"20":0,"21":0,"22":0,"23":0,"24":2,"25":0,"26":2,"27":0,"28":0},"b":{"0":[0],"1":[0],"2":[0],"3":[2],"4":[2,2],"5":[0],"6":[0],"7":[0,0],"8":[0],"9":[0],"10":[0],"11":[0,0],"12":[0],"13":[0,0],"14":[0,0],"15":[0,0],"16":[0,0],"17":[0,0],"18":[0,0],"19":[0,0],"20":[0],"21":[0],"22":[0],"23":[0],"24":[0],"25":[0],"26":[0],"27":[0,0],"28":[0],"29":[0],"30":[0],"31":[0],"32":[2,2],"33":[2,2],"34":[0,2],"35":[0,2],"36":[2,2],"37":[2,0],"38":[0,2],"39":[0,2],"40":[0,2]}}
,"C:\\Users\\Jordan\\Desktop\\FlowyMusic-main\\src\\components\\MusicSearch.tsx": {"path":"C:\\Users\\Jordan\\Desktop\\FlowyMusic-main\\src\\components\\MusicSearch.tsx","statementMap":{"0":{"start":{"line":1,"column":0},"end":{"line":1,"column":51}},"1":{"start":{"line":2,"column":0},"end":{"line":2,"column":56}},"2":{"start":{"line":3,"column":0},"end":{"line":3,"column":null}},"3":{"start":{"line":14,"column":0},"end":{"line":14,"column":33}},"4":{"start":{"line":15,"column":0},"end":{"line":15,"column":46}},"5":{"start":{"line":16,"column":0},"end":{"line":16,"column":48}},"6":{"start":{"line":17,"column":0},"end":{"line":17,"column":31}},"7":{"start":{"line":18,"column":0},"end":{"line":18,"column":67}},"8":{"start":{"line":20,"column":20},"end":{"line":251,"column":1}},"9":{"start":{"line":21,"column":40},"end":{"line":21,"column":52}},"10":{"start":{"line":22,"column":40},"end":{"line":22,"column":55}},"11":{"start":{"line":23,"column":44},"end":{"line":23,"column":71}},"12":{"start":{"line":24,"column":46},"end":{"line":24,"column":68}},"13":{"start":{"line":25,"column":40},"end":{"line":25,"column":55}},"14":{"start":{"line":28,"column":2},"end":{"line":39,"column":20}},"15":{"start":{"line":29,"column":24},"end":{"line":36,"column":11}},"16":{"start":{"line":30,"column":6},"end":{"line":35,"column":7}},"17":{"start":{"line":31,"column":8},"end":{"line":31,"column":24}},"18":{"start":{"line":32,"column":13},"end":{"line":35,"column":7}},"19":{"start":{"line":33,"column":8},"end":{"line":33,"column":29}},"20":{"start":{"line":34,"column":8},"end":{"line":34,"column":30}},"21":{"start":{"line":38,"column":4},"end":{"line":38,"column":43}},"22":{"start":{"line":38,"column":17},"end":{"line":38,"column":42}},"23":{"start":{"line":41,"column":24},"end":{"line":49,"column":3}},"24":{"start":{"line":42,"column":4},"end":{"line":42,"column":25}},"25":{"start":{"line":43,"column":4},"end":{"line":43,"column":25}},"26":{"start":{"line":46,"column":20},"end":{"line":46,"column":44}},"27":{"start":{"line":47,"column":4},"end":{"line":47,"column":30}},"28":{"start":{"line":48,"column":4},"end":{"line":48,"column":26}},"29":{"start":{"line":51,"column":23},"end":{"line":56,"column":3}},"30":{"start":{"line":52,"column":4},"end":{"line":52,"column":23}},"31":{"start":{"line":53,"column":4},"end":{"line":55,"column":5}},"32":{"start":{"line":54,"column":6},"end":{"line":54,"column":22}},"33":{"start":{"line":58,"column":31},"end":{"line":64,"column":3}},"34":{"start":{"line":59,"column":4},"end":{"line":63,"column":5}},"35":{"start":{"line":60,"column":6},"end":{"line":60,"column":69}},"36":{"start":{"line":60,"column":52},"end":{"line":60,"column":66}},"37":{"start":{"line":62,"column":6},"end":{"line":62,"column":54}},"38":{"start":{"line":66,"column":20},"end":{"line":80,"column":3}},"39":{"start":{"line":68,"column":4},"end":{"line":79,"column":5}},"40":{"start":{"line":69,"column":6},"end":{"line":75,"column":9}},"41":{"start":{"line":76,"column":6},"end":{"line":78,"column":9}},"42":{"start":{"line":82,"column":21},"end":{"line":94,"column":3}},"43":{"start":{"line":84,"column":24},"end":{"line":84,"column":88}},"44":{"start":{"line":84,"column":54},"end":{"line":84,"column":87}},"45":{"start":{"line":87,"column":4},"end":{"line":87,"column":87}},"46":{"start":{"line":88,"column":4},"end":{"line":88,"column":26}},"47":{"start":{"line":91,"column":4},"end":{"line":93,"column":5}},"48":{"start":{"line":92,"column":6},"end":{"line":92,"column":32}},"49":{"start":{"line":96,"column":2},"end":{"line":250,"column":4}},"50":{"start":{"line":111,"column":31},"end":{"line":111,"column":61}},"51":{"start":{"line":117,"column":31},"end":{"line":117,"column":49}},"52":{"start":{"line":174,"column":20},"end":{"line":175,"column":null}},"53":{"start":{"line":194,"column":43},"end":{"line":194,"column":60}},"54":{"start":{"line":197,"column":30},"end":{"line":200,"column":31}},"55":{"start":{"line":198,"column":32},"end":{"line":198,"column":51}},"56":{"start":{"line":199,"column":32},"end":{"line":199,"column":50}},"57":{"start":{"line":232,"column":41},"end":{"line":232,"column":72}},"58":{"start":{"line":253,"column":0},"end":{"line":253,"column":27}}},"fnMap":{"0":{"name":"(anonymous_9)","decl":{"start":{"line":20,"column":20},"end":{"line":20,"column":23}},"loc":{"start":{"line":20,"column":25},"end":{"line":251,"column":1}}},"1":{"name":"(anonymous_10)","decl":{"start":{"line":28,"column":12},"end":{"line":28,"column":15}},"loc":{"start":{"line":28,"column":17},"end":{"line":39,"column":3}}},"2":{"name":"(anonymous_11)","decl":{"start":{"line":29,"column":35},"end":{"line":29,"column":38}},"loc":{"start":{"line":29,"column":40},"end":{"line":36,"column":5}}},"3":{"name":"(anonymous_12)","decl":{"start":{"line":38,"column":11},"end":{"line":38,"column":14}},"loc":{"start":{"line":38,"column":17},"end":{"line":38,"column":42}}},"4":{"name":"(anonymous_13)","decl":{"start":{"line":41,"column":24},"end":{"line":41,"column":27}},"loc":{"start":{"line":41,"column":29},"end":{"line":49,"column":3}}},"5":{"name":"(anonymous_14)","decl":{"start":{"line":51,"column":23},"end":{"line":51,"column":24}},"loc":{"start":{"line":51,"column":46},"end":{"line":56,"column":3}}},"6":{"name":"(anonymous_15)","decl":{"start":{"line":58,"column":31},"end":{"line":58,"column":32}},"loc":{"start":{"line":58,"column":51},"end":{"line":64,"column":3}}},"7":{"name":"(anonymous_16)","decl":{"start":{"line":60,"column":46},"end":{"line":60,"column":48}},"loc":{"start":{"line":60,"column":52},"end":{"line":60,"column":66}}},"8":{"name":"(anonymous_17)","decl":{"start":{"line":66,"column":20},"end":{"line":66,"column":21}},"loc":{"start":{"line":66,"column":43},"end":{"line":80,"column":3}}},"9":{"name":"(anonymous_18)","decl":{"start":{"line":82,"column":21},"end":{"line":82,"column":24}},"loc":{"start":{"line":82,"column":26},"end":{"line":94,"column":3}}},"10":{"name":"(anonymous_19)","decl":{"start":{"line":84,"column":45},"end":{"line":84,"column":50}},"loc":{"start":{"line":84,"column":54},"end":{"line":84,"column":87}}},"11":{"name":"(anonymous_20)","decl":{"start":{"line":111,"column":24},"end":{"line":111,"column":25}},"loc":{"start":{"line":111,"column":31},"end":{"line":111,"column":61}}},"12":{"name":"(anonymous_21)","decl":{"start":{"line":117,"column":25},"end":{"line":117,"column":28}},"loc":{"start":{"line":117,"column":31},"end":{"line":117,"column":49}}},"13":{"name":"(anonymous_22)","decl":{"start":{"line":173,"column":37},"end":{"line":173,"column":38}},"loc":{"start":{"line":174,"column":20},"end":{"line":175,"column":null}}},"14":{"name":"(anonymous_23)","decl":{"start":{"line":194,"column":37},"end":{"line":194,"column":40}},"loc":{"start":{"line":194,"column":43},"end":{"line":194,"column":60}}},"15":{"name":"(anonymous_24)","decl":{"start":{"line":196,"column":39},"end":{"line":196,"column":40}},"loc":{"start":{"line":196,"column":45},"end":{"line":201,"column":29}}},"16":{"name":"(anonymous_25)","decl":{"start":{"line":232,"column":35},"end":{"line":232,"column":38}},"loc":{"start":{"line":232,"column":41},"end":{"line":232,"column":72}}}},"branchMap":{"0":{"loc":{"start":{"line":30,"column":6},"end":{"line":35,"column":7}},"type":"if","locations":[{"start":{"line":30,"column":6},"end":{"line":35,"column":7}},{"start":{"line":32,"column":13},"end":{"line":35,"column":7}}]},"1":{"loc":{"start":{"line":32,"column":13},"end":{"line":35,"column":7}},"type":"if","locations":[{"start":{"line":32,"column":13},"end":{"line":35,"column":7}}]},"2":{"loc":{"start":{"line":53,"column":4},"end":{"line":55,"column":5}},"type":"if","locations":[{"start":{"line":53,"column":4},"end":{"line":55,"column":5}}]},"3":{"loc":{"start":{"line":59,"column":4},"end":{"line":63,"column":5}},"type":"if","locations":[{"start":{"line":59,"column":4},"end":{"line":63,"column":5}},{"start":{"line":61,"column":11},"end":{"line":63,"column":5}}]},"4":{"loc":{"start":{"line":68,"column":4},"end":{"line":79,"column":5}},"type":"if","locations":[{"start":{"line":68,"column":4},"end":{"line":79,"column":5}}]},"5":{"loc":{"start":{"line":68,"column":8},"end":{"line":68,"column":59}},"type":"binary-expr","locations":[{"start":{"line":68,"column":8},"end":{"line":68,"column":37}},{"start":{"line":68,"column":41},"end":{"line":68,"column":59}}]},"6":{"loc":{"start":{"line":74,"column":18},"end":{"line":74,"column":38}},"type":"binary-expr","locations":[{"start":{"line":74,"column":18},"end":{"line":74,"column":32}},{"start":{"line":74,"column":36},"end":{"line":74,"column":38}}]},"7":{"loc":{"start":{"line":91,"column":4},"end":{"line":93,"column":5}},"type":"if","locations":[{"start":{"line":91,"column":4},"end":{"line":93,"column":5}}]},"8":{"loc":{"start":{"line":91,"column":8},"end":{"line":91,"column":85}},"type":"binary-expr","locations":[{"start":{"line":91,"column":8},"end":{"line":91,"column":30}},{"start":{"line":91,"column":34},"end":{"line":91,"column":63}},{"start":{"line":91,"column":67},"end":{"line":91,"column":85}}]},"9":{"loc":{"start":{"line":114,"column":13},"end":{"line":121,"column":null}},"type":"binary-expr","locations":[{"start":{"line":114,"column":13},"end":{"line":114,"column":24}},{"start":{"line":115,"column":14},"end":{"line":120,"column":null}}]},"10":{"loc":{"start":{"line":128,"column":22},"end":{"line":128,"column":56}},"type":"binary-expr","locations":[{"start":{"line":128,"column":22},"end":{"line":128,"column":33}},{"start":{"line":128,"column":37},"end":{"line":128,"column":56}}]},"11":{"loc":{"start":{"line":131,"column":13},"end":{"line":131,"column":56}},"type":"cond-expr","locations":[{"start":{"line":131,"column":27},"end":{"line":131,"column":41}},{"start":{"line":131,"column":44},"end":{"line":131,"column":56}}]},"12":{"loc":{"start":{"line":137,"column":9},"end":{"line":246,"column":null}},"type":"binary-expr","locations":[{"start":{"line":137,"column":9},"end":{"line":137,"column":20}},{"start":{"line":138,"column":10},"end":{"line":245,"column":null}}]},"13":{"loc":{"start":{"line":147,"column":27},"end":{"line":147,"column":82}},"type":"binary-expr","locations":[{"start":{"line":147,"column":27},"end":{"line":147,"column":51}},{"start":{"line":147,"column":55},"end":{"line":147,"column":82}}]},"14":{"loc":{"start":{"line":150,"column":15},"end":{"line":158,"column":null}},"type":"binary-expr","locations":[{"start":{"line":150,"column":15},"end":{"line":150,"column":40}},{"start":{"line":151,"column":16},"end":{"line":157,"column":null}}]},"15":{"loc":{"start":{"line":162,"column":13},"end":{"line":244,"column":null}},"type":"cond-expr","locations":[{"start":{"line":163,"column":14},"end":{"line":168,"column":null}},{"start":{"line":171,"column":14},"end":{"line":243,"column":null}}]},"16":{"loc":{"start":{"line":178,"column":24},"end":{"line":178,"column":76}},"type":"binary-expr","locations":[{"start":{"line":178,"column":24},"end":{"line":178,"column":58}},{"start":{"line":178,"column":62},"end":{"line":178,"column":76}}]},"17":{"loc":{"start":{"line":187,"column":33},"end":{"line":187,"column":125}},"type":"binary-expr","locations":[{"start":{"line":187,"column":33},"end":{"line":187,"column":48}},{"start":{"line":187,"column":52},"end":{"line":187,"column":125}}]},"18":{"loc":{"start":{"line":197,"column":30},"end":{"line":200,"column":31}},"type":"if","locations":[{"start":{"line":197,"column":30},"end":{"line":200,"column":31}}]},"19":{"loc":{"start":{"line":197,"column":34},"end":{"line":197,"column":68}},"type":"binary-expr","locations":[{"start":{"line":197,"column":34},"end":{"line":197,"column":51}},{"start":{"line":197,"column":55},"end":{"line":197,"column":68}}]},"20":{"loc":{"start":{"line":227,"column":48},"end":{"line":227,"column":77}},"type":"cond-expr","locations":[{"start":{"line":227,"column":69},"end":{"line":227,"column":72}},{"start":{"line":227,"column":75},"end":{"line":227,"column":77}}]},"21":{"loc":{"start":{"line":234,"column":27},"end":{"line":237,"column":null}},"type":"cond-expr","locations":[{"start":{"line":235,"column":28},"end":{"line":235,"column":57}},{"start":{"line":237,"column":28},"end":{"line":237,"column":56}}]}},"s":{"0":2,"1":2,"2":2,"3":2,"4":2,"5":2,"6":2,"7":2,"8":2,"9":6,"10":6,"11":6,"12":6,"13":6,"14":6,"15":6,"16":0,"17":0,"18":0,"19":0,"20":0,"21":6,"22":6,"23":6,"24":0,"25":0,"26":0,"27":0,"28":0,"29":6,"30":0,"31":0,"32":0,"33":6,"34":0,"35":0,"36":0,"37":0,"38":6,"39":0,"40":0,"41":0,"42":6,"43":0,"44":0,"45":0,"46":0,"47":0,"48":0,"49":6,"50":0,"51":0,"52":0,"53":0,"54":0,"55":0,"56":0,"57":0,"58":2},"f":{"0":6,"1":6,"2":0,"3":6,"4":0,"5":0,"6":0,"7":0,"8":0,"9":0,"10":0,"11":0,"12":0,"13":0,"14":0,"15":0,"16":0},"b":{"0":[0,0],"1":[0],"2":[0],"3":[0,0],"4":[0],"5":[0,0],"6":[0,0],"7":[0],"8":[0,0,0],"9":[6,0],"10":[6,6],"11":[0,6],"12":[6,0],"13":[0,0],"14":[0,0],"15":[0,0],"16":[0,0],"17":[0,0],"18":[0],"19":[0,0],"20":[0,0],"21":[0,0]}}
,"C:\\Users\\Jordan\\Desktop\\FlowyMusic-main\\src\\components\\UploadMusic.tsx": {"path":"C:\\Users\\Jordan\\Desktop\\FlowyMusic-main\\src\\components\\UploadMusic.tsx","statementMap":{"0":{"start":{"line":2,"column":0},"end":{"line":2,"column":26}},"1":{"start":{"line":3,"column":0},"end":{"line":3,"column":56}},"2":{"start":{"line":4,"column":0},"end":{"line":4,"column":33}},"3":{"start":{"line":5,"column":0},"end":{"line":5,"column":49}},"4":{"start":{"line":6,"column":0},"end":{"line":6,"column":49}},"5":{"start":{"line":7,"column":0},"end":{"line":7,"column":47}},"6":{"start":{"line":8,"column":0},"end":{"line":8,"column":55}},"7":{"start":{"line":9,"column":0},"end":{"line":9,"column":57}},"8":{"start":{"line":15,"column":20},"end":{"line":93,"column":1}},"9":{"start":{"line":28,"column":6},"end":{"line":28,"column":22}},"10":{"start":{"line":31,"column":2},"end":{"line":33,"column":3}},"11":{"start":{"line":32,"column":4},"end":{"line":32,"column":80}},"12":{"start":{"line":35,"column":2},"end":{"line":92,"column":4}},"13":{"start":{"line":95,"column":0},"end":{"line":95,"column":27}}},"fnMap":{"0":{"name":"(anonymous_1)","decl":{"start":{"line":15,"column":20},"end":{"line":15,"column":21}},"loc":{"start":{"line":15,"column":56},"end":{"line":93,"column":1}}}},"branchMap":{"0":{"loc":{"start":{"line":31,"column":2},"end":{"line":33,"column":3}},"type":"if","locations":[{"start":{"line":31,"column":2},"end":{"line":33,"column":3}}]},"1":{"loc":{"start":{"line":52,"column":13},"end":{"line":84,"column":null}},"type":"cond-expr","locations":[{"start":{"line":53,"column":14},"end":{"line":54,"column":null}},{"start":{"line":67,"column":14},"end":{"line":68,"column":null}}]},"2":{"loc":{"start":{"line":81,"column":28},"end":{"line":81,"column":48}},"type":"binary-expr","locations":[{"start":{"line":81,"column":28},"end":{"line":81,"column":42}},{"start":{"line":81,"column":46},"end":{"line":81,"column":48}}]}},"s":{"0":1,"1":1,"2":1,"3":1,"4":1,"5":1,"6":1,"7":1,"8":1,"9":9,"10":1,"11":0,"12":1,"13":1},"f":{"0":9},"b":{"0":[0],"1":[1,0],"2":[0,0]}}
,"C:\\Users\\Jordan\\Desktop\\FlowyMusic-main\\src\\components\\UserMusicLibrary.tsx": {"path":"C:\\Users\\Jordan\\Desktop\\FlowyMusic-main\\src\\components\\UserMusicLibrary.tsx","statementMap":{"0":{"start":{"line":2,"column":0},"end":{"line":2,"column":26}},"1":{"start":{"line":3,"column":0},"end":{"line":3,"column":37}},"2":{"start":{"line":5,"column":25},"end":{"line":17,"column":1}},"3":{"start":{"line":6,"column":2},"end":{"line":16,"column":4}},"4":{"start":{"line":19,"column":0},"end":{"line":19,"column":32}}},"fnMap":{"0":{"name":"(anonymous_1)","decl":{"start":{"line":5,"column":25},"end":{"line":5,"column":28}},"loc":{"start":{"line":5,"column":30},"end":{"line":17,"column":1}}}},"branchMap":{},"s":{"0":1,"1":1,"2":1,"3":3,"4":1},"f":{"0":3},"b":{}}
,"C:\\Users\\Jordan\\Desktop\\FlowyMusic-main\\src\\components\\UserNav.tsx": {"path":"C:\\Users\\Jordan\\Desktop\\FlowyMusic-main\\src\\components\\UserNav.tsx","statementMap":{"0":{"start":{"line":1,"column":0},"end":{"line":1,"column":26}},"1":{"start":{"line":2,"column":0},"end":{"line":2,"column":53}},"2":{"start":{"line":3,"column":0},"end":{"line":3,"column":49}},"3":{"start":{"line":4,"column":0},"end":{"line":4,"column":48}},"4":{"start":{"line":5,"column":0},"end":{"line":5,"column":77}},"5":{"start":{"line":6,"column":0},"end":{"line":6,"column":null}},"6":{"start":{"line":14,"column":0},"end":{"line":14,"column":61}},"7":{"start":{"line":16,"column":16},"end":{"line":91,"column":1}},"8":{"start":{"line":17,"column":44},"end":{"line":17,"column":53}},"9":{"start":{"line":18,"column":19},"end":{"line":18,"column":32}},"10":{"start":{"line":20,"column":23},"end":{"line":23,"column":3}},"11":{"start":{"line":21,"column":4},"end":{"line":21,"column":13}},"12":{"start":{"line":22,"column":4},"end":{"line":22,"column":18}},"13":{"start":{"line":25,"column":2},"end":{"line":47,"column":3}},"14":{"start":{"line":26,"column":4},"end":{"line":46,"column":6}},"15":{"start":{"line":32,"column":25},"end":{"line":32,"column":42}},"16":{"start":{"line":41,"column":25},"end":{"line":41,"column":55}},"17":{"start":{"line":49,"column":2},"end":{"line":90,"column":4}},"18":{"start":{"line":71,"column":41},"end":{"line":71,"column":61}},"19":{"start":{"line":75,"column":41},"end":{"line":75,"column":68}},"20":{"start":{"line":79,"column":41},"end":{"line":79,"column":54}},"21":{"start":{"line":93,"column":0},"end":{"line":93,"column":23}}},"fnMap":{"0":{"name":"(anonymous_1)","decl":{"start":{"line":16,"column":16},"end":{"line":16,"column":19}},"loc":{"start":{"line":16,"column":21},"end":{"line":91,"column":1}}},"1":{"name":"(anonymous_2)","decl":{"start":{"line":20,"column":23},"end":{"line":20,"column":26}},"loc":{"start":{"line":20,"column":28},"end":{"line":23,"column":3}}},"2":{"name":"(anonymous_3)","decl":{"start":{"line":32,"column":19},"end":{"line":32,"column":22}},"loc":{"start":{"line":32,"column":25},"end":{"line":32,"column":42}}},"3":{"name":"(anonymous_4)","decl":{"start":{"line":41,"column":19},"end":{"line":41,"column":22}},"loc":{"start":{"line":41,"column":25},"end":{"line":41,"column":55}}},"4":{"name":"(anonymous_5)","decl":{"start":{"line":71,"column":35},"end":{"line":71,"column":38}},"loc":{"start":{"line":71,"column":41},"end":{"line":71,"column":61}}},"5":{"name":"(anonymous_6)","decl":{"start":{"line":75,"column":35},"end":{"line":75,"column":38}},"loc":{"start":{"line":75,"column":41},"end":{"line":75,"column":68}}},"6":{"name":"(anonymous_7)","decl":{"start":{"line":79,"column":35},"end":{"line":79,"column":38}},"loc":{"start":{"line":79,"column":41},"end":{"line":79,"column":54}}}},"branchMap":{"0":{"loc":{"start":{"line":25,"column":2},"end":{"line":47,"column":3}},"type":"if","locations":[{"start":{"line":25,"column":2},"end":{"line":47,"column":3}}]}},"s":{"0":3,"1":3,"2":3,"3":3,"4":3,"5":3,"6":3,"7":3,"8":16,"9":16,"10":16,"11":0,"12":0,"13":16,"14":14,"15":1,"16":1,"17":2,"18":0,"19":0,"20":0,"21":3},"f":{"0":16,"1":0,"2":1,"3":1,"4":0,"5":0,"6":0},"b":{"0":[14]}}
,"C:\\Users\\Jordan\\Desktop\\FlowyMusic-main\\src\\components\\WaveformPlayer.tsx": {"path":"C:\\Users\\Jordan\\Desktop\\FlowyMusic-main\\src\\components\\WaveformPlayer.tsx","statementMap":{"0":{"start":{"line":2,"column":0},"end":{"line":2,"column":59}},"1":{"start":{"line":3,"column":0},"end":{"line":3,"column":39}},"2":{"start":{"line":4,"column":0},"end":{"line":4,"column":33}},"3":{"start":{"line":20,"column":23},"end":{"line":132,"column":1}},"4":{"start":{"line":33,"column":22},"end":{"line":33,"column":50}},"5":{"start":{"line":34,"column":21},"end":{"line":34,"column":52}},"6":{"start":{"line":35,"column":32},"end":{"line":35,"column":47}},"7":{"start":{"line":38,"column":2},"end":{"line":109,"column":17}},"8":{"start":{"line":39,"column":4},"end":{"line":102,"column":5}},"9":{"start":{"line":40,"column":6},"end":{"line":40,"column":23}},"10":{"start":{"line":43,"column":6},"end":{"line":45,"column":7}},"11":{"start":{"line":44,"column":8},"end":{"line":44,"column":37}},"12":{"start":{"line":48,"column":17},"end":{"line":65,"column":8}},"13":{"start":{"line":67,"column":6},"end":{"line":67,"column":30}},"14":{"start":{"line":70,"column":27},"end":{"line":70,"column":58}},"15":{"start":{"line":71,"column":6},"end":{"line":71,"column":36}},"16":{"start":{"line":72,"column":6},"end":{"line":72,"column":32}},"17":{"start":{"line":73,"column":6},"end":{"line":73,"column":34}},"18":{"start":{"line":75,"column":6},"end":{"line":82,"column":9}},"19":{"start":{"line":76,"column":8},"end":{"line":76,"column":26}},"20":{"start":{"line":78,"column":8},"end":{"line":80,"column":9}},"21":{"start":{"line":79,"column":10},"end":{"line":79,"column":42}},"22":{"start":{"line":81,"column":8},"end":{"line":81,"column":31}},"23":{"start":{"line":81,"column":21},"end":{"line":81,"column":31}},"24":{"start":{"line":84,"column":6},"end":{"line":86,"column":9}},"25":{"start":{"line":85,"column":8},"end":{"line":85,"column":29}},"26":{"start":{"line":85,"column":20},"end":{"line":85,"column":29}},"27":{"start":{"line":88,"column":6},"end":{"line":90,"column":9}},"28":{"start":{"line":89,"column":8},"end":{"line":89,"column":31}},"29":{"start":{"line":89,"column":21},"end":{"line":89,"column":31}},"30":{"start":{"line":92,"column":6},"end":{"line":94,"column":9}},"31":{"start":{"line":93,"column":8},"end":{"line":93,"column":33}},"32":{"start":{"line":93,"column":22},"end":{"line":93,"column":33}},"33":{"start":{"line":96,"column":6},"end":{"line":98,"column":9}},"34":{"start":{"line":97,"column":8},"end":{"line":97,"column":67}},"35":{"start":{"line":97,"column":20},"end":{"line":97,"column":67}},"36":{"start":{"line":101,"column":6},"end":{"line":101,"column":24}},"37":{"start":{"line":104,"column":4},"end":{"line":108,"column":6}},"38":{"start":{"line":105,"column":6},"end":{"line":107,"column":7}},"39":{"start":{"line":106,"column":8},"end":{"line":106,"column":37}},"40":{"start":{"line":112,"column":2},"end":{"line":120,"column":16}},"41":{"start":{"line":113,"column":4},"end":{"line":119,"column":5}},"42":{"start":{"line":114,"column":6},"end":{"line":118,"column":7}},"43":{"start":{"line":115,"column":8},"end":{"line":115,"column":34}},"44":{"start":{"line":117,"column":8},"end":{"line":117,"column":35}},"45":{"start":{"line":122,"column":2},"end":{"line":131,"column":4}},"46":{"start":{"line":134,"column":0},"end":{"line":134,"column":30}}},"fnMap":{"0":{"name":"(anonymous_10)","decl":{"start":{"line":20,"column":23},"end":{"line":20,"column":24}},"loc":{"start":{"line":32,"column":26},"end":{"line":132,"column":1}}},"1":{"name":"(anonymous_11)","decl":{"start":{"line":38,"column":12},"end":{"line":38,"column":15}},"loc":{"start":{"line":38,"column":17},"end":{"line":109,"column":3}}},"2":{"name":"(anonymous_12)","decl":{"start":{"line":75,"column":21},"end":{"line":75,"column":24}},"loc":{"start":{"line":75,"column":26},"end":{"line":82,"column":7}}},"3":{"name":"(anonymous_13)","decl":{"start":{"line":84,"column":20},"end":{"line":84,"column":23}},"loc":{"start":{"line":84,"column":25},"end":{"line":86,"column":7}}},"4":{"name":"(anonymous_14)","decl":{"start":{"line":88,"column":21},"end":{"line":88,"column":24}},"loc":{"start":{"line":88,"column":26},"end":{"line":90,"column":7}}},"5":{"name":"(anonymous_15)","decl":{"start":{"line":92,"column":22},"end":{"line":92,"column":25}},"loc":{"start":{"line":92,"column":27},"end":{"line":94,"column":7}}},"6":{"name":"(anonymous_16)","decl":{"start":{"line":96,"column":23},"end":{"line":96,"column":26}},"loc":{"start":{"line":96,"column":28},"end":{"line":98,"column":7}}},"7":{"name":"(anonymous_17)","decl":{"start":{"line":104,"column":11},"end":{"line":104,"column":14}},"loc":{"start":{"line":104,"column":16},"end":{"line":108,"column":5}}},"8":{"name":"(anonymous_18)","decl":{"start":{"line":112,"column":12},"end":{"line":112,"column":15}},"loc":{"start":{"line":112,"column":17},"end":{"line":120,"column":3}}}},"branchMap":{"0":{"loc":{"start":{"line":28,"column":2},"end":{"line":28,"column":13}},"type":"default-arg","locations":[{"start":{"line":28,"column":11},"end":{"line":28,"column":13}}]},"1":{"loc":{"start":{"line":29,"column":2},"end":{"line":29,"column":40}},"type":"default-arg","locations":[{"start":{"line":29,"column":14},"end":{"line":29,"column":40}}]},"2":{"loc":{"start":{"line":30,"column":2},"end":{"line":30,"column":44}},"type":"default-arg","locations":[{"start":{"line":30,"column":18},"end":{"line":30,"column":44}}]},"3":{"loc":{"start":{"line":39,"column":4},"end":{"line":102,"column":5}},"type":"if","locations":[{"start":{"line":39,"column":4},"end":{"line":102,"column":5}}]},"4":{"loc":{"start":{"line":39,"column":8},"end":{"line":39,"column":39}},"type":"binary-expr","locations":[{"start":{"line":39,"column":8},"end":{"line":39,"column":27}},{"start":{"line":39,"column":31},"end":{"line":39,"column":39}}]},"5":{"loc":{"start":{"line":43,"column":6},"end":{"line":45,"column":7}},"type":"if","locations":[{"start":{"line":43,"column":6},"end":{"line":45,"column":7}}]},"6":{"loc":{"start":{"line":78,"column":8},"end":{"line":80,"column":9}},"type":"if","locations":[{"start":{"line":78,"column":8},"end":{"line":80,"column":9}}]},"7":{"loc":{"start":{"line":81,"column":8},"end":{"line":81,"column":31}},"type":"if","locations":[{"start":{"line":81,"column":8},"end":{"line":81,"column":31}}]},"8":{"loc":{"start":{"line":85,"column":8},"end":{"line":85,"column":29}},"type":"if","locations":[{"start":{"line":85,"column":8},"end":{"line":85,"column":29}}]},"9":{"loc":{"start":{"line":89,"column":8},"end":{"line":89,"column":31}},"type":"if","locations":[{"start":{"line":89,"column":8},"end":{"line":89,"column":31}}]},"10":{"loc":{"start":{"line":93,"column":8},"end":{"line":93,"column":33}},"type":"if","locations":[{"start":{"line":93,"column":8},"end":{"line":93,"column":33}}]},"11":{"loc":{"start":{"line":97,"column":8},"end":{"line":97,"column":67}},"type":"if","locations":[{"start":{"line":97,"column":8},"end":{"line":97,"column":67}}]},"12":{"loc":{"start":{"line":105,"column":6},"end":{"line":107,"column":7}},"type":"if","locations":[{"start":{"line":105,"column":6},"end":{"line":107,"column":7}}]},"13":{"loc":{"start":{"line":113,"column":4},"end":{"line":119,"column":5}},"type":"if","locations":[{"start":{"line":113,"column":4},"end":{"line":119,"column":5}}]},"14":{"loc":{"start":{"line":114,"column":6},"end":{"line":118,"column":7}},"type":"if","locations":[{"start":{"line":114,"column":6},"end":{"line":118,"column":7}},{"start":{"line":116,"column":13},"end":{"line":118,"column":7}}]},"15":{"loc":{"start":{"line":125,"column":7},"end":{"line":128,"column":null}},"type":"binary-expr","locations":[{"start":{"line":125,"column":7},"end":{"line":125,"column":14}},{"start":{"line":126,"column":8},"end":{"line":127,"column":null}}]}},"s":{"0":3,"1":3,"2":3,"3":3,"4":8,"5":8,"6":8,"7":8,"8":8,"9":2,"10":2,"11":0,"12":2,"13":2,"14":2,"15":2,"16":2,"17":2,"18":2,"19":0,"20":0,"21":0,"22":0,"23":0,"24":2,"25":0,"26":0,"27":2,"28":0,"29":0,"30":2,"31":0,"32":0,"33":2,"34":0,"35":0,"36":2,"37":6,"38":6,"39":0,"40":8,"41":6,"42":0,"43":0,"44":0,"45":8,"46":3},"f":{"0":8,"1":8,"2":0,"3":0,"4":0,"5":0,"6":0,"7":6,"8":6},"b":{"0":[0],"1":[0],"2":[0],"3":[2],"4":[8,8],"5":[0],"6":[0],"7":[0],"8":[0],"9":[0],"10":[0],"11":[0],"12":[0],"13":[0],"14":[0,0],"15":[8,0]}}
,"C:\\Users\\Jordan\\Desktop\\FlowyMusic-main\\src\\components\\instruments\\DrumPad.tsx": {"path":"C:\\Users\\Jordan\\Desktop\\FlowyMusic-main\\src\\components\\instruments\\DrumPad.tsx","statementMap":{"0":{"start":{"line":2,"column":0},"end":{"line":2,"column":49}},"1":{"start":{"line":3,"column":0},"end":{"line":3,"column":33}},"2":{"start":{"line":4,"column":0},"end":{"line":4,"column":48}},"3":{"start":{"line":11,"column":16},"end":{"line":105,"column":1}},"4":{"start":{"line":12,"column":20},"end":{"line":12,"column":74}},"5":{"start":{"line":14,"column":21},"end":{"line":23,"column":4}},"6":{"start":{"line":25,"column":2},"end":{"line":53,"column":9}},"7":{"start":{"line":27,"column":47},"end":{"line":36,"column":6}},"8":{"start":{"line":38,"column":4},"end":{"line":42,"column":7}},"9":{"start":{"line":39,"column":20},"end":{"line":39,"column":47}},"10":{"start":{"line":40,"column":6},"end":{"line":40,"column":29}},"11":{"start":{"line":41,"column":6},"end":{"line":41,"column":38}},"12":{"start":{"line":45,"column":4},"end":{"line":52,"column":6}},"13":{"start":{"line":46,"column":6},"end":{"line":51,"column":9}},"14":{"start":{"line":47,"column":8},"end":{"line":50,"column":9}},"15":{"start":{"line":48,"column":10},"end":{"line":48,"column":24}},"16":{"start":{"line":49,"column":10},"end":{"line":49,"column":25}},"17":{"start":{"line":55,"column":20},"end":{"line":63,"column":3}},"18":{"start":{"line":56,"column":18},"end":{"line":56,"column":41}},"19":{"start":{"line":58,"column":4},"end":{"line":62,"column":5}},"20":{"start":{"line":59,"column":6},"end":{"line":59,"column":28}},"21":{"start":{"line":60,"column":6},"end":{"line":60,"column":19}},"22":{"start":{"line":61,"column":6},"end":{"line":61,"column":39}},"23":{"start":{"line":61,"column":22},"end":{"line":61,"column":39}},"24":{"start":{"line":65,"column":24},"end":{"line":72,"column":3}},"25":{"start":{"line":66,"column":16},"end":{"line":66,"column":39}},"26":{"start":{"line":67,"column":22},"end":{"line":67,"column":79}},"27":{"start":{"line":67,"column":47},"end":{"line":67,"column":78}},"28":{"start":{"line":69,"column":4},"end":{"line":71,"column":5}},"29":{"start":{"line":70,"column":6},"end":{"line":70,"column":32}},"30":{"start":{"line":74,"column":2},"end":{"line":79,"column":9}},"31":{"start":{"line":75,"column":4},"end":{"line":75,"column":54}},"32":{"start":{"line":76,"column":4},"end":{"line":78,"column":6}},"33":{"start":{"line":77,"column":6},"end":{"line":77,"column":59}},"34":{"start":{"line":81,"column":2},"end":{"line":104,"column":4}},"35":{"start":{"line":85,"column":10},"end":{"line":86,"column":null}},"36":{"start":{"line":95,"column":27},"end":{"line":95,"column":42}},"37":{"start":{"line":107,"column":0},"end":{"line":107,"column":23}}},"fnMap":{"0":{"name":"(anonymous_9)","decl":{"start":{"line":11,"column":16},"end":{"line":11,"column":17}},"loc":{"start":{"line":11,"column":60},"end":{"line":105,"column":1}}},"1":{"name":"(anonymous_10)","decl":{"start":{"line":25,"column":12},"end":{"line":25,"column":15}},"loc":{"start":{"line":25,"column":17},"end":{"line":53,"column":3}}},"2":{"name":"(anonymous_11)","decl":{"start":{"line":38,"column":23},"end":{"line":38,"column":24}},"loc":{"start":{"line":38,"column":36},"end":{"line":42,"column":5}}},"3":{"name":"(anonymous_12)","decl":{"start":{"line":45,"column":11},"end":{"line":45,"column":14}},"loc":{"start":{"line":45,"column":16},"end":{"line":52,"column":5}}},"4":{"name":"(anonymous_13)","decl":{"start":{"line":46,"column":47},"end":{"line":46,"column":52}},"loc":{"start":{"line":46,"column":55},"end":{"line":51,"column":7}}},"5":{"name":"(anonymous_14)","decl":{"start":{"line":55,"column":20},"end":{"line":55,"column":21}},"loc":{"start":{"line":55,"column":37},"end":{"line":63,"column":3}}},"6":{"name":"(anonymous_15)","decl":{"start":{"line":65,"column":24},"end":{"line":65,"column":25}},"loc":{"start":{"line":65,"column":49},"end":{"line":72,"column":3}}},"7":{"name":"(anonymous_16)","decl":{"start":{"line":67,"column":38},"end":{"line":67,"column":43}},"loc":{"start":{"line":67,"column":47},"end":{"line":67,"column":78}}},"8":{"name":"(anonymous_17)","decl":{"start":{"line":74,"column":12},"end":{"line":74,"column":15}},"loc":{"start":{"line":74,"column":17},"end":{"line":79,"column":3}}},"9":{"name":"(anonymous_18)","decl":{"start":{"line":76,"column":11},"end":{"line":76,"column":14}},"loc":{"start":{"line":76,"column":16},"end":{"line":78,"column":5}}},"10":{"name":"(anonymous_19)","decl":{"start":{"line":84,"column":24},"end":{"line":84,"column":25}},"loc":{"start":{"line":85,"column":10},"end":{"line":86,"column":null}}},"11":{"name":"(anonymous_20)","decl":{"start":{"line":95,"column":21},"end":{"line":95,"column":24}},"loc":{"start":{"line":95,"column":27},"end":{"line":95,"column":42}}}},"branchMap":{"0":{"loc":{"start":{"line":47,"column":8},"end":{"line":50,"column":9}},"type":"if","locations":[{"start":{"line":47,"column":8},"end":{"line":50,"column":9}}]},"1":{"loc":{"start":{"line":58,"column":4},"end":{"line":62,"column":5}},"type":"if","locations":[{"start":{"line":58,"column":4},"end":{"line":62,"column":5}}]},"2":{"loc":{"start":{"line":61,"column":6},"end":{"line":61,"column":39}},"type":"if","locations":[{"start":{"line":61,"column":6},"end":{"line":61,"column":39}}]},"3":{"loc":{"start":{"line":69,"column":4},"end":{"line":71,"column":5}},"type":"if","locations":[{"start":{"line":69,"column":4},"end":{"line":71,"column":5}}]}},"s":{"0":1,"1":1,"2":1,"3":1,"4":7,"5":7,"6":7,"7":7,"8":7,"9":56,"10":56,"11":56,"12":7,"13":7,"14":56,"15":56,"16":56,"17":7,"18":2,"19":2,"20":2,"21":2,"22":2,"23":0,"24":7,"25":4,"26":4,"27":32,"28":4,"29":0,"30":7,"31":7,"32":7,"33":7,"34":7,"35":56,"36":2,"37":1},"f":{"0":7,"1":7,"2":56,"3":7,"4":56,"5":2,"6":4,"7":32,"8":7,"9":7,"10":56,"11":2},"b":{"0":[56],"1":[2],"2":[0],"3":[0]}}
,"C:\\Users\\Jordan\\Desktop\\FlowyMusic-main\\src\\components\\instruments\\MusicImporter.tsx": {"path":"C:\\Users\\Jordan\\Desktop\\FlowyMusic-main\\src\\components\\instruments\\MusicImporter.tsx","statementMap":{"0":{"start":{"line":2,"column":0},"end":{"line":2,"column":48}},"1":{"start":{"line":3,"column":0},"end":{"line":3,"column":45}},"2":{"start":{"line":4,"column":0},"end":{"line":4,"column":48}},"3":{"start":{"line":5,"column":0},"end":{"line":5,"column":46}},"4":{"start":{"line":6,"column":0},"end":{"line":6,"column":33}},"5":{"start":{"line":7,"column":0},"end":{"line":7,"column":31}},"6":{"start":{"line":14,"column":22},"end":{"line":95,"column":1}},"7":{"start":{"line":15,"column":23},"end":{"line":15,"column":53}},"8":{"start":{"line":17,"column":28},"end":{"line":21,"column":3}},"9":{"start":{"line":18,"column":4},"end":{"line":20,"column":5}},"10":{"start":{"line":19,"column":6},"end":{"line":19,"column":35}},"11":{"start":{"line":23,"column":27},"end":{"line":51,"column":3}},"12":{"start":{"line":24,"column":18},"end":{"line":24,"column":32}},"13":{"start":{"line":25,"column":4},"end":{"line":50,"column":5}},"14":{"start":{"line":26,"column":19},"end":{"line":26,"column":27}},"15":{"start":{"line":29,"column":6},"end":{"line":34,"column":7}},"16":{"start":{"line":30,"column":8},"end":{"line":32,"column":11}},"17":{"start":{"line":33,"column":8},"end":{"line":33,"column":15}},"18":{"start":{"line":37,"column":6},"end":{"line":42,"column":7}},"19":{"start":{"line":38,"column":8},"end":{"line":40,"column":11}},"20":{"start":{"line":41,"column":8},"end":{"line":41,"column":15}},"21":{"start":{"line":44,"column":6},"end":{"line":49,"column":7}},"22":{"start":{"line":45,"column":8},"end":{"line":45,"column":41}},"23":{"start":{"line":46,"column":8},"end":{"line":48,"column":11}},"24":{"start":{"line":53,"column":2},"end":{"line":94,"column":4}},"25":{"start":{"line":97,"column":0},"end":{"line":97,"column":29}}},"fnMap":{"0":{"name":"(anonymous_9)","decl":{"start":{"line":14,"column":22},"end":{"line":14,"column":23}},"loc":{"start":{"line":14,"column":77},"end":{"line":95,"column":1}}},"1":{"name":"(anonymous_10)","decl":{"start":{"line":17,"column":28},"end":{"line":17,"column":31}},"loc":{"start":{"line":17,"column":33},"end":{"line":21,"column":3}}},"2":{"name":"(anonymous_11)","decl":{"start":{"line":23,"column":27},"end":{"line":23,"column":28}},"loc":{"start":{"line":23,"column":70},"end":{"line":51,"column":3}}}},"branchMap":{"0":{"loc":{"start":{"line":18,"column":4},"end":{"line":20,"column":5}},"type":"if","locations":[{"start":{"line":18,"column":4},"end":{"line":20,"column":5}}]},"1":{"loc":{"start":{"line":25,"column":4},"end":{"line":50,"column":5}},"type":"if","locations":[{"start":{"line":25,"column":4},"end":{"line":50,"column":5}}]},"2":{"loc":{"start":{"line":25,"column":8},"end":{"line":25,"column":33}},"type":"binary-expr","locations":[{"start":{"line":25,"column":8},"end":{"line":25,"column":13}},{"start":{"line":25,"column":17},"end":{"line":25,"column":33}}]},"3":{"loc":{"start":{"line":29,"column":6},"end":{"line":34,"column":7}},"type":"if","locations":[{"start":{"line":29,"column":6},"end":{"line":34,"column":7}}]},"4":{"loc":{"start":{"line":37,"column":6},"end":{"line":42,"column":7}},"type":"if","locations":[{"start":{"line":37,"column":6},"end":{"line":42,"column":7}}]},"5":{"loc":{"start":{"line":44,"column":6},"end":{"line":49,"column":7}},"type":"if","locations":[{"start":{"line":44,"column":6},"end":{"line":49,"column":7}}]}},"s":{"0":1,"1":1,"2":1,"3":1,"4":1,"5":1,"6":1,"7":0,"8":0,"9":0,"10":0,"11":0,"12":0,"13":0,"14":0,"15":0,"16":0,"17":0,"18":0,"19":0,"20":0,"21":0,"22":0,"23":0,"24":0,"25":1},"f":{"0":0,"1":0,"2":0},"b":{"0":[0],"1":[0],"2":[0,0],"3":[0],"4":[0],"5":[0]}}
,"C:\\Users\\Jordan\\Desktop\\FlowyMusic-main\\src\\components\\instruments\\MusicTrack.tsx": {"path":"C:\\Users\\Jordan\\Desktop\\FlowyMusic-main\\src\\components\\instruments\\MusicTrack.tsx","statementMap":{"0":{"start":{"line":1,"column":0},"end":{"line":1,"column":59}},"1":{"start":{"line":2,"column":0},"end":{"line":2,"column":83}},"2":{"start":{"line":3,"column":0},"end":{"line":3,"column":48}},"3":{"start":{"line":4,"column":0},"end":{"line":4,"column":48}},"4":{"start":{"line":5,"column":0},"end":{"line":5,"column":33}},"5":{"start":{"line":6,"column":0},"end":{"line":6,"column":47}},"6":{"start":{"line":21,"column":19},"end":{"line":222,"column":1}},"7":{"start":{"line":22,"column":36},"end":{"line":22,"column":51}},"8":{"start":{"line":23,"column":30},"end":{"line":23,"column":42}},"9":{"start":{"line":24,"column":36},"end":{"line":24,"column":51}},"10":{"start":{"line":25,"column":36},"end":{"line":25,"column":56}},"11":{"start":{"line":26,"column":44},"end":{"line":26,"column":59}},"12":{"start":{"line":27,"column":34},"end":{"line":27,"column":45}},"13":{"start":{"line":28,"column":40},"end":{"line":28,"column":51}},"14":{"start":{"line":30,"column":19},"end":{"line":30,"column":49}},"15":{"start":{"line":31,"column":19},"end":{"line":31,"column":71}},"16":{"start":{"line":33,"column":2},"end":{"line":42,"column":9}},"17":{"start":{"line":34,"column":4},"end":{"line":41,"column":5}},"18":{"start":{"line":35,"column":6},"end":{"line":37,"column":9}},"19":{"start":{"line":36,"column":8},"end":{"line":36,"column":53}},"20":{"start":{"line":38,"column":6},"end":{"line":40,"column":9}},"21":{"start":{"line":39,"column":8},"end":{"line":39,"column":59}},"22":{"start":{"line":44,"column":21},"end":{"line":48,"column":3}},"23":{"start":{"line":45,"column":20},"end":{"line":45,"column":50}},"24":{"start":{"line":46,"column":20},"end":{"line":46,"column":50}},"25":{"start":{"line":47,"column":4},"end":{"line":47,"column":63}},"26":{"start":{"line":50,"column":27},"end":{"line":53,"column":3}},"27":{"start":{"line":51,"column":22},"end":{"line":51,"column":44}},"28":{"start":{"line":52,"column":4},"end":{"line":52,"column":39}},"29":{"start":{"line":55,"column":21},"end":{"line":64,"column":3}},"30":{"start":{"line":56,"column":4},"end":{"line":63,"column":5}},"31":{"start":{"line":57,"column":6},"end":{"line":61,"column":7}},"32":{"start":{"line":58,"column":8},"end":{"line":58,"column":33}},"33":{"start":{"line":60,"column":8},"end":{"line":60,"column":32}},"34":{"start":{"line":62,"column":6},"end":{"line":62,"column":31}},"35":{"start":{"line":66,"column":29},"end":{"line":72,"column":3}},"36":{"start":{"line":67,"column":22},"end":{"line":67,"column":30}},"37":{"start":{"line":68,"column":4},"end":{"line":68,"column":25}},"38":{"start":{"line":69,"column":4},"end":{"line":71,"column":5}},"39":{"start":{"line":70,"column":6},"end":{"line":70,"column":48}},"40":{"start":{"line":74,"column":23},"end":{"line":78,"column":3}},"41":{"start":{"line":75,"column":4},"end":{"line":77,"column":5}},"42":{"start":{"line":76,"column":6},"end":{"line":76,"column":25}},"43":{"start":{"line":80,"column":23},"end":{"line":85,"column":3}},"44":{"start":{"line":81,"column":4},"end":{"line":84,"column":5}},"45":{"start":{"line":82,"column":6},"end":{"line":82,"column":36}},"46":{"start":{"line":83,"column":6},"end":{"line":83,"column":26}},"47":{"start":{"line":87,"column":21},"end":{"line":100,"column":3}},"48":{"start":{"line":88,"column":4},"end":{"line":88,"column":40}},"49":{"start":{"line":88,"column":21},"end":{"line":88,"column":40}},"50":{"start":{"line":90,"column":4},"end":{"line":99,"column":5}},"51":{"start":{"line":92,"column":8},"end":{"line":92,"column":30}},"52":{"start":{"line":94,"column":8},"end":{"line":94,"column":31}},"53":{"start":{"line":96,"column":8},"end":{"line":96,"column":34}},"54":{"start":{"line":98,"column":8},"end":{"line":98,"column":33}},"55":{"start":{"line":102,"column":30},"end":{"line":104,"column":3}},"56":{"start":{"line":103,"column":4},"end":{"line":103,"column":27}},"57":{"start":{"line":106,"column":29},"end":{"line":110,"column":3}},"58":{"start":{"line":107,"column":4},"end":{"line":109,"column":5}},"59":{"start":{"line":108,"column":6},"end":{"line":108,"column":74}},"60":{"start":{"line":112,"column":28},"end":{"line":114,"column":3}},"61":{"start":{"line":113,"column":4},"end":{"line":113,"column":24}},"62":{"start":{"line":116,"column":2},"end":{"line":221,"column":4}},"63":{"start":{"line":133,"column":33},"end":{"line":133,"column":61}},"64":{"start":{"line":137,"column":18},"end":{"line":137,"column":56}},"65":{"start":{"line":137,"column":41},"end":{"line":137,"column":56}},"66":{"start":{"line":138,"column":18},"end":{"line":138,"column":62}},"67":{"start":{"line":138,"column":42},"end":{"line":138,"column":62}},"68":{"start":{"line":174,"column":27},"end":{"line":174,"column":45}},"69":{"start":{"line":215,"column":23},"end":{"line":215,"column":42}},"70":{"start":{"line":224,"column":0},"end":{"line":224,"column":26}}},"fnMap":{"0":{"name":"(anonymous_10)","decl":{"start":{"line":21,"column":19},"end":{"line":21,"column":20}},"loc":{"start":{"line":21,"column":81},"end":{"line":222,"column":1}}},"1":{"name":"(anonymous_11)","decl":{"start":{"line":33,"column":12},"end":{"line":33,"column":15}},"loc":{"start":{"line":33,"column":17},"end":{"line":42,"column":3}}},"2":{"name":"(anonymous_12)","decl":{"start":{"line":35,"column":58},"end":{"line":35,"column":61}},"loc":{"start":{"line":35,"column":63},"end":{"line":37,"column":7}}},"3":{"name":"(anonymous_13)","decl":{"start":{"line":38,"column":54},"end":{"line":38,"column":57}},"loc":{"start":{"line":38,"column":59},"end":{"line":40,"column":7}}},"4":{"name":"(anonymous_14)","decl":{"start":{"line":44,"column":21},"end":{"line":44,"column":22}},"loc":{"start":{"line":44,"column":47},"end":{"line":48,"column":3}}},"5":{"name":"(anonymous_15)","decl":{"start":{"line":50,"column":27},"end":{"line":50,"column":30}},"loc":{"start":{"line":50,"column":32},"end":{"line":53,"column":3}}},"6":{"name":"(anonymous_16)","decl":{"start":{"line":55,"column":21},"end":{"line":55,"column":24}},"loc":{"start":{"line":55,"column":26},"end":{"line":64,"column":3}}},"7":{"name":"(anonymous_17)","decl":{"start":{"line":66,"column":29},"end":{"line":66,"column":30}},"loc":{"start":{"line":66,"column":49},"end":{"line":72,"column":3}}},"8":{"name":"(anonymous_18)","decl":{"start":{"line":74,"column":23},"end":{"line":74,"column":26}},"loc":{"start":{"line":74,"column":28},"end":{"line":78,"column":3}}},"9":{"name":"(anonymous_19)","decl":{"start":{"line":80,"column":23},"end":{"line":80,"column":26}},"loc":{"start":{"line":80,"column":28},"end":{"line":85,"column":3}}},"10":{"name":"(anonymous_20)","decl":{"start":{"line":87,"column":21},"end":{"line":87,"column":24}},"loc":{"start":{"line":87,"column":26},"end":{"line":100,"column":3}}},"11":{"name":"(anonymous_21)","decl":{"start":{"line":102,"column":30},"end":{"line":102,"column":33}},"loc":{"start":{"line":102,"column":35},"end":{"line":104,"column":3}}},"12":{"name":"(anonymous_22)","decl":{"start":{"line":106,"column":29},"end":{"line":106,"column":30}},"loc":{"start":{"line":106,"column":50},"end":{"line":110,"column":3}}},"13":{"name":"(anonymous_23)","decl":{"start":{"line":112,"column":28},"end":{"line":112,"column":31}},"loc":{"start":{"line":112,"column":33},"end":{"line":114,"column":3}}},"14":{"name":"(anonymous_24)","decl":{"start":{"line":133,"column":26},"end":{"line":133,"column":27}},"loc":{"start":{"line":133,"column":33},"end":{"line":133,"column":61}}},"15":{"name":"(anonymous_25)","decl":{"start":{"line":136,"column":27},"end":{"line":136,"column":28}},"loc":{"start":{"line":136,"column":33},"end":{"line":139,"column":17}}},"16":{"name":"(anonymous_26)","decl":{"start":{"line":174,"column":21},"end":{"line":174,"column":24}},"loc":{"start":{"line":174,"column":27},"end":{"line":174,"column":45}}},"17":{"name":"(anonymous_27)","decl":{"start":{"line":215,"column":17},"end":{"line":215,"column":20}},"loc":{"start":{"line":215,"column":23},"end":{"line":215,"column":42}}}},"branchMap":{"0":{"loc":{"start":{"line":34,"column":4},"end":{"line":41,"column":5}},"type":"if","locations":[{"start":{"line":34,"column":4},"end":{"line":41,"column":5}}]},"1":{"loc":{"start":{"line":36,"column":20},"end":{"line":36,"column":51}},"type":"binary-expr","locations":[{"start":{"line":36,"column":20},"end":{"line":36,"column":46}},{"start":{"line":36,"column":50},"end":{"line":36,"column":51}}]},"2":{"loc":{"start":{"line":39,"column":23},"end":{"line":39,"column":57}},"type":"binary-expr","locations":[{"start":{"line":39,"column":23},"end":{"line":39,"column":52}},{"start":{"line":39,"column":56},"end":{"line":39,"column":57}}]},"3":{"loc":{"start":{"line":56,"column":4},"end":{"line":63,"column":5}},"type":"if","locations":[{"start":{"line":56,"column":4},"end":{"line":63,"column":5}}]},"4":{"loc":{"start":{"line":57,"column":6},"end":{"line":61,"column":7}},"type":"if","locations":[{"start":{"line":57,"column":6},"end":{"line":61,"column":7}},{"start":{"line":59,"column":13},"end":{"line":61,"column":7}}]},"5":{"loc":{"start":{"line":69,"column":4},"end":{"line":71,"column":5}},"type":"if","locations":[{"start":{"line":69,"column":4},"end":{"line":71,"column":5}}]},"6":{"loc":{"start":{"line":75,"column":4},"end":{"line":77,"column":5}},"type":"if","locations":[{"start":{"line":75,"column":4},"end":{"line":77,"column":5}}]},"7":{"loc":{"start":{"line":81,"column":4},"end":{"line":84,"column":5}},"type":"if","locations":[{"start":{"line":81,"column":4},"end":{"line":84,"column":5}}]},"8":{"loc":{"start":{"line":81,"column":8},"end":{"line":81,"column":36}},"type":"binary-expr","locations":[{"start":{"line":81,"column":8},"end":{"line":81,"column":16}},{"start":{"line":81,"column":20},"end":{"line":81,"column":36}}]},"9":{"loc":{"start":{"line":88,"column":4},"end":{"line":88,"column":40}},"type":"if","locations":[{"start":{"line":88,"column":4},"end":{"line":88,"column":40}}]},"10":{"loc":{"start":{"line":90,"column":4},"end":{"line":99,"column":5}},"type":"switch","locations":[{"start":{"line":91,"column":6},"end":{"line":92,"column":30}},{"start":{"line":93,"column":6},"end":{"line":94,"column":31}},{"start":{"line":95,"column":6},"end":{"line":96,"column":34}},{"start":{"line":97,"column":6},"end":{"line":98,"column":33}}]},"11":{"loc":{"start":{"line":107,"column":4},"end":{"line":109,"column":5}},"type":"if","locations":[{"start":{"line":107,"column":4},"end":{"line":109,"column":5}}]},"12":{"loc":{"start":{"line":128,"column":11},"end":{"line":148,"column":null}},"type":"cond-expr","locations":[{"start":{"line":129,"column":12},"end":{"line":143,"column":null}},{"start":{"line":146,"column":12},"end":{"line":147,"column":null}}]},"13":{"loc":{"start":{"line":137,"column":18},"end":{"line":137,"column":56}},"type":"if","locations":[{"start":{"line":137,"column":18},"end":{"line":137,"column":56}}]},"14":{"loc":{"start":{"line":138,"column":18},"end":{"line":138,"column":62}},"type":"if","locations":[{"start":{"line":138,"column":18},"end":{"line":138,"column":62}}]},"15":{"loc":{"start":{"line":151,"column":13},"end":{"line":152,"column":64}},"type":"cond-expr","locations":[{"start":{"line":151,"column":42},"end":{"line":151,"column":58}},{"start":{"line":152,"column":12},"end":{"line":152,"column":64}}]},"16":{"loc":{"start":{"line":152,"column":12},"end":{"line":152,"column":64}},"type":"cond-expr","locations":[{"start":{"line":152,"column":40},"end":{"line":152,"column":49}},{"start":{"line":152,"column":52},"end":{"line":152,"column":64}}]},"17":{"loc":{"start":{"line":185,"column":13},"end":{"line":185,"column":92}},"type":"cond-expr","locations":[{"start":{"line":185,"column":25},"end":{"line":185,"column":54}},{"start":{"line":185,"column":57},"end":{"line":185,"column":92}}]}},"s":{"0":1,"1":1,"2":1,"3":1,"4":1,"5":1,"6":1,"7":0,"8":0,"9":0,"10":0,"11":0,"12":0,"13":0,"14":0,"15":0,"16":0,"17":0,"18":0,"19":0,"20":0,"21":0,"22":0,"23":0,"24":0,"25":0,"26":0,"27":0,"28":0,"29":0,"30":0,"31":0,"32":0,"33":0,"34":0,"35":0,"36":0,"37":0,"38":0,"39":0,"40":0,"41":0,"42":0,"43":0,"44":0,"45":
[...]
32},"end":{"line":158,"column":66}}},"6":{"name":"(anonymous_7)","decl":{"start":{"line":166,"column":25},"end":{"line":166,"column":27}},"loc":{"start":{"line":166,"column":32},"end":{"line":166,"column":66}}},"7":{"name":"(anonymous_8)","decl":{"start":{"line":177,"column":25},"end":{"line":177,"column":27}},"loc":{"start":{"line":177,"column":32},"end":{"line":177,"column":68}}}},"branchMap":{"0":{"loc":{"start":{"line":32,"column":4},"end":{"line":32,"column":26}},"type":"if","locations":[{"start":{"line":32,"column":4},"end":{"line":32,"column":26}}]},"1":{"loc":{"start":{"line":34,"column":4},"end":{"line":40,"column":5}},"type":"if","locations":[{"start":{"line":34,"column":4},"end":{"line":40,"column":5}}]},"2":{"loc":{"start":{"line":34,"column":8},"end":{"line":34,"column":39}},"type":"binary-expr","locations":[{"start":{"line":34,"column":8},"end":{"line":34,"column":11}},{"start":{"line":34,"column":15},"end":{"line":34,"column":39}}]},"3":{"loc":{"start":{"line":67,"column":4},"end":{"line":71,"column":5}},"type":"if","locations":[{"start":{"line":67,"column":4},"end":{"line":71,"column":5}},{"start":{"line":69,"column":11},"end":{"line":71,"column":5}}]},"4":{"loc":{"start":{"line":92,"column":20},"end":{"line":92,"column":47}},"type":"cond-expr","locations":[{"start":{"line":92,"column":31},"end":{"line":92,"column":40}},{"start":{"line":92,"column":43},"end":{"line":92,"column":47}}]},"5":{"loc":{"start":{"line":102,"column":20},"end":{"line":102,"column":47}},"type":"cond-expr","locations":[{"start":{"line":102,"column":31},"end":{"line":102,"column":40}},{"start":{"line":102,"column":43},"end":{"line":102,"column":47}}]},"6":{"loc":{"start":{"line":127,"column":19},"end":{"line":127,"column":57}},"type":"cond-expr","locations":[{"start":{"line":127,"column":30},"end":{"line":127,"column":52}},{"start":{"line":127,"column":55},"end":{"line":127,"column":57}}]},"7":{"loc":{"start":{"line":136,"column":21},"end":{"line":136,"column":71}},"type":"cond-expr","locations":[{"start":{"line":136,"column":32},"end":{"line":136,"column":61}},{"start":{"line":136,"column":64},"end":{"line":136,"column":71}}]},"8":{"loc":{"start":{"line":139,"column":27},"end":{"line":139,"column":63}},"type":"cond-expr","locations":[{"start":{"line":139,"column":38},"end":{"line":139,"column":51}},{"start":{"line":139,"column":54},"end":{"line":139,"column":63}}]},"9":{"loc":{"start":{"line":140,"column":30},"end":{"line":140,"column":59}},"type":"cond-expr","locations":[{"start":{"line":140,"column":41},"end":{"line":140,"column":47}},{"start":{"line":140,"column":50},"end":{"line":140,"column":59}}]},"10":{"loc":{"start":{"line":169,"column":24},"end":{"line":169,"column":95}},"type":"cond-expr","locations":[{"start":{"line":169,"column":43},"end":{"line":169,"column":90}},{"start":{"line":169,"column":93},"end":{"line":169,"column":95}}]},"11":{"loc":{"start":{"line":180,"column":24},"end":{"line":180,"column":95}},"type":"cond-expr","locations":[{"start":{"line":180,"column":43},"end":{"line":180,"column":90}},{"start":{"line":180,"column":93},"end":{"line":180,"column":95}}]}},"s":{"0":1,"1":1,"2":1,"3":1,"4":1,"5":1,"6":1,"7":1,"8":1,"9":1,"10":1,"11":1,"12":1,"13":1,"14":10,"15":9,"16":9,"17":9,"18":9,"19":9,"20":9,"21":5,"22":5,"23":0,"24":0,"25":0,"26":9,"27":9,"28":9,"29":0,"30":0,"31":0,"32":9,"33":0,"34":18,"35":18,"36":18,"37":18,"38":1},"f":{"0":10,"1":5,"2":0,"3":0,"4":18,"5":18,"6":18,"7":18},"b":{"0":[5],"1":[0],"2":[0,0],"3":[0,0],"4":[0,9],"5":[0,9],"6":[0,9],"7":[0,9],"8":[0,9],"9":[0,9],"10":[9,0],"11":[9,0]}}
,"C:\\Users\\Jordan\\Desktop\\FlowyMusic-main\\src\\pages\\NotFound.tsx": {"path":"C:\\Users\\Jordan\\Desktop\\FlowyMusic-main\\src\\pages\\NotFound.tsx","statementMap":{"0":{"start":{"line":4,"column":17},"end":{"line":25,"column":1}},"1":{"start":{"line":5,"column":19},"end":{"line":5,"column":32}},"2":{"start":{"line":7,"column":2},"end":{"line":12,"column":26}},"3":{"start":{"line":8,"column":4},"end":{"line":11,"column":6}},"4":{"start":{"line":14,"column":2},"end":{"line":24,"column":4}}},"fnMap":{"0":{"name":"(anonymous_0)","decl":{"start":{"line":4,"column":17},"end":{"line":4,"column":20}},"loc":{"start":{"line":4,"column":22},"end":{"line":25,"column":1}}},"1":{"name":"(anonymous_1)","decl":{"start":{"line":7,"column":12},"end":{"line":7,"column":15}},"loc":{"start":{"line":7,"column":17},"end":{"line":12,"column":3}}}},"branchMap":{},"s":{"0":0,"1":0,"2":0,"3":0,"4":0},"f":{"0":0,"1":0},"b":{}}
,"C:\\Users\\Jordan\\Desktop\\FlowyMusic-main\\src\\pages\\Profile.tsx": {"path":"C:\\Users\\Jordan\\Desktop\\FlowyMusic-main\\src\\pages\\Profile.tsx","statementMap":{"0":{"start":{"line":15,"column":16},"end":{"line":135,"column":1}},"1":{"start":{"line":16,"column":19},"end":{"line":16,"column":32}},"2":{"start":{"line":17,"column":55},"end":{"line":17,"column":64}},"3":{"start":{"line":19,"column":2},"end":{"line":23,"column":45}},"4":{"start":{"line":20,"column":4},"end":{"line":22,"column":5}},"5":{"start":{"line":21,"column":6},"end":{"line":21,"column":24}},"6":{"start":{"line":25,"column":28},"end":{"line":27,"column":3}},"7":{"start":{"line":26,"column":4},"end":{"line":26,"column":32}},"8":{"start":{"line":29,"column":23},"end":{"line":32,"column":3}},"9":{"start":{"line":30,"column":4},"end":{"line":30,"column":13}},"10":{"start":{"line":31,"column":4},"end":{"line":31,"column":18}},"11":{"start":{"line":34,"column":28},"end":{"line":42,"column":4}},"12":{"start":{"line":44,"column":23},"end":{"line":55,"column":4}},"13":{"start":{"line":57,"column":2},"end":{"line":65,"column":3}},"14":{"start":{"line":58,"column":4},"end":{"line":64,"column":6}},"15":{"start":{"line":67,"column":24},"end":{"line":69,"column":8}},"16":{"start":{"line":71,"column":50},"end":{"line":79,"column":4}},"17":{"start":{"line":81,"column":2},"end":{"line":134,"column":4}},"18":{"start":{"line":117,"column":39},"end":{"line":117,"column":52}}},"fnMap":{"0":{"name":"(anonymous_0)","decl":{"start":{"line":15,"column":16},"end":{"line":15,"column":19}},"loc":{"start":{"line":15,"column":21},"end":{"line":135,"column":1}}},"1":{"name":"(anonymous_1)","decl":{"start":{"line":19,"column":18},"end":{"line":19,"column":21}},"loc":{"start":{"line":19,"column":23},"end":{"line":23,"column":3}}},"2":{"name":"(anonymous_2)","decl":{"start":{"line":25,"column":28},"end":{"line":25,"column":31}},"loc":{"start":{"line":25,"column":33},"end":{"line":27,"column":3}}},"3":{"name":"(anonymous_3)","decl":{"start":{"line":29,"column":23},"end":{"line":29,"column":26}},"loc":{"start":{"line":29,"column":28},"end":{"line":32,"column":3}}},"4":{"name":"(anonymous_4)","decl":{"start":{"line":117,"column":33},"end":{"line":117,"column":36}},"loc":{"start":{"line":117,"column":39},"end":{"line":117,"column":52}}}},"branchMap":{"0":{"loc":{"start":{"line":20,"column":4},"end":{"line":22,"column":5}},"type":"if","locations":[{"start":{"line":20,"column":4},"end":{"line":22,"column":5}}]},"1":{"loc":{"start":{"line":20,"column":8},"end":{"line":20,"column":38}},"type":"binary-expr","locations":[{"start":{"line":20,"column":8},"end":{"line":20,"column":18}},{"start":{"line":20,"column":22},"end":{"line":20,"column":38}}]},"2":{"loc":{"start":{"line":57,"column":2},"end":{"line":65,"column":3}},"type":"if","locations":[{"start":{"line":57,"column":2},"end":{"line":65,"column":3}}]},"3":{"loc":{"start":{"line":57,"column":6},"end":{"line":57,"column":24}},"type":"binary-expr","locations":[{"start":{"line":57,"column":6},"end":{"line":57,"column":15}},{"start":{"line":57,"column":19},"end":{"line":57,"column":24}}]},"4":{"loc":{"start":{"line":67,"column":24},"end":{"line":69,"column":8}},"type":"cond-expr","locations":[{"start":{"line":68,"column":6},"end":{"line":68,"column":67}},{"start":{"line":69,"column":6},"end":{"line":69,"column":8}}]}},"s":{"0":0,"1":0,"2":0,"3":0,"4":0,"5":0,"6":0,"7":0,"8":0,"9":0,"10":0,"11":0,"12":0,"13":0,"14":0,"15":0,"16":0,"17":0,"18":0},"f":{"0":0,"1":0,"2":0,"3":0,"4":0},"b":{"0":[0],"1":[0,0],"2":[0],"3":[0,0],"4":[0,0]}}
,"C:\\Users\\Jordan\\Desktop\\FlowyMusic-main\\src\\pages\\SharedMusic.tsx": {"path":"C:\\Users\\Jordan\\Desktop\\FlowyMusic-main\\src\\pages\\SharedMusic.tsx","statementMap":{"0":{"start":{"line":8,"column":24},"end":{"line":48,"column":1}},"1":{"start":{"line":9,"column":19},"end":{"line":9,"column":32}},"2":{"start":{"line":11,"column":2},"end":{"line":47,"column":4}},"3":{"start":{"line":38,"column":29},"end":{"line":38,"column":42}}},"fnMap":{"0":{"name":"(anonymous_0)","decl":{"start":{"line":8,"column":24},"end":{"line":8,"column":27}},"loc":{"start":{"line":8,"column":29},"end":{"line":48,"column":1}}},"1":{"name":"(anonymous_1)","decl":{"start":{"line":38,"column":23},"end":{"line":38,"column":26}},"loc":{"start":{"line":38,"column":29},"end":{"line":38,"column":42}}}},"branchMap":{},"s":{"0":0,"1":0,"2":0,"3":0},"f":{"0":0,"1":0},"b":{}}
,"C:\\Users\\Jordan\\Desktop\\FlowyMusic-main\\src\\services\\musicService.ts": {"path":"C:\\Users\\Jordan\\Desktop\\FlowyMusic-main\\src\\services\\musicService.ts","statementMap":{"0":{"start":{"line":17,"column":43},"end":{"line":17,"column":45}},"1":{"start":{"line":19,"column":30},"end":{"line":32,"column":1}},"2":{"start":{"line":20,"column":2},"end":{"line":31,"column":3}},"3":{"start":{"line":21,"column":24},"end":{"line":21,"column":60}},"4":{"start":{"line":22,"column":4},"end":{"line":28,"column":5}},"5":{"start":{"line":23,"column":26},"end":{"line":23,"column":49}},"6":{"start":{"line":24,"column":6},"end":{"line":27,"column":10}},"7":{"start":{"line":24,"column":62},"end":{"line":27,"column":8}},"8":{"start":{"line":30,"column":4},"end":{"line":30,"column":68}},"9":{"start":{"line":34,"column":0},"end":{"line":34,"column":24}},"10":{"start":{"line":36,"column":22},"end":{"line":42,"column":1}},"11":{"start":{"line":37,"column":2},"end":{"line":41,"column":3}},"12":{"start":{"line":38,"column":4},"end":{"line":38,"column":80}},"13":{"start":{"line":40,"column":4},"end":{"line":40,"column":71}},"14":{"start":{"line":44,"column":30},"end":{"line":55,"column":1}},"15":{"start":{"line":45,"column":32},"end":{"line":50,"column":4}},"16":{"start":{"line":52,"column":2},"end":{"line":52,"column":63}},"17":{"start":{"line":53,"column":2},"end":{"line":53,"column":18}},"18":{"start":{"line":54,"column":2},"end":{"line":54,"column":18}},"19":{"start":{"line":44,"column":13},"end":{"line":44,"column":30}},"20":{"start":{"line":57,"column":33},"end":{"line":59,"column":1}},"21":{"start":{"line":58,"column":2},"end":{"line":58,"column":36}},"22":{"start":{"line":57,"column":13},"end":{"line":57,"column":33}},"23":{"start":{"line":61,"column":28},"end":{"line":63,"column":1}},"24":{"start":{"line":62,"column":2},"end":{"line":62,"column":76}},"25":{"start":{"line":62,"column":47},"end":{"line":62,"column":74}},"26":{"start":{"line":61,"column":13},"end":{"line":61,"column":28}},"27":{"start":{"line":65,"column":34},"end":{"line":67,"column":1}},"28":{"start":{"line":66,"column":2},"end":{"line":66,"column":76}},"29":{"start":{"line":66,"column":47},"end":{"line":66,"column":74}},"30":{"start":{"line":65,"column":13},"end":{"line":65,"column":34}},"31":{"start":{"line":69,"column":27},"end":{"line":78,"column":1}},"32":{"start":{"line":70,"column":2},"end":{"line":70,"column":31}},"33":{"start":{"line":70,"column":21},"end":{"line":70,"column":31}},"34":{"start":{"line":72,"column":21},"end":{"line":72,"column":47}},"35":{"start":{"line":73,"column":2},"end":{"line":77,"column":4}},"36":{"start":{"line":74,"column":4},"end":{"line":76,"column":59}},"37":{"start":{"line":69,"column":13},"end":{"line":69,"column":27}},"38":{"start":{"line":80,"column":34},"end":{"line":82,"column":1}},"39":{"start":{"line":81,"column":2},"end":{"line":81,"column":62}},"40":{"start":{"line":81,"column":45},"end":{"line":81,"column":60}},"41":{"start":{"line":80,"column":13},"end":{"line":80,"column":34}},"42":{"start":{"line":84,"column":34},"end":{"line":90,"column":1}},"43":{"start":{"line":85,"column":21},"end":{"line":85,"column":78}},"44":{"start":{"line":85,"column":62},"end":{"line":85,"column":77}},"45":{"start":{"line":86,"column":2},"end":{"line":89,"column":3}},"46":{"start":{"line":87,"column":4},"end":{"line":87,"column":49}},"47":{"start":{"line":88,"column":4},"end":{"line":88,"column":20}},"48":{"start":{"line":84,"column":13},"end":{"line":84,"column":34}},"49":{"start":{"line":92,"column":28},"end":{"line":99,"column":1}},"50":{"start":{"line":93,"column":2},"end":{"line":98,"column":5}},"51":{"start":{"line":94,"column":19},"end":{"line":94,"column":35}},"52":{"start":{"line":95,"column":4},"end":{"line":95,"column":31}},"53":{"start":{"line":96,"column":4},"end":{"line":96,"column":59}},"54":{"start":{"line":96,"column":26},"end":{"line":96,"column":58}},"55":{"start":{"line":97,"column":4},"end":{"line":97,"column":110}},"56":{"start":{"line":97,"column":30},"end":{"line":97,"column":109}},"57":{"start":{"line":92,"column":13},"end":{"line":92,"column":28}},"58":{"start":{"line":101,"column":38},"end":{"line":121,"column":1}},"59":{"start":{"line":102,"column":2},"end":{"line":120,"column":5}},"60":{"start":{"line":103,"column":25},"end":{"line":103,"column":36}},"61":{"start":{"line":104,"column":22},"end":{"line":104,"column":52}},"62":{"start":{"line":106,"column":4},"end":{"line":112,"column":7}},"63":{"start":{"line":107,"column":6},"end":{"line":107,"column":37}},"64":{"start":{"line":108,"column":23},"end":{"line":108,"column":44}},"65":{"start":{"line":109,"column":22},"end":{"line":109,"column":47}},"66":{"start":{"line":110,"column":22},"end":{"line":110,"column":47}},"67":{"start":{"line":111,"column":6},"end":{"line":111,"column":67}},"68":{"start":{"line":114,"column":4},"end":{"line":117,"column":7}},"69":{"start":{"line":115,"column":6},"end":{"line":115,"column":37}},"70":{"start":{"line":116,"column":6},"end":{"line":116,"column":22}},"71":{"start":{"line":119,"column":4},"end":{"line":119,"column":33}},"72":{"start":{"line":101,"column":13},"end":{"line":101,"column":38}},"73":{"start":{"line":128,"column":32},"end":{"line":131,"column":1}},"74":{"start":{"line":129,"column":2},"end":{"line":129,"column":47}},"75":{"start":{"line":128,"column":13},"end":{"line":128,"column":32}}},"fnMap":{"0":{"name":"(anonymous_0)","decl":{"start":{"line":19,"column":30},"end":{"line":19,"column":33}},"loc":{"start":{"line":19,"column":35},"end":{"line":32,"column":1}}},"1":{"name":"(anonymous_1)","decl":{"start":{"line":24,"column":46},"end":{"line":24,"column":47}},"loc":{"start":{"line":24,"column":62},"end":{"line":27,"column":8}}},"2":{"name":"(anonymous_2)","decl":{"start":{"line":36,"column":22},"end":{"line":36,"column":25}},"loc":{"start":{"line":36,"column":27},"end":{"line":42,"column":1}}},"3":{"name":"(anonymous_3)","decl":{"start":{"line":44,"column":30},"end":{"line":44,"column":31}},"loc":{"start":{"line":44,"column":90},"end":{"line":55,"column":1}}},"4":{"name":"(anonymous_4)","decl":{"start":{"line":57,"column":33},"end":{"line":57,"column":51}},"loc":{"start":{"line":57,"column":53},"end":{"line":59,"column":1}}},"5":{"name":"(anonymous_5)","decl":{"start":{"line":61,"column":28},"end":{"line":61,"column":29}},"loc":{"start":{"line":61,"column":62},"end":{"line":63,"column":1}}},"6":{"name":"(anonymous_6)","decl":{"start":{"line":62,"column":38},"end":{"line":62,"column":43}},"loc":{"start":{"line":62,"column":47},"end":{"line":62,"column":74}}},"7":{"name":"(anonymous_7)","decl":{"start":{"line":65,"column":34},"end":{"line":65,"column":35}},"loc":{"start":{"line":65,"column":77},"end":{"line":67,"column":1}}},"8":{"name":"(anonymous_8)","decl":{"start":{"line":66,"column":38},"end":{"line":66,"column":43}},"loc":{"start":{"line":66,"column":47},"end":{"line":66,"column":74}}},"9":{"name":"(anonymous_9)","decl":{"start":{"line":69,"column":27},"end":{"line":69,"column":28}},"loc":{"start":{"line":69,"column":60},"end":{"line":78,"column":1}}},"10":{"name":"(anonymous_10)","decl":{"start":{"line":73,"column":38},"end":{"line":73,"column":43}},"loc":{"start":{"line":74,"column":4},"end":{"line":76,"column":59}}},"11":{"name":"(anonymous_11)","decl":{"start":{"line":80,"column":34},"end":{"line":80,"column":35}},"loc":{"start":{"line":80,"column":74},"end":{"line":82,"column":1}}},"12":{"name":"(anonymous_12)","decl":{"start":{"line":81,"column":36},"end":{"line":81,"column":41}},"loc":{"start":{"line":81,"column":45},"end":{"line":81,"column":60}}},"13":{"name":"(anonymous_13)","decl":{"start":{"line":84,"column":34},"end":{"line":84,"column":35}},"loc":{"start":{"line":84,"column":55},"end":{"line":90,"column":1}}},"14":{"name":"(anonymous_14)","decl":{"start":{"line":85,"column":53},"end":{"line":85,"column":58}},"loc":{"start":{"line":85,"column":62},"end":{"line":85,"column":77}}},"15":{"name":"(anonymous_15)","decl":{"start":{"line":92,"column":28},"end":{"line":92,"column":29}},"loc":{"start":{"line":92,"column":60},"end":{"line":99,"column":1}}},"16":{"name":"(anonymous_16)","decl":{"start":{"line":93,"column":21},"end":{"line":93,"column":22}},"loc":{"start":{"line":93,"column":41},"end":{"line":98,"column":3}}},"17":{"name":"(anonymous_17)","decl":{"start":{"line":96,"column":20},"end":{"line":96,"column":23}},"loc":{"start":{"line":96,"column":26},"end":{"line":96,"column":58}}},"18":{"name":"(anonymous_18)","decl":{"start":{"line":97,"column":21},"end":{"line":97,"column":26}},"loc":{"start":{"line":97,"column":30},"end":{"line":97,"column":109}}},"19":{"name":"(anonymous_19)","decl":{"start":{"line":101,"column":38},"end":{"line":101,"column":39}},"loc":{"start":{"line":101,"column":75},"end":{"line":121,"column":1}}},"20":{"name":"(anonymous_20)","decl":{"start":{"line":102,"column":21},"end":{"line":102,"column":22}},"loc":{"start":{"line":102,"column":33},"end":{"line":120,"column":3}}},"21":{"name":"(anonymous_21)","decl":{"start":{"line":106,"column":52},"end":{"line":106,"column":55}},"loc":{"start":{"line":106,"column":57},"end":{"line":112,"column":5}}},"22":{"name":"(anonymous_22)","decl":{"start":{"line":114,"column":43},"end":{"line":114,"column":46}},"loc":{"start":{"line":114,"column":48},"end":{"line":117,"column":5}}},"23":{"name":"(anonymous_23)","decl":{"start":{"line":128,"column":32},"end":{"line":128,"column":33}},"loc":{"start":{"line":128,"column":60},"end":{"line":131,"column":1}}}},"branchMap":{"0":{"loc":{"start":{"line":22,"column":4},"end":{"line":28,"column":5}},"type":"if","locations":[{"start":{"line":22,"column":4},"end":{"line":28,"column":5}}]},"1":{"loc":{"start":{"line":70,"column":2},"end":{"line":70,"column":31}},"type":"if","locations":[{"start":{"line":70,"column":2},"end":{"line":70,"column":31}}]},"2":{"loc":{"start":{"line":74,"column":4},"end":{"line":76,"column":59}},"type":"binary-expr","locations":[{"start":{"line":74,"column":4},"end":{"line":74,"column":50}},{"start":{"line":75,"column":4},"end":{"line":75,"column":51}},{"start":{"line":76,"column":4},"end":{"line":76,"column":59}}]},"3":{"loc":{"start":{"line":86,"column":2},"end":{"line":89,"column":3}},"type":"if","locations":[{"start":{"line":86,"column":2},"end":{"line":89,"column":3}}]}},"s":{"0":3,"1":3,"2":3,"3":3,"4":3,"5":0,"6":0,"7":0,"8":0,"9":3,"10":3,"11":0,"12":0,"13":0,"14":3,"15":0,"16":0,"17":0,"18":0,"19":3,"20":3,"21":0,"22":3,"23":3,"24":0,"25":0,"26":3,"27":3,"28":0,"29":0,"30":3,"31":3,"32":0,"33":0,"34":0,"35":0,"36":0,"37":3,"38":3,"39":0,"40":0,"41":3,"42":3,"43":0,"44":0,"45":0,"46":0,"47":0,"48":3,"49":3,"50":0,"51":0,"52":0,"53":0,"54":0,"55":0,"56":0,"57":3,"58":3,"59":0,"60":0,"61":0,"62":0,"63":0,"64":0,"65":0,"66":0,"67":0,"68":0,"69":0,"70":0,"71":0,"72":3,"73":3,"74":0,"75":3},"f":{"0":3,"1":0,"2":0,"3":0,"4":0,"5":0,"6":0,"7":0,"8":0,"9":0,"10":0,"11":0,"12":0,"13":0,"14":0,"15":0,"16":0,"17":0,"18":0,"19":0,"20":0,"21":0,"22":0,"23":0},"b":{"0":[0],"1":[0],"2":[0,0,0],"3":[0]}}
}
