TN:
SF:src\App.tsx
FN:17,(anonymous_0)
FNF:1
FNH:0
FNDA:0,(anonymous_0)
DA:15,0
DA:17,0
DA:18,0
LF:3
LH:0
BRF:0
BRH:0
end_of_record
TN:
SF:src\main.tsx
FNF:0
FNH:0
DA:5,0
LF:1
LH:0
BRF:0
BRH:0
end_of_record
TN:
SF:src\components\CreatorProfile.tsx
FN:29,(anonymous_9)
FN:33,(anonymous_10)
FN:39,(anonymous_11)
FNF:3
FNH:1
FNDA:3,(anonymous_9)
FNDA:0,(anonymous_10)
FNDA:0,(anonymous_11)
DA:2,2
DA:4,2
DA:19,2
DA:23,2
DA:29,2
DA:30,3
DA:31,3
DA:33,3
DA:34,0
DA:35,0
DA:36,0
DA:39,3
DA:40,0
DA:41,0
DA:42,0
DA:43,0
DA:45,0
DA:46,0
DA:47,0
DA:49,0
DA:54,3
DA:69,2
LF:22
LH:11
BRDA:35,0,0,0
BRDA:35,0,1,0
BRDA:40,1,0,0
BRDA:40,1,1,0
BRDA:46,2,0,0
BRDA:46,2,1,0
BRF:6
BRH:0
end_of_record
TN:
SF:src\components\FeaturedMusic.tsx
FN:11,(anonymous_1)
FNF:1
FNH:1
FNDA:12,(anonymous_1)
DA:2,2
DA:4,2
DA:5,2
DA:11,2
DA:12,12
DA:22,12
DA:35,12
DA:50,2
LF:8
LH:8
BRF:0
BRH:0
end_of_record
TN:
SF:src\components\Layout.tsx
FN:11,(anonymous_1)
FNF:1
FNH:1
FNDA:12,(anonymous_1)
DA:1,3
DA:2,3
DA:3,3
DA:4,3
DA:5,3
DA:11,3
DA:12,12
DA:14,12
DA:64,3
LF:9
LH:9
BRDA:39,0,0,0
BRDA:39,0,1,12
BRF:2
BRH:1
end_of_record
TN:
SF:src\components\MusicPlayer.tsx
FN:37,(anonymous_10)
FN:58,(anonymous_11)
FN:66,(anonymous_12)
FN:71,(anonymous_13)
FN:82,(anonymous_14)
FN:89,(anonymous_15)
FN:102,(anonymous_16)
FN:104,(anonymous_17)
FN:107,(anonymous_18)
FN:113,(anonymous_19)
FN:120,(anonymous_20)
FN:146,(anonymous_21)
FN:155,(anonymous_22)
FN:160,(anonymous_23)
FN:167,(anonymous_24)
FN:176,(anonymous_25)
FN:191,(anonymous_26)
FN:200,(anonymous_27)
FN:208,(anonymous_28)
FN:218,(anonymous_29)
FN:225,(anonymous_30)
FN:227,(anonymous_31)
FN:233,(anonymous_32)
FN:242,(anonymous_33)
FN:246,(anonymous_34)
FN:249,(anonymous_35)
FN:253,(anonymous_36)
FN:259,(anonymous_37)
FN:263,(anonymous_38)
FNF:29
FNH:8
FNDA:2,(anonymous_10)
FNDA:2,(anonymous_11)
FNDA:0,(anonymous_12)
FNDA:2,(anonymous_13)
FNDA:2,(anonymous_14)
FNDA:0,(anonymous_15)
FNDA:2,(anonymous_16)
FNDA:0,(anonymous_17)
FNDA:0,(anonymous_18)
FNDA:0,(anonymous_19)
FNDA:0,(anonymous_20)
FNDA:0,(anonymous_21)
FNDA:2,(anonymous_22)
FNDA:0,(anonymous_23)
FNDA:0,(anonymous_24)
FNDA:0,(anonymous_25)
FNDA:0,(anonymous_26)
FNDA:0,(anonymous_27)
FNDA:0,(anonymous_28)
FNDA:0,(anonymous_29)
FNDA:0,(anonymous_30)
FNDA:0,(anonymous_31)
FNDA:0,(anonymous_32)
FNDA:0,(anonymous_33)
FNDA:2,(anonymous_34)
FNDA:0,(anonymous_35)
FNDA:2,(anonymous_36)
FNDA:0,(anonymous_37)
FNDA:0,(anonymous_38)
DA:1,1
DA:2,1
DA:3,1
DA:17,1
DA:18,1
DA:19,1
DA:20,1
DA:21,1
DA:37,1
DA:38,2
DA:39,2
DA:40,2
DA:41,2
DA:42,2
DA:43,2
DA:44,2
DA:47,2
DA:56,2
DA:58,2
DA:60,2
DA:61,0
DA:64,0
DA:65,0
DA:66,0
DA:67,0
DA:71,2
DA:73,2
DA:74,0
DA:75,0
DA:76,0
DA:77,0
DA:82,2
DA:84,2
DA:85,2
DA:86,2
DA:87,2
DA:88,2
DA:89,0
DA:90,0
DA:91,0
DA:94,0
DA:95,0
DA:102,2
DA:103,2
DA:105,0
DA:106,0
DA:107,0
DA:108,0
DA:111,0
DA:114,0
DA:115,0
DA:116,0
DA:118,0
DA:122,0
DA:123,0
DA:124,0
DA:125,0
DA:126,0
DA:131,0
DA:140,0
DA:141,0
DA:142,0
DA:143,0
DA:144,0
DA:147,0
DA:148,0
DA:153,2
DA:155,2
DA:156,2
DA:160,2
DA:161,0
DA:162,0
DA:163,0
DA:166,0
DA:167,0
DA:168,0
DA:169,0
DA:173,0
DA:176,2
DA:177,0
DA:178,0
DA:179,0
DA:181,0
DA:183,0
DA:186,0
DA:191,2
DA:192,0
DA:193,0
DA:194,0
DA:200,2
DA:201,0
DA:202,0
DA:203,0
DA:204,0
DA:208,2
DA:209,0
DA:210,0
DA:211,0
DA:213,0
DA:214,0
DA:218,2
DA:219,0
DA:220,0
DA:222,0
DA:225,2
DA:227,2
DA:228,0
DA:229,0
DA:230,0
DA:233,2
DA:234,0
DA:235,0
DA:236,0
DA:237,0
DA:238,0
DA:242,2
DA:243,0
DA:246,2
DA:247,2
DA:248,0
DA:249,0
DA:253,2
DA:254,2
DA:259,2
DA:260,0
DA:263,2
DA:264,0
DA:267,2
DA:454,1
LF:129
LH:51
BRDA:60,0,0,0
BRDA:67,1,0,0
BRDA:73,2,0,0
BRDA:84,3,0,2
BRDA:84,4,0,2
BRDA:84,4,1,2
BRDA:88,5,0,0
BRDA:94,6,0,0
BRDA:94,7,0,0
BRDA:94,7,1,0
BRDA:106,8,0,0
BRDA:115,9,0,0
BRDA:123,10,0,0
BRDA:123,11,0,0
BRDA:123,11,1,0
BRDA:125,12,0,0
BRDA:132,13,0,0
BRDA:132,13,1,0
BRDA:133,14,0,0
BRDA:133,14,1,0
BRDA:134,15,0,0
BRDA:134,15,1,0
BRDA:135,16,0,0
BRDA:135,16,1,0
BRDA:136,17,0,0
BRDA:136,17,1,0
BRDA:148,18,0,0
BRDA:148,18,1,0
BRDA:161,19,0,0
BRDA:161,19,1,0
BRDA:162,20,0,0
BRDA:166,21,0,0
BRDA:177,22,0,0
BRDA:181,23,0,0
BRDA:201,24,0,0
BRDA:210,25,0,0
BRDA:213,26,0,0
BRDA:213,27,0,0
BRDA:213,27,1,0
BRDA:219,28,0,0
BRDA:234,29,0,0
BRDA:247,30,0,0
BRDA:254,31,0,0
BRDA:254,32,0,2
BRDA:254,32,1,2
BRDA:286,33,0,2
BRDA:286,33,1,2
BRDA:353,34,0,0
BRDA:353,34,1,2
BRDA:347,35,0,0
BRDA:347,35,1,2
BRDA:374,36,0,2
BRDA:374,36,1,2
BRDA:421,37,0,2
BRDA:421,37,1,0
BRDA:425,38,0,0
BRDA:425,38,1,2
BRDA:434,39,0,0
BRDA:434,39,1,2
BRDA:438,40,0,0
BRDA:438,40,1,2
BRF:61
BRH:15
end_of_record
TN:
SF:src\components\MusicSearch.tsx
FN:20,(anonymous_9)
FN:28,(anonymous_10)
FN:29,(anonymous_11)
FN:38,(anonymous_12)
FN:41,(anonymous_13)
FN:51,(anonymous_14)
FN:58,(anonymous_15)
FN:60,(anonymous_16)
FN:66,(anonymous_17)
FN:82,(anonymous_18)
FN:84,(anonymous_19)
FN:111,(anonymous_20)
FN:117,(anonymous_21)
FN:173,(anonymous_22)
FN:194,(anonymous_23)
FN:196,(anonymous_24)
FN:232,(anonymous_25)
FNF:17
FNH:3
FNDA:6,(anonymous_9)
FNDA:6,(anonymous_10)
FNDA:0,(anonymous_11)
FNDA:6,(anonymous_12)
FNDA:0,(anonymous_13)
FNDA:0,(anonymous_14)
FNDA:0,(anonymous_15)
FNDA:0,(anonymous_16)
FNDA:0,(anonymous_17)
FNDA:0,(anonymous_18)
FNDA:0,(anonymous_19)
FNDA:0,(anonymous_20)
FNDA:0,(anonymous_21)
FNDA:0,(anonymous_22)
FNDA:0,(anonymous_23)
FNDA:0,(anonymous_24)
FNDA:0,(anonymous_25)
DA:1,2
DA:2,2
DA:3,2
DA:14,2
DA:15,2
DA:16,2
DA:17,2
DA:18,2
DA:20,2
DA:21,6
DA:22,6
DA:23,6
DA:24,6
DA:25,6
DA:28,6
DA:29,6
DA:30,0
DA:31,0
DA:32,0
DA:33,0
DA:34,0
DA:38,6
DA:41,6
DA:42,0
DA:43,0
DA:46,0
DA:47,0
DA:48,0
DA:51,6
DA:52,0
DA:53,0
DA:54,0
DA:58,6
DA:59,0
DA:60,0
DA:62,0
DA:66,6
DA:68,0
DA:69,0
DA:76,0
DA:82,6
DA:84,0
DA:87,0
DA:88,0
DA:91,0
DA:92,0
DA:96,6
DA:111,0
DA:117,0
DA:174,0
DA:194,0
DA:197,0
DA:198,0
DA:199,0
DA:232,0
DA:253,2
LF:56
LH:24
BRDA:30,0,0,0
BRDA:30,0,1,0
BRDA:32,1,0,0
BRDA:53,2,0,0
BRDA:59,3,0,0
BRDA:59,3,1,0
BRDA:68,4,0,0
BRDA:68,5,0,0
BRDA:68,5,1,0
BRDA:74,6,0,0
BRDA:74,6,1,0
BRDA:91,7,0,0
BRDA:91,8,0,0
BRDA:91,8,1,0
BRDA:91,8,2,0
BRDA:114,9,0,6
BRDA:114,9,1,0
BRDA:128,10,0,6
BRDA:128,10,1,6
BRDA:131,11,0,0
BRDA:131,11,1,6
BRDA:137,12,0,6
BRDA:137,12,1,0
BRDA:147,13,0,0
BRDA:147,13,1,0
BRDA:150,14,0,0
BRDA:150,14,1,0
BRDA:162,15,0,0
BRDA:162,15,1,0
BRDA:178,16,0,0
BRDA:178,16,1,0
BRDA:187,17,0,0
BRDA:187,17,1,0
BRDA:197,18,0,0
BRDA:197,19,0,0
BRDA:197,19,1,0
BRDA:227,20,0,0
BRDA:227,20,1,0
BRDA:234,21,0,0
BRDA:234,21,1,0
BRF:40
BRH:5
end_of_record
TN:
SF:src\components\UploadMusic.tsx
FN:15,(anonymous_1)
FNF:1
FNH:1
FNDA:9,(anonymous_1)
DA:2,1
DA:3,1
DA:4,1
DA:5,1
DA:6,1
DA:7,1
DA:8,1
DA:9,1
DA:15,1
DA:28,9
DA:31,1
DA:32,0
DA:35,1
DA:95,1
LF:14
LH:13
BRDA:31,0,0,0
BRDA:52,1,0,1
BRDA:52,1,1,0
BRDA:81,2,0,0
BRDA:81,2,1,0
BRF:5
BRH:1
end_of_record
TN:
SF:src\components\UserMusicLibrary.tsx
FN:5,(anonymous_1)
FNF:1
FNH:1
FNDA:3,(anonymous_1)
DA:2,1
DA:3,1
DA:5,1
DA:6,3
DA:19,1
LF:5
LH:5
BRF:0
BRH:0
end_of_record
TN:
SF:src\components\UserNav.tsx
FN:16,(anonymous_1)
FN:20,(anonymous_2)
FN:32,(anonymous_3)
FN:41,(anonymous_4)
FN:71,(anonymous_5)
FN:75,(anonymous_6)
FN:79,(anonymous_7)
FNF:7
FNH:3
FNDA:16,(anonymous_1)
FNDA:0,(anonymous_2)
FNDA:1,(anonymous_3)
FNDA:1,(anonymous_4)
FNDA:0,(anonymous_5)
FNDA:0,(anonymous_6)
FNDA:0,(anonymous_7)
DA:1,3
DA:2,3
DA:3,3
DA:4,3
DA:5,3
DA:6,3
DA:14,3
DA:16,3
DA:17,16
DA:18,16
DA:20,16
DA:21,0
DA:22,0
DA:25,16
DA:26,14
DA:32,1
DA:41,1
DA:49,2
DA:71,0
DA:75,0
DA:79,0
DA:93,3
LF:22
LH:17
BRDA:25,0,0,14
BRF:1
BRH:1
end_of_record
TN:
SF:src\components\WaveformPlayer.tsx
FN:20,(anonymous_10)
FN:38,(anonymous_11)
FN:75,(anonymous_12)
FN:84,(anonymous_13)
FN:88,(anonymous_14)
FN:92,(anonymous_15)
FN:96,(anonymous_16)
FN:104,(anonymous_17)
FN:112,(anonymous_18)
FNF:9
FNH:4
FNDA:8,(anonymous_10)
FNDA:8,(anonymous_11)
FNDA:0,(anonymous_12)
FNDA:0,(anonymous_13)
FNDA:0,(anonymous_14)
FNDA:0,(anonymous_15)
FNDA:0,(anonymous_16)
FNDA:6,(anonymous_17)
FNDA:6,(anonymous_18)
DA:2,3
DA:3,3
DA:4,3
DA:20,3
DA:33,8
DA:34,8
DA:35,8
DA:38,8
DA:39,8
DA:40,2
DA:43,2
DA:44,0
DA:48,2
DA:67,2
DA:70,2
DA:71,2
DA:72,2
DA:73,2
DA:75,2
DA:76,0
DA:78,0
DA:79,0
DA:81,0
DA:84,2
DA:85,0
DA:88,2
DA:89,0
DA:92,2
DA:93,0
DA:96,2
DA:97,0
DA:101,2
DA:104,6
DA:105,6
DA:106,0
DA:112,8
DA:113,6
DA:114,0
DA:115,0
DA:117,0
DA:122,8
DA:134,3
LF:42
LH:29
BRDA:28,0,0,0
BRDA:29,1,0,0
BRDA:30,2,0,0
BRDA:39,3,0,2
BRDA:39,4,0,8
BRDA:39,4,1,8
BRDA:43,5,0,0
BRDA:78,6,0,0
BRDA:81,7,0,0
BRDA:85,8,0,0
BRDA:89,9,0,0
BRDA:93,10,0,0
BRDA:97,11,0,0
BRDA:105,12,0,0
BRDA:113,13,0,0
BRDA:114,14,0,0
BRDA:114,14,1,0
BRDA:125,15,0,8
BRDA:125,15,1,0
BRF:19
BRH:4
end_of_record
TN:
SF:src\components\instruments\DrumPad.tsx
FN:11,(anonymous_9)
FN:25,(anonymous_10)
FN:38,(anonymous_11)
FN:45,(anonymous_12)
FN:46,(anonymous_13)
FN:55,(anonymous_14)
FN:65,(anonymous_15)
FN:67,(anonymous_16)
FN:74,(anonymous_17)
FN:76,(anonymous_18)
FN:84,(anonymous_19)
FN:95,(anonymous_20)
FNF:12
FNH:12
FNDA:7,(anonymous_9)
FNDA:7,(anonymous_10)
FNDA:56,(anonymous_11)
FNDA:7,(anonymous_12)
FNDA:56,(anonymous_13)
FNDA:2,(anonymous_14)
FNDA:4,(anonymous_15)
FNDA:32,(anonymous_16)
FNDA:7,(anonymous_17)
FNDA:7,(anonymous_18)
FNDA:56,(anonymous_19)
FNDA:2,(anonymous_20)
DA:2,1
DA:3,1
DA:4,1
DA:11,1
DA:12,7
DA:14,7
DA:25,7
DA:27,7
DA:38,7
DA:39,56
DA:40,56
DA:41,56
DA:45,7
DA:46,7
DA:47,56
DA:48,56
DA:49,56
DA:55,7
DA:56,2
DA:58,2
DA:59,2
DA:60,2
DA:61,2
DA:65,7
DA:66,4
DA:67,32
DA:69,4
DA:70,0
DA:74,7
DA:75,7
DA:76,7
DA:77,7
DA:81,7
DA:85,56
DA:95,2
DA:107,1
LF:36
LH:35
BRDA:47,0,0,56
BRDA:58,1,0,2
BRDA:61,2,0,0
BRDA:69,3,0,0
BRF:4
BRH:2
end_of_record
TN:
SF:src\components\instruments\MusicImporter.tsx
FN:14,(anonymous_9)
FN:17,(anonymous_10)
FN:23,(anonymous_11)
FNF:3
FNH:0
FNDA:0,(anonymous_9)
FNDA:0,(anonymous_10)
FNDA:0,(anonymous_11)
DA:2,1
DA:3,1
DA:4,1
DA:5,1
DA:6,1
DA:7,1
DA:14,1
DA:15,0
DA:17,0
DA:18,0
DA:19,0
DA:23,0
DA:24,0
DA:25,0
DA:26,0
DA:29,0
DA:30,0
DA:33,0
DA:37,0
DA:38,0
DA:41,0
DA:44,0
DA:45,0
DA:46,0
DA:53,0
DA:97,1
LF:26
LH:8
BRDA:18,0,0,0
BRDA:25,1,0,0
BRDA:25,2,0,0
BRDA:25,2,1,0
BRDA:29,3,0,0
BRDA:37,4,0,0
BRDA:44,5,0,0
BRF:7
BRH:0
end_of_record
TN:
SF:src\components\instruments\MusicTrack.tsx
FN:21,(anonymous_10)
FN:33,(anonymous_11)
FN:35,(anonymous_12)
FN:38,(anonymous_13)
FN:44,(anonymous_14)
FN:50,(anonymous_15)
FN:55,(anonymous_16)
FN:66,(anonymous_17)
FN:74,(anonymous_18)
FN:80,(anonymous_19)
FN:87,(anonymous_20)
FN:102,(anonymous_21)
FN:106,(anonymous_22)
FN:112,(anonymous_23)
FN:133,(anonymous_24)
FN:136,(anonymous_25)
FN:174,(anonymous_26)
FN:215,(anonymous_27)
FNF:18
FNH:0
FNDA:0,(anonymous_10)
FNDA:0,(anonymous_11)
FNDA:0,(anonymous_12)
FNDA:0,(anonymous_13)
FNDA:0,(anonymous_14)
FNDA:0,(anonymous_15)
FNDA:0,(anonymous_16)
FNDA:0,(anonymous_17)
FNDA:0,(anonymous_18)
FNDA:0,(anonymous_19)
FNDA:0,(anonymous_20)
FNDA:0,(anonymous_21)
FNDA:0,(anonymous_22)
FNDA:0,(anonymous_23)
FNDA:0,(anonymous_24)
FNDA:0,(anonymous_25)
FNDA:0,(anonymous_26)
FNDA:0,(anonymous_27)
DA:1,1
DA:2,1
DA:3,1
DA:4,1
DA:5,1
DA:6,1
DA:21,1
DA:22,0
DA:23,0
DA:24,0
DA:25,0
DA:26,0
DA:27,0
DA:28,0
DA:30,0
DA:31,0
DA:33,0
DA:34,0
DA:35,0
DA:36,0
DA:38,0
DA:39,0
DA:44,0
DA:45,0
DA:46,0
DA:47,0
DA:50,0
DA:51,0
DA:52,0
DA:55,0
DA:56,0
DA:57,0
DA:58,0
DA:60,0
DA:62,0
DA:66,0
DA:67,0
DA:68,0
DA:69,0
DA:70,0
DA:74,0
DA:75,0
DA:76,0
DA:80,0
DA:81,0
DA:82,0
DA:83,0
DA:87,0
DA:88,0
DA:90,0
DA:92,0
DA:94,0
DA:96,0
DA:98,0
DA:102,0
DA:103,0
DA:106,0
DA:107,0
DA:108,0
DA:112,0
DA:113,0
DA:116,0
DA:133,0
DA:137,0
DA:138,0
DA:174,0
DA:215,0
DA:224,1
LF:68
LH:8
BRDA:34,0,0,0
BRDA:36,1,0,0
BRDA:36,1,1,0
BRDA:39,2,0,0
BRDA:39,2,1,0
BRDA:56,3,0,0
BRDA:57,4,0,0
BRDA:57,4,1,0
BRDA:69,5,0,0
BRDA:75,6,0,0
BRDA:81,7,0,0
BRDA:81,8,0,0
BRDA:81,8,1,0
BRDA:88,9,0,0
BRDA:90,10,0,0
BRDA:90,10,1,0
BRDA:90,10,2,0
BRDA:90,10,3,0
BRDA:107,11,0,0
BRDA:128,12,0,0
BRDA:128,12,1,0
BRDA:137,13,0,0
BRDA:138,14,0,0
BRDA:151,15,0,0
BRDA:151,15,1,0
BRDA:152,16,0,0
BRDA:152,16,1,0
BRDA:185,17,0,0
BRDA:185,17,1,0
BRF:29
BRH:0
end_of_record
TN:
SF:src\components\profile\ProfileAbout.tsx
FN:16,(anonymous_0)
FN:43,(anonymous_1)
FNF:2
FNH:0
FNDA:0,(anonymous_0)
FNDA:0,(anonymous_1)
DA:16,0
DA:17,0
DA:44,0
LF:3
LH:0
BRDA:37,0,0,0
BRDA:37,0,1,0
BRDA:37,0,2,0
BRDA:45,1,0,0
BRDA:45,1,1,0
BRF:5
BRH:0
end_of_record
TN:
SF:src\components\profile\ProfileHeader.tsx
FN:24,(anonymous_0)
FN:75,(anonymous_1)
FNF:2
FNH:0
FNDA:0,(anonymous_0)
FNDA:0,(anonymous_1)
DA:24,0
DA:25,0
DA:76,0
LF:3
LH:0
BRDA:41,0,0,0
BRDA:41,0,1,0
BRDA:45,1,0,0
BRDA:45,1,1,0
BRDA:49,2,0,0
BRDA:49,2,1,0
BRDA:67,3,0,0
BRDA:67,3,1,0
BRDA:73,4,0,0
BRDA:73,4,1,0
BRDA:73,4,2,0
BRDA:77,5,0,0
BRDA:77,5,1,0
BRF:13
BRH:0
end_of_record
TN:
SF:src\components\recording\ProjectControls.tsx
FN:15,(anonymous_10)
FN:28,(anonymous_11)
FNF:2
FNH:0
FNDA:0,(anonymous_10)
FNDA:0,(anonymous_11)
DA:2,1
DA:3,1
DA:4,1
DA:5,1
DA:15,1
DA:22,0
DA:24,0
DA:28,0
DA:49,1
LF:9
LH:6
BRF:0
BRH:0
end_of_record
TN:
SF:src\components\recording\RecordButton.tsx
FN:17,(anonymous_1)
FNF:1
FNH:0
FNDA:0,(anonymous_1)
DA:2,1
DA:3,1
DA:4,1
DA:17,1
DA:26,0
DA:27,0
DA:37,0
DA:38,0
DA:58,0
DA:68,1
LF:10
LH:5
BRDA:21,0,0,0
BRDA:26,1,0,0
BRDA:37,2,0,0
BRDA:45,3,0,0
BRDA:45,3,1,0
BRF:5
BRH:0
end_of_record
TN:
SF:src\components\recording\RecordMusic.tsx
FN:14,(anonymous_10)
FN:31,(anonymous_11)
FN:32,(anonymous_12)
FN:36,(anonymous_13)
FN:40,(anonymous_14)
FN:41,(anonymous_15)
FN:41,(anonymous_16)
FN:44,(anonymous_17)
FN:45,(anonymous_18)
FN:46,(anonymous_19)
FN:50,(anonymous_20)
FN:59,(anonymous_21)
FN:65,(anonymous_22)
FN:77,(anonymous_23)
FN:87,(anonymous_24)
FNF:15
FNH:0
FNDA:0,(anonymous_10)
FNDA:0,(anonymous_11)
FNDA:0,(anonymous_12)
FNDA:0,(anonymous_13)
FNDA:0,(anonymous_14)
FNDA:0,(anonymous_15)
FNDA:0,(anonymous_16)
FNDA:0,(anonymous_17)
FNDA:0,(anonymous_18)
FNDA:0,(anonymous_19)
FNDA:0,(anonymous_20)
FNDA:0,(anonymous_21)
FNDA:0,(anonymous_22)
FNDA:0,(anonymous_23)
FNDA:0,(anonymous_24)
DA:2,1
DA:3,1
DA:4,1
DA:5,1
DA:6,1
DA:7,1
DA:14,1
DA:15,0
DA:16,0
DA:17,0
DA:18,0
DA:30,0
DA:32,0
DA:36,0
DA:37,0
DA:40,0
DA:41,0
DA:44,0
DA:45,0
DA:46,0
DA:50,0
DA:51,0
DA:59,0
DA:60,0
DA:65,0
DA:66,0
DA:67,0
DA:68,0
DA:71,0
DA:72,0
DA:73,0
DA:76,0
DA:77,0
DA:78,0
DA:79,0
DA:82,0
DA:83,0
DA:87,0
DA:88,0
DA:90,0
DA:91,0
DA:92,0
DA:98,0
DA:135,1
LF:44
LH:8
BRDA:14,0,0,0
BRDA:46,1,0,0
BRDA:46,1,1,0
BRDA:53,2,0,0
BRDA:53,2,1,0
BRDA:66,3,0,0
BRDA:71,4,0,0
BRDA:88,5,0,0
BRDA:90,6,0,0
BRF:9
BRH:0
end_of_record
TN:
SF:src\components\recording\RecorderPanel.tsx
FN:22,(anonymous_1)
FNF:1
FNH:0
FNDA:0,(anonymous_1)
DA:2,1
DA:3,1
DA:4,1
DA:6,1
DA:7,1
DA:8,1
DA:22,1
DA:33,0
DA:87,1
LF:9
LH:8
BRDA:26,0,0,0
BRDA:40,1,0,0
BRDA:40,1,1,0
BRF:3
BRH:0
end_of_record
TN:
SF:src\components\recording\RecordingInfo.tsx
FN:12,(anonymous_1)
FNF:1
FNH:0
FNDA:0,(anonymous_1)
DA:2,1
DA:3,1
DA:12,1
DA:13,0
DA:15,0
DA:32,1
LF:6
LH:4
BRDA:13,0,0,0
BRDA:20,1,0,0
BRDA:20,1,1,0
BRDA:22,2,0,0
BRDA:22,2,1,0
BRF:5
BRH:0
end_of_record
TN:
SF:src\components\recording\RecordingTabs.tsx
FN:25,(anonymous_1)
FN:44,(anonymous_2)
FN:52,(anonymous_3)
FNF:3
FNH:0
FNDA:0,(anonymous_1)
FNDA:0,(anonymous_2)
FNDA:0,(anonymous_3)
DA:2,1
DA:3,1
DA:5,1
DA:6,1
DA:7,1
DA:8,1
DA:25,1
DA:39,0
DA:44,0
DA:52,0
DA:89,1
LF:11
LH:8
BRDA:31,0,0,0
BRDA:43,1,0,0
BRDA:43,1,1,0
BRDA:51,2,0,0
BRDA:51,2,1,0
BRDA:61,3,0,0
BRDA:61,3,1,0
BRDA:75,4,0,0
BRDA:75,4,1,0
BRF:9
BRH:0
end_of_record
TN:
SF:src\components\recording\RecordingVisualizer.tsx
FN:11,(anonymous_1)
FN:27,(anonymous_2)
FNF:2
FNH:0
FNDA:0,(anonymous_1)
FNDA:0,(anonymous_2)
DA:2,1
DA:3,1
DA:11,1
DA:12,0
DA:14,0
DA:28,0
DA:47,1
LF:7
LH:4
BRDA:12,0,0,0
BRDA:18,1,0,0
BRDA:18,1,1,0
BRDA:32,2,0,0
BRDA:32,2,1,0
BRF:5
BRH:0
end_of_record
TN:
SF:src\components\recording\RecordingWorkspace.tsx
FN:27,(anonymous_1)
FNF:1
FNH:0
FNDA:0,(anonymous_1)
DA:2,1
DA:3,1
DA:4,1
DA:5,1
DA:27,1
DA:45,0
DA:83,1
LF:7
LH:6
BRDA:37,0,0,0
BRF:1
BRH:0
end_of_record
TN:
SF:src\components\recording\SaveProjectDialog.tsx
FN:35,(anonymous_9)
FN:68,(anonymous_10)
FN:85,(anonymous_11)
FN:110,(anonymous_12)
FNF:4
FNH:0
FNDA:0,(anonymous_9)
FNDA:0,(anonymous_10)
FNDA:0,(anonymous_11)
FNDA:0,(anonymous_12)
DA:1,1
DA:2,1
DA:10,1
DA:11,1
DA:12,1
DA:13,1
DA:14,1
DA:15,1
DA:26,1
DA:31,1
DA:35,1
DA:45,0
DA:46,0
DA:47,0
DA:49,0
DA:68,0
DA:86,0
DA:111,0
DA:157,1
LF:19
LH:12
BRDA:67,0,0,0
BRDA:67,0,1,0
BRDA:137,1,0,0
BRDA:137,1,1,0
BRDA:137,1,2,0
BRDA:137,1,3,0
BRDA:139,2,0,0
BRDA:139,2,1,0
BRF:8
BRH:0
end_of_record
TN:
SF:src\components\recording\TipsPanel.tsx
FN:5,(anonymous_0)
FNF:1
FNH:0
FNDA:0,(anonymous_0)
DA:5,0
DA:6,0
LF:2
LH:0
BRF:0
BRH:0
end_of_record
TN:
SF:src\components\recording\TracksList.tsx
FN:21,(anonymous_1)
FN:57,(anonymous_2)
FNF:2
FNH:0
FNDA:0,(anonymous_1)
FNDA:0,(anonymous_2)
DA:2,1
DA:3,1
DA:4,1
DA:5,1
DA:6,1
DA:21,1
DA:27,0
DA:58,0
DA:79,1
LF:9
LH:7
BRDA:35,0,0,0
BRDA:35,0,1,0
BRDA:50,1,0,0
BRDA:50,1,1,0
BRF:4
BRH:0
end_of_record
TN:
SF:src\components\recording\useRecorder.ts
FNF:0
FNH:0
DA:6,0
LF:1
LH:0
BRF:0
BRH:0
end_of_record
TN:
SF:src\components\ui\accordion.tsx
FN:12,(anonymous_0)
FN:24,(anonymous_1)
FN:44,(anonymous_2)
FNF:3
FNH:0
FNDA:0,(anonymous_0)
FNDA:0,(anonymous_1)
FNDA:0,(anonymous_2)
DA:7,0
DA:9,0
DA:13,0
DA:19,0
DA:21,0
DA:25,0
DA:39,0
DA:41,0
DA:45,0
DA:54,0
LF:10
LH:0
BRF:0
BRH:0
end_of_record
TN:
SF:src\components\ui\alert-dialog.tsx
FN:16,(anonymous_0)
FN:31,(anonymous_1)
FN:46,(anonymous_2)
FN:60,(anonymous_3)
FN:77,(anonymous_4)
FN:89,(anonymous_5)
FN:102,(anonymous_6)
FN:114,(anonymous_7)
FNF:8
FNH:0
FNDA:0,(anonymous_0)
FNDA:0,(anonymous_1)
FNDA:0,(anonymous_2)
FNDA:0,(anonymous_3)
FNDA:0,(anonymous_4)
FNDA:0,(anonymous_5)
FNDA:0,(anonymous_6)
FNDA:0,(anonymous_7)
DA:7,0
DA:9,0
DA:11,0
DA:13,0
DA:17,0
DA:26,0
DA:28,0
DA:32,0
DA:44,0
DA:46,0
DA:50,0
DA:58,0
DA:60,0
DA:64,0
DA:72,0
DA:74,0
DA:78,0
DA:84,0
DA:86,0
DA:90,0
DA:96,0
DA:99,0
DA:103,0
DA:109,0
DA:111,0
DA:115,0
DA:125,0
LF:27
LH:0
BRF:0
BRH:0
end_of_record
TN:
SF:src\components\ui\alert.tsx
FN:25,(anonymous_0)
FN:38,(anonymous_1)
FN:52,(anonymous_2)
FNF:3
FNH:0
FNDA:0,(anonymous_0)
FNDA:0,(anonymous_1)
FNDA:0,(anonymous_2)
DA:6,0
DA:22,0
DA:26,0
DA:33,0
DA:35,0
DA:39,0
DA:47,0
DA:49,0
DA:53,0
DA:59,0
LF:10
LH:0
BRDA:44,0,0,0
BRDA:44,0,1,0
BRF:2
BRH:0
end_of_record
TN:
SF:src\components\ui\aspect-ratio.tsx
FNF:0
FNH:0
DA:3,0
LF:1
LH:0
BRF:0
BRH:0
end_of_record
TN:
SF:src\components\ui\avatar.tsx
FN:9,(anonymous_9)
FN:24,(anonymous_10)
FN:36,(anonymous_11)
FNF:3
FNH:3
FNDA:2,(anonymous_9)
FNDA:2,(anonymous_10)
FNDA:2,(anonymous_11)
DA:1,3
DA:2,3
DA:4,3
DA:6,3
DA:10,2
DA:19,3
DA:21,3
DA:25,2
DA:31,3
DA:33,3
DA:37,2
DA:46,3
DA:48,3
LF:13
LH:13
BRF:0
BRH:0
end_of_record
TN:
SF:src\components\ui\badge.tsx
FN:30,Badge
FNF:1
FNH:0
FNDA:0,Badge
DA:6,0
DA:31,0
LF:2
LH:0
BRF:0
BRH:0
end_of_record
TN:
SF:src\components\ui\breadcrumb.tsx
FN:12,(anonymous_0)
FN:18,(anonymous_1)
FN:33,(anonymous_2)
FN:47,(anonymous_3)
FN:63,(anonymous_4)
FN:75,(anonymous_5)
FN:91,(anonymous_6)
FNF:7
FNH:0
FNDA:0,(anonymous_0)
FNDA:0,(anonymous_1)
FNDA:0,(anonymous_2)
FNDA:0,(anonymous_3)
FNDA:0,(anonymous_4)
FNDA:0,(anonymous_5)
FNDA:0,(anonymous_6)
DA:7,0
DA:12,0
DA:13,0
DA:15,0
DA:19,0
DA:28,0
DA:30,0
DA:34,0
DA:40,0
DA:42,0
DA:48,0
DA:50,0
DA:58,0
DA:60,0
DA:64,0
DA:73,0
DA:75,0
DA:80,0
DA:89,0
DA:91,0
DA:95,0
DA:105,0
LF:22
LH:0
BRDA:48,0,0,0
BRDA:48,0,1,0
BRDA:86,1,0,0
BRDA:86,1,1,0
BRF:4
BRH:0
end_of_record
TN:
SF:src\components\ui\button.tsx
FN:43,(anonymous_9)
FNF:1
FNH:1
FNDA:133,(anonymous_9)
DA:1,7
DA:2,7
DA:3,7
DA:5,7
DA:7,7
DA:42,7
DA:44,133
DA:45,133
DA:54,7
DA:56,7
LF:10
LH:10
BRDA:43,0,0,133
BRDA:44,1,0,0
BRDA:44,1,1,133
BRF:3
BRH:2
end_of_record
TN:
SF:src\components\ui\calendar.tsx
FN:10,Calendar
FN:55,(anonymous_1)
FN:56,(anonymous_2)
FNF:3
FNH:0
FNDA:0,Calendar
FNDA:0,(anonymous_1)
FNDA:0,(anonymous_2)
DA:16,0
DA:55,0
DA:56,0
DA:62,0
LF:4
LH:0
BRDA:13,0,0,0
BRF:1
BRH:0
end_of_record
TN:
SF:src\components\ui\card.tsx
FN:8,(anonymous_0)
FN:23,(anonymous_1)
FN:35,(anonymous_2)
FN:52,(anonymous_3)
FN:64,(anonymous_4)
FN:72,(anonymous_5)
FNF:6
FNH:0
FNDA:0,(anonymous_0)
FNDA:0,(anonymous_1)
FNDA:0,(anonymous_2)
FNDA:0,(anonymous_3)
FNDA:0,(anonymous_4)
FNDA:0,(anonymous_5)
DA:5,0
DA:9,0
DA:18,0
DA:20,0
DA:24,0
DA:30,0
DA:32,0
DA:36,0
DA:47,0
DA:49,0
DA:53,0
DA:59,0
DA:61,0
DA:65,0
DA:67,0
DA:69,0
DA:73,0
DA:79,0
LF:18
LH:0
BRDA:44,0,0,0
BRDA:44,0,1,0
BRF:2
BRH:0
end_of_record
TN:
SF:src\components\ui\carousel.tsx
FN:33,useCarousel
FN:47,(anonymous_1)
FN:69,(anonymous_2)
FN:78,(anonymous_3)
FN:82,(anonymous_4)
FN:87,(anonymous_5)
FN:99,(anonymous_6)
FN:107,(anonymous_7)
FN:116,(anonymous_8)
FN:154,(anonymous_9)
FN:176,(anonymous_10)
FN:198,(anonymous_11)
FN:227,(anonymous_12)
FNF:13
FNH:0
FNDA:0,useCarousel
FNDA:0,(anonymous_1)
FNDA:0,(anonymous_2)
FNDA:0,(anonymous_3)
FNDA:0,(anonymous_4)
FNDA:0,(anonymous_5)
FNDA:0,(anonymous_6)
FNDA:0,(anonymous_7)
FNDA:0,(anonymous_8)
FNDA:0,(anonymous_9)
FNDA:0,(anonymous_10)
FNDA:0,(anonymous_11)
FNDA:0,(anonymous_12)
DA:31,0
DA:34,0
DA:36,0
DA:37,0
DA:40,0
DA:43,0
DA:59,0
DA:66,0
DA:67,0
DA:69,0
DA:70,0
DA:71,0
DA:74,0
DA:75,0
DA:78,0
DA:79,0
DA:82,0
DA:83,0
DA:86,0
DA:88,0
DA:89,0
DA:90,0
DA:91,0
DA:92,0
DA:93,0
DA:99,0
DA:100,0
DA:101,0
DA:104,0
DA:107,0
DA:108,0
DA:109,0
DA:112,0
DA:113,0
DA:114,0
DA:116,0
DA:117,0
DA:121,0
DA:149,0
DA:151,0
DA:155,0
DA:157,0
DA:171,0
DA:173,0
DA:177,0
DA:179,0
DA:193,0
DA:195,0
DA:199,0
DA:201,0
DA:222,0
DA:224,0
DA:228,0
DA:230,0
DA:251,0
LF:55
LH:0
BRDA:36,0,0,0
BRDA:49,1,0,0
BRDA:62,2,0,0
BRDA:62,2,1,0
BRDA:70,3,0,0
BRDA:88,4,0,0
BRDA:88,4,1,0
BRDA:91,5,0,0
BRDA:100,6,0,0
BRDA:100,7,0,0
BRDA:100,7,1,0
BRDA:108,8,0,0
BRDA:128,9,0,0
BRDA:128,9,1,0
BRDA:128,10,0,0
BRDA:128,10,1,0
BRDA:163,11,0,0
BRDA:163,11,1,0
BRDA:186,12,0,0
BRDA:186,12,1,0
BRDA:198,13,0,0
BRDA:198,14,0,0
BRDA:208,15,0,0
BRDA:208,15,1,0
BRDA:227,16,0,0
BRDA:227,17,0,0
BRDA:237,18,0,0
BRDA:237,18,1,0
BRF:28
BRH:0
end_of_record
TN:
SF:src\components\ui\chart.tsx
FN:25,useChart
FN:43,(anonymous_1)
FN:68,(anonymous_2)
FN:70,(anonymous_3)
FN:82,(anonymous_4)
FN:85,(anonymous_5)
FN:114,(anonymous_6)
FN:134,(anonymous_7)
FN:186,(anonymous_8)
FN:267,(anonymous_9)
FN:286,(anonymous_10)
FN:318,getPayloadConfigFromPayload
FNF:12
FNH:0
FNDA:0,useChart
FNDA:0,(anonymous_1)
FNDA:0,(anonymous_2)
FNDA:0,(anonymous_3)
FNDA:0,(anonymous_4)
FNDA:0,(anonymous_5)
FNDA:0,(anonymous_6)
FNDA:0,(anonymous_7)
FNDA:0,(anonymous_8)
FNDA:0,(anonymous_9)
FNDA:0,(anonymous_10)
FNDA:0,getPayloadConfigFromPayload
DA:7,0
DA:23,0
DA:26,0
DA:28,0
DA:29,0
DA:32,0
DA:35,0
DA:44,0
DA:45,0
DA:47,0
DA:66,0
DA:68,0
DA:69,0
DA:70,0
DA:73,0
DA:74,0
DA:77,0
DA:82,0
DA:87,0
DA:89,0
DA:101,0
DA:103,0
DA:132,0
DA:134,0
DA:135,0
DA:136,0
DA:139,0
DA:140,0
DA:141,0
DA:143,0
DA:147,0
DA:148,0
DA:155,0
DA:156,0
DA:159,0
DA:170,0
DA:171,0
DA:174,0
DA:176,0
DA:187,0
DA:188,0
DA:189,0
DA:191,0
DA:255,0
DA:257,0
DA:259,0
DA:271,0
DA:273,0
DA:274,0
DA:277,0
DA:287,0
DA:288,0
DA:290,0
DA:315,0
DA:323,0
DA:324,0
DA:328,0
DA:334,0
DA:336,0
DA:340,0
DA:341,0
DA:346,0
DA:351,0
LF:63
LH:0
BRDA:28,0,0,0
BRDA:45,1,0,0
BRDA:45,1,1,0
BRDA:70,2,0,0
BRDA:70,2,1,0
BRDA:73,3,0,0
BRDA:87,4,0,0
BRDA:87,4,1,0
BRDA:89,5,0,0
BRDA:89,5,1,0
BRDA:119,6,0,0
BRDA:120,7,0,0
BRDA:121,8,0,0
BRDA:135,9,0,0
BRDA:135,10,0,0
BRDA:135,10,1,0
BRDA:140,11,0,0
BRDA:140,11,1,0
BRDA:140,11,2,0
BRDA:140,11,3,0
BRDA:143,12,0,0
BRDA:143,12,1,0
BRDA:143,13,0,0
BRDA:143,13,1,0
BRDA:144,14,0,0
BRDA:144,14,1,0
BRDA:147,15,0,0
BRDA:155,16,0,0
BRDA:170,17,0,0
BRDA:170,18,0,0
BRDA:170,18,1,0
BRDA:174,19,0,0
BRDA:174,19,1,0
BRDA:184,20,0,0
BRDA:184,20,1,0
BRDA:187,21,0,0
BRDA:187,21,1,0
BRDA:187,21,2,0
BRDA:187,21,3,0
BRDA:189,22,0,0
BRDA:189,22,1,0
BRDA:189,22,2,0
BRDA:196,23,0,0
BRDA:196,23,1,0
BRDA:199,24,0,0
BRDA:199,24,1,0
BRDA:199,25,0,0
BRDA:199,25,1,0
BRDA:199,25,2,0
BRDA:203,26,0,0
BRDA:203,26,1,0
BRDA:206,27,0,0
BRDA:206,27,1,0
BRDA:215,28,0,0
BRDA:215,28,1,0
BRDA:230,29,0,0
BRDA:230,29,1,0
BRDA:234,30,0,0
BRDA:234,30,1,0
BRDA:236,31,0,0
BRDA:236,31,1,0
BRDA:239,32,0,0
BRDA:239,32,1,0
BRDA:268,33,0,0
BRDA:268,34,0,0
BRDA:273,35,0,0
BRDA:282,36,0,0
BRDA:282,36,1,0
BRDA:287,37,0,0
BRDA:287,37,1,0
BRDA:287,37,2,0
BRDA:297,38,0,0
BRDA:297,38,1,0
BRDA:297,39,0,0
BRDA:297,39,1,0
BRDA:323,40,0,0
BRDA:323,41,0,0
BRDA:323,41,1,0
BRDA:328,42,0,0
BRDA:328,42,1,0
BRDA:328,43,0,0
BRDA:328,43,1,0
BRDA:328,43,2,0
BRDA:336,44,0,0
BRDA:336,44,1,0
BRDA:337,45,0,0
BRDA:337,45,1,0
BRDA:341,46,0,0
BRDA:342,47,0,0
BRDA:342,47,1,0
BRDA:342,47,2,0
BRDA:351,48,0,0
BRDA:351,48,1,0
BRF:93
BRH:0
end_of_record
TN:
SF:src\components\ui\checkbox.tsx
FN:10,(anonymous_9)
FNF:1
FNH:0
FNDA:0,(anonymous_9)
DA:1,1
DA:2,1
DA:3,1
DA:5,1
DA:7,1
DA:11,0
DA:26,1
DA:28,1
LF:8
LH:7
BRF:0
BRH:0
end_of_record
TN:
SF:src\components\ui\collapsible.tsx
FNF:0
FNH:0
DA:3,0
DA:5,0
DA:7,0
LF:3
LH:0
BRF:0
BRH:0
end_of_record
TN:
SF:src\components\ui\command.tsx
FN:16,(anonymous_0)
FN:30,(anonymous_1)
FN:45,(anonymous_2)
FN:64,(anonymous_3)
FN:77,(anonymous_4)
FN:90,(anonymous_5)
FN:106,(anonymous_6)
FN:118,(anonymous_7)
FN:131,(anonymous_8)
FNF:9
FNH:0
FNDA:0,(anonymous_0)
FNDA:0,(anonymous_1)
FNDA:0,(anonymous_2)
FNDA:0,(anonymous_3)
FNDA:0,(anonymous_4)
FNDA:0,(anonymous_5)
FNDA:0,(anonymous_6)
FNDA:0,(anonymous_7)
FNDA:0,(anonymous_8)
DA:13,0
DA:17,0
DA:26,0
DA:30,0
DA:31,0
DA:42,0
DA:46,0
DA:59,0
DA:61,0
DA:65,0
DA:72,0
DA:74,0
DA:78,0
DA:85,0
DA:87,0
DA:91,0
DA:101,0
DA:103,0
DA:107,0
DA:113,0
DA:115,0
DA:119,0
DA:129,0
DA:131,0
DA:135,0
DA:145,0
LF:26
LH:0
BRF:0
BRH:0
end_of_record
TN:
SF:src\components\ui\context-menu.tsx
FN:24,(anonymous_0)
FN:43,(anonymous_1)
FN:58,(anonymous_2)
FN:77,(anonymous_3)
FN:93,(anonymous_4)
FN:117,(anonymous_5)
FN:141,(anonymous_6)
FN:157,(anonymous_7)
FN:166,(anonymous_8)
FNF:9
FNH:0
FNDA:0,(anonymous_0)
FNDA:0,(anonymous_1)
FNDA:0,(anonymous_2)
FNDA:0,(anonymous_3)
FNDA:0,(anonymous_4)
FNDA:0,(anonymous_5)
FNDA:0,(anonymous_6)
FNDA:0,(anonymous_7)
FNDA:0,(anonymous_8)
DA:7,0
DA:9,0
DA:11,0
DA:13,0
DA:15,0
DA:17,0
DA:19,0
DA:25,0
DA:38,0
DA:40,0
DA:44,0
DA:53,0
DA:55,0
DA:59,0
DA:70,0
DA:72,0
DA:78,0
DA:88,0
DA:90,0
DA:94,0
DA:111,0
DA:114,0
DA:118,0
DA:134,0
DA:136,0
DA:142,0
DA:152,0
DA:154,0
DA:158,0
DA:164,0
DA:166,0
DA:170,0
DA:180,0
LF:33
LH:0
BRDA:29,0,0,0
BRDA:29,0,1,0
BRDA:82,1,0,0
BRDA:82,1,1,0
BRDA:146,2,0,0
BRDA:146,2,1,0
BRF:6
BRH:0
end_of_record
TN:
SF:src\components\ui\dialog.tsx
FN:18,(anonymous_9)
FN:33,(anonymous_10)
FN:54,(anonymous_11)
FN:68,(anonymous_12)
FN:85,(anonymous_13)
FN:100,(anonymous_14)
FNF:6
FNH:0
FNDA:0,(anonymous_9)
FNDA:0,(anonymous_10)
FNDA:0,(anonymous_11)
FNDA:0,(anonymous_12)
FNDA:0,(anonymous_13)
FNDA:0,(anonymous_14)
DA:1,1
DA:2,1
DA:3,1
DA:5,1
DA:7,1
DA:9,1
DA:11,1
DA:13,1
DA:15,1
DA:19,0
DA:28,1
DA:30,1
DA:34,0
DA:52,1
DA:54,1
DA:58,0
DA:66,1
DA:68,1
DA:72,0
DA:80,1
DA:82,1
DA:86,0
DA:95,1
DA:97,1
DA:101,0
DA:107,1
DA:110,1
DA:111,1
DA:112,1
DA:113,1
DA:114,1
DA:115,1
DA:116,1
DA:117,1
DA:118,1
DA:119,1
LF:36
LH:30
BRF:0
BRH:0
end_of_record
TN:
SF:src\components\ui\drawer.tsx
FN:6,(anonymous_0)
FN:26,(anonymous_1)
FN:38,(anonymous_2)
FN:56,(anonymous_3)
FN:67,(anonymous_4)
FN:81,(anonymous_5)
FN:96,(anonymous_6)
FNF:7
FNH:0
FNDA:0,(anonymous_0)
FNDA:0,(anonymous_1)
FNDA:0,(anonymous_2)
FNDA:0,(anonymous_3)
FNDA:0,(anonymous_4)
FNDA:0,(anonymous_5)
FNDA:0,(anonymous_6)
DA:6,0
DA:10,0
DA:15,0
DA:17,0
DA:19,0
DA:21,0
DA:23,0
DA:27,0
DA:33,0
DA:35,0
DA:39,0
DA:54,0
DA:56,0
DA:60,0
DA:65,0
DA:67,0
DA:71,0
DA:76,0
DA:78,0
DA:82,0
DA:91,0
DA:93,0
DA:97,0
DA:103,0
LF:24
LH:0
BRDA:7,0,0,0
BRF:1
BRH:0
end_of_record
TN:
SF:src\components\ui\dropdown-menu.tsx
FN:25,(anonymous_9)
FN:45,(anonymous_10)
FN:61,(anonymous_11)
FN:81,(anonymous_12)
FN:97,(anonymous_13)
FN:121,(anonymous_14)
FN:145,(anonymous_15)
FN:161,(anonymous_16)
FN:170,(anonymous_17)
FNF:9
FNH:1
FNDA:0,(anonymous_9)
FNDA:0,(anonymous_10)
FNDA:2,(anonymous_11)
FNDA:0,(anonymous_12)
FNDA:0,(anonymous_13)
FNDA:0,(anonymous_14)
FNDA:0,(anonymous_15)
FNDA:0,(anonymous_16)
FNDA:0,(anonymous_17)
DA:2,3
DA:3,3
DA:4,3
DA:6,3
DA:8,3
DA:10,3
DA:12,3
DA:14,3
DA:16,3
DA:18,3
DA:20,3
DA:26,0
DA:39,3
DA:42,3
DA:46,0
DA:55,3
DA:58,3
DA:62,2
DA:74,3
DA:76,3
DA:82,0
DA:92,3
DA:94,3
DA:98,0
DA:115,3
DA:118,3
DA:122,0
DA:138,3
DA:140,3
DA:146,0
DA:156,3
DA:158,3
DA:162,0
DA:168,3
DA:170,3
DA:174,0
DA:181,3
DA:184,3
DA:185,3
DA:186,3
DA:187,3
DA:188,3
DA:189,3
DA:190,3
DA:191,3
DA:192,3
DA:193,3
DA:194,3
DA:195,3
DA:196,3
DA:197,3
DA:198,3
LF:52
LH:44
BRDA:30,0,0,0
BRDA:30,0,1,0
BRDA:61,1,0,0
BRDA:86,2,0,0
BRDA:86,2,1,0
BRDA:150,3,0,0
BRDA:150,3,1,0
BRF:7
BRH:0
end_of_record
TN:
SF:src\components\ui\form.tsx
FN:29,(anonymous_9)
FN:42,(anonymous_10)
FN:76,(anonymous_11)
FN:90,(anonymous_12)
FN:107,(anonymous_13)
FN:129,(anonymous_14)
FN:146,(anonymous_15)
FNF:7
FNH:0
FNDA:0,(anonymous_9)
FNDA:0,(anonymous_10)
FNDA:0,(anonymous_11)
FNDA:0,(anonymous_12)
FNDA:0,(anonymous_13)
FNDA:0,(anonymous_14)
FNDA:0,(anonymous_15)
DA:1,1
DA:3,1
DA:4,1
DA:13,1
DA:14,1
DA:16,1
DA:25,1
DA:29,1
DA:35,0
DA:42,1
DA:43,0
DA:44,0
DA:45,0
DA:47,0
DA:49,0
DA:50,0
DA:53,0
DA:55,0
DA:69,1
DA:73,1
DA:77,0
DA:79,0
DA:85,1
DA:87,1
DA:91,0
DA:93,0
DA:102,1
DA:104,1
DA:108,0
DA:110,0
DA:124,1
DA:126,1
DA:130,0
DA:132,0
DA:141,1
DA:143,1
DA:147,0
DA:148,0
DA:150,0
DA:151,0
DA:154,0
DA:165,1
DA:168,1
DA:169,1
DA:170,1
DA:171,1
DA:172,1
DA:173,1
DA:174,1
DA:175,1
LF:50
LH:28
BRDA:49,0,0,0
BRDA:96,1,0,0
BRDA:96,1,1,0
BRDA:115,2,0,0
BRDA:115,2,1,0
BRDA:148,3,0,0
BRDA:148,3,1,0
BRDA:150,4,0,0
BRF:8
BRH:0
end_of_record
TN:
SF:src\components\ui\hover-card.tsx
FN:13,(anonymous_0)
FNF:1
FNH:0
FNDA:0,(anonymous_0)
DA:6,0
DA:8,0
DA:10,0
DA:14,0
DA:25,0
LF:5
LH:0
BRDA:13,0,0,0
BRDA:13,1,0,0
BRF:2
BRH:0
end_of_record
TN:
SF:src\components\ui\input-otp.tsx
FN:10,(anonymous_0)
FN:26,(anonymous_1)
FN:34,(anonymous_2)
FN:62,(anonymous_3)
FNF:4
FNH:0
FNDA:0,(anonymous_0)
FNDA:0,(anonymous_1)
FNDA:0,(anonymous_2)
FNDA:0,(anonymous_3)
DA:7,0
DA:11,0
DA:21,0
DA:23,0
DA:27,0
DA:29,0
DA:31,0
DA:35,0
DA:36,0
DA:38,0
DA:57,0
DA:59,0
DA:63,0
DA:67,0
LF:14
LH:0
BRDA:43,0,0,0
BRDA:43,0,1,0
BRDA:49,1,0,0
BRDA:49,1,1,0
BRF:4
BRH:0
end_of_record
TN:
SF:src\components\ui\input.tsx
FN:6,(anonymous_9)
FNF:1
FNH:1
FNDA:6,(anonymous_9)
DA:1,3
DA:3,3
DA:5,3
DA:7,6
DA:20,3
DA:22,3
LF:6
LH:6
BRF:0
BRH:0
end_of_record
TN:
SF:src\components\ui\label.tsx
FN:15,(anonymous_9)
FNF:1
FNH:0
FNDA:0,(anonymous_9)
DA:1,2
DA:2,2
DA:3,2
DA:5,2
DA:7,2
DA:11,2
DA:16,0
DA:22,2
DA:24,2
LF:9
LH:8
BRF:0
BRH:0
end_of_record
TN:
SF:src\components\ui\menubar.tsx
FN:20,(anonymous_0)
FN:35,(anonymous_1)
FN:52,(anonymous_2)
FN:71,(anonymous_3)
FN:87,(anonymous_4)
FN:113,(anonymous_5)
FN:129,(anonymous_6)
FN:152,(anonymous_7)
FN:176,(anonymous_8)
FN:192,(anonymous_9)
FN:201,(anonymous_10)
FNF:11
FNH:0
FNDA:0,(anonymous_0)
FNDA:0,(anonymous_1)
FNDA:0,(anonymous_2)
FNDA:0,(anonymous_3)
FNDA:0,(anonymous_4)
FNDA:0,(anonymous_5)
FNDA:0,(anonymous_6)
FNDA:0,(anonymous_7)
FNDA:0,(anonymous_8)
FNDA:0,(anonymous_9)
FNDA:0,(anonymous_10)
DA:7,0
DA:9,0
DA:11,0
DA:13,0
DA:15,0
DA:17,0
DA:21,0
DA:30,0
DA:32,0
DA:36,0
DA:45,0
DA:47,0
DA:53,0
DA:66,0
DA:68,0
DA:72,0
DA:81,0
DA:83,0
DA:91,0
DA:106,0
DA:108,0
DA:114,0
DA:124,0
DA:126,0
DA:130,0
DA:147,0
DA:149,0
DA:153,0
DA:169,0
DA:171,0
DA:177,0
DA:187,0
DA:189,0
DA:193,0
DA:199,0
DA:201,0
DA:205,0
DA:215,0
LF:38
LH:0
BRDA:57,0,0,0
BRDA:57,0,1,0
BRDA:88,1,0,0
BRDA:88,2,0,0
BRDA:88,3,0,0
BRDA:118,4,0,0
BRDA:118,4,1,0
BRDA:181,5,0,0
BRDA:181,5,1,0
BRF:9
BRH:0
end_of_record
TN:
SF:src\components\ui\navigation-menu.tsx
FN:11,(anonymous_0)
FN:29,(anonymous_1)
FN:50,(anonymous_2)
FN:68,(anonymous_3)
FN:85,(anonymous_4)
FN:103,(anonymous_5)
FNF:6
FNH:0
FNDA:0,(anonymous_0)
FNDA:0,(anonymous_1)
FNDA:0,(anonymous_2)
FNDA:0,(anonymous_3)
FNDA:0,(anonymous_4)
FNDA:0,(anonymous_5)
DA:8,0
DA:12,0
DA:24,0
DA:26,0
DA:30,0
DA:39,0
DA:41,0
DA:43,0
DA:47,0
DA:51,0
DA:63,0
DA:65,0
DA:69,0
DA:78,0
DA:80,0
DA:82,0
DA:86,0
DA:97,0
DA:100,0
DA:104,0
DA:115,0
LF:21
LH:0
BRF:0
BRH:0
end_of_record
TN:
SF:src\components\ui\pagination.tsx
FN:7,(anonymous_0)
FN:20,(anonymous_1)
FN:32,(anonymous_2)
FN:42,(anonymous_3)
FN:65,(anonymous_4)
FN:81,(anonymous_5)
FN:97,(anonymous_6)
FNF:7
FNH:0
FNDA:0,(anonymous_0)
FNDA:0,(anonymous_1)
FNDA:0,(anonymous_2)
FNDA:0,(anonymous_3)
FNDA:0,(anonymous_4)
FNDA:0,(anonymous_5)
FNDA:0,(anonymous_6)
DA:7,0
DA:8,0
DA:15,0
DA:17,0
DA:21,0
DA:27,0
DA:29,0
DA:33,0
DA:35,0
DA:42,0
DA:49,0
DA:63,0
DA:65,0
DA:69,0
DA:79,0
DA:81,0
DA:85,0
DA:95,0
DA:97,0
DA:101,0
DA:110,0
LF:21
LH:0
BRDA:45,0,0,0
BRDA:50,1,0,0
BRDA:50,1,1,0
BRDA:53,2,0,0
BRDA:53,2,1,0
BRDA:60,3,0,0
BRDA:60,3,1,0
BRF:7
BRH:0
end_of_record
TN:
SF:src\components\ui\popover.tsx
FN:13,(anonymous_0)
FNF:1
FNH:0
FNDA:0,(anonymous_0)
DA:6,0
DA:8,0
DA:10,0
DA:14,0
DA:27,0
LF:5
LH:0
BRDA:13,0,0,0
BRDA:13,1,0,0
BRF:2
BRH:0
end_of_record
TN:
SF:src\components\ui\progress.tsx
FN:9,(anonymous_0)
FNF:1
FNH:0
FNDA:0,(anonymous_0)
DA:6,0
DA:10,0
DA:24,0
LF:3
LH:0
BRDA:20,0,0,0
BRDA:20,0,1,0
BRF:2
BRH:0
end_of_record
TN:
SF:src\components\ui\radio-group.tsx
FN:10,(anonymous_0)
FN:24,(anonymous_1)
FNF:2
FNH:0
FNDA:0,(anonymous_0)
FNDA:0,(anonymous_1)
DA:7,0
DA:11,0
DA:19,0
DA:21,0
DA:25,0
DA:40,0
LF:6
LH:0
BRF:0
BRH:0
end_of_record
TN:
SF:src\components\ui\resizable.tsx
FN:6,(anonymous_9)
FN:21,(anonymous_10)
FNF:2
FNH:0
FNDA:0,(anonymous_9)
FNDA:0,(anonymous_10)
DA:1,1
DA:2,1
DA:4,1
DA:6,1
DA:10,0
DA:19,1
DA:21,1
DA:28,0
DA:43,1
LF:9
LH:7
BRDA:35,0,0,0
BRDA:35,0,1,0
BRF:2
BRH:0
end_of_record
TN:
SF:src\components\ui\scroll-area.tsx
FN:9,(anonymous_0)
FN:27,(anonymous_1)
FNF:2
FNH:0
FNDA:0,(anonymous_0)
FNDA:0,(anonymous_1)
DA:6,0
DA:10,0
DA:22,0
DA:24,0
DA:28,0
DA:44,0
LF:6
LH:0
BRDA:27,0,0,0
BRDA:33,1,0,0
BRDA:33,1,1,0
BRDA:35,2,0,0
BRDA:35,2,1,0
BRF:5
BRH:0
end_of_record
TN:
SF:src\components\ui\select.tsx
FN:16,(anonymous_0)
FN:36,(anonymous_1)
FN:53,(anonymous_2)
FN:71,(anonymous_3)
FN:103,(anonymous_4)
FN:115,(anonymous_5)
FN:138,(anonymous_6)
FNF:7
FNH:0
FNDA:0,(anonymous_0)
FNDA:0,(anonymous_1)
FNDA:0,(anonymous_2)
FNDA:0,(anonymous_3)
FNDA:0,(anonymous_4)
FNDA:0,(anonymous_5)
FNDA:0,(anonymous_6)
DA:7,0
DA:9,0
DA:11,0
DA:13,0
DA:17,0
DA:31,0
DA:33,0
DA:37,0
DA:48,0
DA:50,0
DA:54,0
DA:65,0
DA:68,0
DA:72,0
DA:98,0
DA:100,0
DA:104,0
DA:110,0
DA:112,0
DA:116,0
DA:133,0
DA:135,0
DA:139,0
DA:145,0
LF:24
LH:0
BRDA:71,0,0,0
BRDA:77,1,0,0
BRDA:77,1,1,0
BRDA:88,2,0,0
BRDA:88,2,1,0
BRF:5
BRH:0
end_of_record
TN:
SF:src\components\ui\separator.tsx
FN:10,(anonymous_0)
FNF:1
FNH:0
FNDA:0,(anonymous_0)
DA:6,0
DA:14,0
DA:27,0
LF:3
LH:0
BRDA:11,0,0,0
BRDA:11,1,0,0
BRDA:20,2,0,0
BRDA:20,2,1,0
BRF:4
BRH:0
end_of_record
TN:
SF:src\components\ui\sheet.tsx
FN:19,(anonymous_0)
FN:57,(anonymous_1)
FN:75,(anonymous_2)
FN:89,(anonymous_3)
FN:106,(anonymous_4)
FN:118,(anonymous_5)
FNF:6
FNH:0
FNDA:0,(anonymous_0)
FNDA:0,(anonymous_1)
FNDA:0,(anonymous_2)
FNDA:0,(anonymous_3)
FNDA:0,(anonymous_4)
FNDA:0,(anonymous_5)
DA:8,0
DA:10,0
DA:12,0
DA:14,0
DA:16,0
DA:20,0
DA:29,0
DA:31,0
DA:54,0
DA:58,0
DA:73,0
DA:75,0
DA:79,0
DA:87,0
DA:89,0
DA:93,0
DA:101,0
DA:103,0
DA:107,0
DA:113,0
DA:115,0
DA:119,0
DA:125,0
LF:23
LH:0
BRDA:57,0,0,0
BRF:1
BRH:0
end_of_record
TN:
SF:src\components\ui\sidebar.tsx
FN:39,useSidebar
FN:56,(anonymous_1)
FN:76,(anonymous_2)
FN:91,(anonymous_3)
FN:93,(anonymous_4)
FN:94,(anonymous_5)
FN:98,(anonymous_6)
FN:99,(anonymous_7)
FN:110,(anonymous_8)
FN:118,(anonymous_9)
FN:165,(anonymous_10)
FN:263,(anonymous_11)
FN:273,(anonymous_12)
FN:289,(anonymous_13)
FN:318,(anonymous_14)
FN:336,(anonymous_15)
FN:354,(anonymous_16)
FN:369,(anonymous_17)
FN:384,(anonymous_18)
FN:399,(anonymous_19)
FN:417,(anonymous_20)
FN:432,(anonymous_21)
FN:453,(anonymous_22)
FN:476,(anonymous_23)
FN:489,(anonymous_24)
FN:502,(anonymous_25)
FN:542,(anonymous_26)
FN:599,(anonymous_27)
FN:627,(anonymous_28)
FN:650,(anonymous_29)
FN:652,(anonymous_30)
FN:686,(anonymous_31)
FN:703,(anonymous_32)
FN:713,(anonymous_33)
FNF:34
FNH:0
FNDA:0,useSidebar
FNDA:0,(anonymous_1)
FNDA:0,(anonymous_2)
FNDA:0,(anonymous_3)
FNDA:0,(anonymous_4)
FNDA:0,(anonymous_5)
FNDA:0,(anonymous_6)
FNDA:0,(anonymous_7)
FNDA:0,(anonymous_8)
FNDA:0,(anonymous_9)
FNDA:0,(anonymous_10)
FNDA:0,(anonymous_11)
FNDA:0,(anonymous_12)
FNDA:0,(anonymous_13)
FNDA:0,(anonymous_14)
FNDA:0,(anonymous_15)
FNDA:0,(anonymous_16)
FNDA:0,(anonymous_17)
FNDA:0,(anonymous_18)
FNDA:0,(anonymous_19)
FNDA:0,(anonymous_20)
FNDA:0,(anonymous_21)
FNDA:0,(anonymous_22)
FNDA:0,(anonymous_23)
FNDA:0,(anonymous_24)
FNDA:0,(anonymous_25)
FNDA:0,(anonymous_26)
FNDA:0,(anonymous_27)
FNDA:0,(anonymous_28)
FNDA:0,(anonymous_29)
FNDA:0,(anonymous_30)
FNDA:0,(anonymous_31)
FNDA:0,(anonymous_32)
FNDA:0,(anonymous_33)
DA:20,0
DA:21,0
DA:22,0
DA:23,0
DA:24,0
DA:25,0
DA:37,0
DA:40,0
DA:41,0
DA:42,0
DA:45,0
DA:48,0
DA:68,0
DA:69,0
DA:73,0
DA:74,0
DA:75,0
DA:77,0
DA:78,0
DA:79,0
DA:81,0
DA:85,0
DA:91,0
DA:92,0
DA:93,0
DA:94,0
DA:98,0
DA:99,0
DA:100,0
DA:104,0
DA:105,0
DA:109,0
DA:110,0
DA:115,0
DA:117,0
DA:118,0
DA:130,0
DA:155,0
DA:157,0
DA:176,0
DA:178,0
DA:179,0
DA:193,0
DA:194,0
DA:213,0
DA:258,0
DA:260,0
DA:264,0
DA:266,0
DA:274,0
DA:275,0
DA:284,0
DA:286,0
DA:290,0
DA:292,0
DA:313,0
DA:315,0
DA:319,0
DA:331,0
DA:333,0
DA:337,0
DA:349,0
DA:351,0
DA:355,0
DA:364,0
DA:366,0
DA:370,0
DA:379,0
DA:381,0
DA:385,0
DA:394,0
DA:396,0
DA:400,0
DA:412,0
DA:414,0
DA:418,0
DA:427,0
DA:429,0
DA:433,0
DA:435,0
DA:448,0
DA:450,0
DA:454,0
DA:456,0
DA:471,0
DA:473,0
DA:477,0
DA:484,0
DA:486,0
DA:490,0
DA:497,0
DA:499,0
DA:503,0
DA:510,0
DA:512,0
DA:534,0
DA:554,0
DA:555,0
DA:558,0
DA:568,0
DA:569,0
DA:572,0
DA:573,0
DA:578,0
DA:591,0
DA:593,0
DA:600,0
DA:602,0
DA:622,0
DA:624,0
DA:628,0
DA:643,0
DA:645,0
DA:652,0
DA:653,0
DA:656,0
DA:681,0
DA:683,0
DA:687,0
DA:698,0
DA:700,0
DA:703,0
DA:704,0
DA:706,0
DA:714,0
DA:716,0
DA:734,0
LF:127
LH:0
BRDA:41,0,0,0
BRDA:58,1,0,0
BRDA:74,2,0,0
BRDA:74,2,1,0
BRDA:77,3,0,0
BRDA:77,3,1,0
BRDA:78,4,0,0
BRDA:78,4,1,0
BRDA:92,5,0,0
BRDA:92,5,1,0
BRDA:100,6,0,0
BRDA:101,7,0,0
BRDA:101,7,1,0
BRDA:101,7,2,0
BRDA:115,8,0,0
BRDA:115,8,1,0
BRDA:167,9,0,0
BRDA:168,10,0,0
BRDA:169,11,0,0
BRDA:178,12,0,0
BRDA:193,13,0,0
BRDA:218,14,0,0
BRDA:218,14,1,0
BRDA:228,15,0,0
BRDA:228,15,1,0
BRDA:228,16,0,0
BRDA:228,16,1,0
BRDA:236,17,0,0
BRDA:236,17,1,0
BRDA:240,18,0,0
BRDA:240,18,1,0
BRDA:240,19,0,0
BRDA:240,19,1,0
BRDA:432,20,0,0
BRDA:433,21,0,0
BRDA:433,21,1,0
BRDA:453,22,0,0
BRDA:454,23,0,0
BRDA:454,23,1,0
BRDA:544,24,0,0
BRDA:545,25,0,0
BRDA:546,26,0,0
BRDA:547,27,0,0
BRDA:554,28,0,0
BRDA:554,28,1,0
BRDA:568,29,0,0
BRDA:572,30,0,0
BRDA:584,31,0,0
BRDA:584,31,1,0
BRDA:599,32,0,0
BRDA:599,33,0,0
BRDA:600,34,0,0
BRDA:600,34,1,0
BRDA:614,35,0,0
BRDA:614,35,1,0
BRDA:650,36,0,0
BRDA:663,37,0,0
BRDA:663,37,1,0
BRDA:713,38,0,0
BRDA:713,39,0,0
BRDA:714,40,0,0
BRDA:714,40,1,0
BRDA:725,41,0,0
BRDA:725,41,1,0
BRDA:726,42,0,0
BRDA:726,42,1,0
BRF:66
BRH:0
end_of_record
TN:
SF:src\components\ui\skeleton.tsx
FN:3,Skeleton
FNF:1
FNH:0
FNDA:0,Skeleton
DA:7,0
LF:1
LH:0
BRF:0
BRH:0
end_of_record
TN:
SF:src\components\ui\slider.tsx
FN:9,(anonymous_9)
FNF:1
FNH:1
FNDA:4,(anonymous_9)
DA:1,2
DA:2,2
DA:4,2
DA:6,2
DA:10,4
DA:24,2
DA:26,2
LF:7
LH:7
BRF:0
BRH:0
end_of_record
TN:
SF:src\components\ui\sonner.tsx
FN:6,(anonymous_0)
FNF:1
FNH:0
FNDA:0,(anonymous_0)
DA:6,0
DA:7,0
DA:9,0
LF:3
LH:0
BRDA:7,0,0,0
BRF:1
BRH:0
end_of_record
TN:
SF:src\components\ui\switch.tsx
FN:9,(anonymous_0)
FNF:1
FNH:0
FNDA:0,(anonymous_0)
DA:6,0
DA:10,0
DA:25,0
LF:3
LH:0
BRF:0
BRH:0
end_of_record
TN:
SF:src\components\ui\table.tsx
FN:8,(anonymous_0)
FN:31,(anonymous_1)
FN:39,(anonymous_2)
FN:51,(anonymous_3)
FN:66,(anonymous_4)
FN:81,(anonymous_5)
FN:96,(anonymous_6)
FN:108,(anonymous_7)
FNF:8
FNH:0
FNDA:0,(anonymous_0)
FNDA:0,(anonymous_1)
FNDA:0,(anonymous_2)
FNDA:0,(anonymous_3)
FNDA:0,(anonymous_4)
FNDA:0,(anonymous_5)
FNDA:0,(anonymous_6)
FNDA:0,(anonymous_7)
DA:5,0
DA:9,0
DA:26,0
DA:28,0
DA:32,0
DA:34,0
DA:36,0
DA:40,0
DA:46,0
DA:48,0
DA:52,0
DA:61,0
DA:63,0
DA:67,0
DA:76,0
DA:78,0
DA:82,0
DA:91,0
DA:93,0
DA:97,0
DA:103,0
DA:105,0
DA:109,0
DA:115,0
LF:24
LH:0
BRDA:15,0,0,0
BRDA:15,0,1,0
BRF:2
BRH:0
end_of_record
TN:
SF:src\components\ui\tabs.tsx
FN:11,(anonymous_9)
FN:26,(anonymous_10)
FN:41,(anonymous_11)
FNF:3
FNH:3
FNDA:9,(anonymous_9)
FNDA:36,(anonymous_10)
FNDA:36,(anonymous_11)
DA:1,2
DA:2,2
DA:4,2
DA:6,2
DA:8,2
DA:12,9
DA:21,2
DA:23,2
DA:27,36
DA:36,2
DA:38,2
DA:42,36
DA:51,2
DA:53,2
LF:14
LH:14
BRF:0
BRH:0
end_of_record
TN:
SF:src\components\ui\textarea.tsx
FN:9,(anonymous_0)
FNF:1
FNH:0
FNDA:0,(anonymous_0)
DA:8,0
DA:10,0
DA:22,0
LF:3
LH:0
BRF:0
BRH:0
end_of_record
TN:
SF:src\components\ui\toast.tsx
FN:13,(anonymous_0)
FN:45,(anonymous_1)
FN:59,(anonymous_2)
FN:74,(anonymous_3)
FN:92,(anonymous_4)
FN:104,(anonymous_5)
FNF:6
FNH:0
FNDA:0,(anonymous_0)
FNDA:0,(anonymous_1)
FNDA:0,(anonymous_2)
FNDA:0,(anonymous_3)
FNDA:0,(anonymous_4)
FNDA:0,(anonymous_5)
DA:8,0
DA:10,0
DA:14,0
DA:23,0
DA:25,0
DA:41,0
DA:46,0
DA:54,0
DA:56,0
DA:60,0
DA:69,0
DA:71,0
DA:75,0
DA:87,0
DA:89,0
DA:93,0
DA:99,0
DA:101,0
DA:105,0
DA:111,0
LF:20
LH:0
BRF:0
BRH:0
end_of_record
TN:
SF:src\components\ui\toaster.tsx
FN:11,Toaster
FN:16,(anonymous_1)
FNF:2
FNH:0
FNDA:0,Toaster
FNDA:0,(anonymous_1)
DA:12,0
DA:14,0
DA:17,0
LF:3
LH:0
BRDA:20,0,0,0
BRDA:20,0,1,0
BRDA:21,1,0,0
BRDA:21,1,1,0
BRF:4
BRH:0
end_of_record
TN:
SF:src\components\ui\toggle-group.tsx
FN:19,(anonymous_9)
FN:37,(anonymous_10)
FNF:2
FNH:0
FNDA:0,(anonymous_9)
FNDA:0,(anonymous_10)
DA:1,1
DA:2,1
DA:5,1
DA:6,1
DA:8,1
DA:15,1
DA:20,0
DA:31,1
DA:33,1
DA:38,0
DA:40,0
DA:57,1
DA:59,1
LF:13
LH:10
BRDA:45,0,0,0
BRDA:45,0,1,0
BRDA:46,1,0,0
BRDA:46,1,1,0
BRF:4
BRH:0
end_of_record
TN:
SF:src\components\ui\toggle.tsx
FN:33,(anonymous_9)
FNF:1
FNH:0
FNDA:0,(anonymous_9)
DA:1,1
DA:2,1
DA:3,1
DA:5,1
DA:7,1
DA:29,1
DA:34,0
DA:41,1
DA:43,1
LF:9
LH:8
BRF:0
BRH:0
end_of_record
TN:
SF:src\components\ui\tooltip.tsx
FN:15,(anonymous_0)
FNF:1
FNH:0
FNDA:0,(anonymous_0)
DA:6,0
DA:8,0
DA:10,0
DA:12,0
DA:16,0
DA:26,0
LF:6
LH:0
BRDA:15,0,0,0
BRF:1
BRH:0
end_of_record
TN:
SF:src\components\upload\AuthRequired.tsx
FN:11,(anonymous_0)
FN:25,(anonymous_1)
FNF:2
FNH:0
FNDA:0,(anonymous_0)
FNDA:0,(anonymous_1)
DA:11,0
DA:12,0
DA:14,0
DA:25,0
LF:4
LH:0
BRF:0
BRH:0
end_of_record
TN:
SF:src\components\upload\CopyrightNotice.tsx
FN:5,(anonymous_1)
FNF:1
FNH:1
FNDA:1,(anonymous_1)
DA:2,1
DA:3,1
DA:5,1
DA:6,1
DA:17,1
LF:5
LH:5
BRF:0
BRH:0
end_of_record
TN:
SF:src\components\upload\FileDetails.tsx
FN:17,(anonymous_0)
FN:81,(anonymous_1)
FNF:2
FNH:0
FNDA:0,(anonymous_0)
FNDA:0,(anonymous_1)
DA:17,0
DA:27,0
DA:81,0
LF:3
LH:0
BRDA:55,0,0,0
BRDA:55,0,1,0
BRDA:97,1,0,0
BRDA:97,1,1,0
BRDA:111,2,0,0
BRDA:111,2,1,0
BRDA:114,3,0,0
BRDA:114,3,1,0
BRF:8
BRH:0
end_of_record
TN:
SF:src\components\upload\FileDropzone.tsx
FN:14,(anonymous_0)
FN:17,(anonymous_1)
FN:22,(anonymous_2)
FN:26,(anonymous_3)
FN:41,(anonymous_4)
FN:52,(anonymous_5)
FN:85,(anonymous_6)
FN:86,(anonymous_7)
FNF:8
FNH:0
FNDA:0,(anonymous_0)
FNDA:0,(anonymous_1)
FNDA:0,(anonymous_2)
FNDA:0,(anonymous_3)
FNDA:0,(anonymous_4)
FNDA:0,(anonymous_5)
FNDA:0,(anonymous_6)
FNDA:0,(anonymous_7)
DA:14,0
DA:15,0
DA:17,0
DA:18,0
DA:19,0
DA:22,0
DA:23,0
DA:26,0
DA:27,0
DA:28,0
DA:30,0
DA:31,0
DA:32,0
DA:35,0
DA:36,0
DA:37,0
DA:41,0
DA:42,0
DA:43,0
DA:44,0
DA:47,0
DA:48,0
DA:52,0
DA:54,0
DA:55,0
DA:58,0
DA:62,0
DA:63,0
DA:66,0
DA:69,0
DA:72,0
DA:85,0
DA:87,0
DA:88,0
DA:89,0
LF:35
LH:0
BRDA:30,0,0,0
BRDA:36,1,0,0
BRDA:42,2,0,0
BRDA:47,3,0,0
BRDA:47,4,0,0
BRDA:47,4,1,0
BRDA:54,5,0,0
BRDA:62,6,0,0
BRDA:80,7,0,0
BRDA:80,7,1,0
BRDA:87,8,0,0
BRDA:87,9,0,0
BRDA:87,9,1,0
BRF:13
BRH:0
end_of_record
TN:
SF:src\components\upload\useUploadMusic.ts
FN:8,(anonymous_0)
FN:16,(anonymous_1)
FN:20,(anonymous_2)
FN:23,(anonymous_3)
FN:42,(anonymous_4)
FN:47,(anonymous_5)
FN:51,(anonymous_6)
FN:77,(anonymous_7)
FN:103,(anonymous_8)
FNF:9
FNH:0
FNDA:0,(anonymous_0)
FNDA:0,(anonymous_1)
FNDA:0,(anonymous_2)
FNDA:0,(anonymous_3)
FNDA:0,(anonymous_4)
FNDA:0,(anonymous_5)
FNDA:0,(anonymous_6)
FNDA:0,(anonymous_7)
FNDA:0,(anonymous_8)
DA:8,0
DA:9,0
DA:10,0
DA:11,0
DA:12,0
DA:13,0
DA:14,0
DA:16,0
DA:17,0
DA:20,0
DA:23,0
DA:24,0
DA:25,0
DA:26,0
DA:28,0
DA:29,0
DA:30,0
DA:33,0
DA:34,0
DA:42,0
DA:43,0
DA:44,0
DA:47,0
DA:48,0
DA:51,0
DA:52,0
DA:54,0
DA:55,0
DA:56,0
DA:59,0
DA:61,0
DA:62,0
DA:63,0
DA:66,0
DA:68,0
DA:70,0
DA:73,0
DA:76,0
DA:77,0
DA:78,0
DA:79,0
DA:80,0
DA:81,0
DA:83,0
DA:88,0
DA:100,0
DA:101,0
DA:103,0
DA:104,0
DA:105,0
DA:106,0
DA:107,0
DA:109,0
DA:114,0
DA:115,0
DA:125,0
DA:126,0
DA:127,0
DA:128,0
DA:132,0
LF:60
LH:0
BRDA:28,0,0,0
BRDA:29,1,0,0
BRDA:29,1,1,0
BRDA:33,2,0,0
BRDA:54,3,0,0
BRDA:54,4,0,0
BRDA:54,4,1,0
BRDA:59,5,0,0
BRDA:61,6,0,0
BRDA:79,7,0,0
BRDA:79,7,1,0
BRDA:114,8,0,0
BRDA:114,9,0,0
BRDA:114,9,1,0
BRDA:120,10,0,0
BRDA:120,10,1,0
BRF:16
BRH:0
end_of_record
TN:
SF:src\contexts\AuthContext.tsx
FN:6,(anonymous_9)
FN:11,(anonymous_10)
FN:16,(anonymous_11)
FN:27,(anonymous_12)
FN:32,(anonymous_13)
FN:33,(anonymous_14)
FN:43,(anonymous_15)
FN:57,(anonymous_16)
FN:59,(anonymous_17)
FN:60,(anonymous_18)
FN:73,(anonymous_19)
FN:82,(anonymous_20)
FN:86,(anonymous_21)
FN:115,(anonymous_22)
FN:123,(anonymous_23)
FN:128,(anonymous_24)
FN:129,(anonymous_25)
FN:145,(anonymous_26)
FN:148,(anonymous_27)
FN:154,(anonymous_28)
FN:188,(anonymous_29)
FN:191,(anonymous_30)
FN:196,(anonymous_31)
FN:230,(anonymous_32)
FN:252,(anonymous_33)
FN:258,(anonymous_34)
FN:263,(anonymous_35)
FN:278,(anonymous_36)
FNF:28
FNH:4
FNDA:0,(anonymous_9)
FNDA:0,(anonymous_10)
FNDA:0,(anonymous_11)
FNDA:0,(anonymous_12)
FNDA:0,(anonymous_13)
FNDA:0,(anonymous_14)
FNDA:0,(anonymous_15)
FNDA:0,(anonymous_16)
FNDA:0,(anonymous_17)
FNDA:0,(anonymous_18)
FNDA:0,(anonymous_19)
FNDA:0,(anonymous_20)
FNDA:0,(anonymous_21)
FNDA:18,(anonymous_22)
FNDA:12,(anonymous_23)
FNDA:4,(anonymous_24)
FNDA:4,(anonymous_25)
FNDA:0,(anonymous_26)
FNDA:0,(anonymous_27)
FNDA:0,(anonymous_28)
FNDA:0,(anonymous_29)
FNDA:0,(anonymous_30)
FNDA:0,(anonymous_31)
FNDA:0,(anonymous_32)
FNDA:0,(anonymous_33)
FNDA:0,(anonymous_34)
FNDA:0,(anonymous_35)
FNDA:0,(anonymous_36)
DA:1,2
DA:2,2
DA:6,2
DA:7,0
DA:8,0
DA:9,0
DA:10,0
DA:11,0
DA:16,2
DA:17,0
DA:27,2
DA:28,0
DA:29,0
DA:32,2
DA:33,0
DA:34,0
DA:43,2
DA:44,0
DA:45,0
DA:46,0
DA:54,0
DA:57,2
DA:58,0
DA:59,0
DA:60,0
DA:61,0
DA:69,0
DA:73,2
DA:74,0
DA:75,0
DA:82,2
DA:83,0
DA:84,0
DA:85,0
DA:86,0
DA:113,2
DA:115,2
DA:116,18
DA:117,18
DA:118,0
DA:120,18
DA:123,2
DA:124,12
DA:125,12
DA:128,12
DA:129,4
DA:130,4
DA:131,4
DA:132,4
DA:133,0
DA:136,0
DA:138,4
DA:142,4
DA:145,12
DA:146,0
DA:147,0
DA:148,0
DA:150,0
DA:151,0
DA:153,0
DA:154,0
DA:156,0
DA:158,0
DA:161,0
DA:163,0
DA:165,0
DA:168,0
DA:169,0
DA:171,0
DA:172,0
DA:173,0
DA:177,0
DA:178,0
DA:179,0
DA:181,0
DA:182,0
DA:183,0
DA:184,0
DA:188,12
DA:189,0
DA:190,0
DA:191,0
DA:193,0
DA:194,0
DA:196,0
DA:197,0
DA:200,0
DA:201,0
DA:202,0
DA:203,0
DA:206,0
DA:207,0
DA:208,0
DA:209,0
DA:211,0
DA:224,0
DA:227,0
DA:230,0
DA:231,0
DA:232,0
DA:235,0
DA:237,0
DA:238,0
DA:239,0
DA:241,0
DA:242,0
DA:243,0
DA:245,0
DA:246,0
DA:247,0
DA:248,0
DA:252,12
DA:253,0
DA:254,0
DA:255,0
DA:258,12
DA:259,0
DA:261,0
DA:262,0
DA:263,0
DA:266,0
DA:269,0
DA:272,0
DA:273,0
DA:276,0
DA:277,0
DA:278,0
DA:279,0
DA:281,0
DA:282,0
DA:284,0
DA:286,0
DA:288,0
DA:289,0
DA:290,0
DA:292,0
DA:293,0
DA:294,0
DA:295,0
DA:299,12
LF:140
LH:30
BRDA:117,0,0,0
BRDA:132,1,0,0
BRDA:150,2,0,0
BRDA:150,2,1,0
BRDA:156,3,0,0
BRDA:163,4,0,0
BRDA:193,5,0,0
BRDA:193,5,1,0
BRDA:197,6,0,0
BRDA:197,6,1,0
BRDA:200,7,0,0
BRDA:259,8,0,0
BRDA:276,9,0,0
BRDA:276,9,1,0
BRDA:279,10,0,0
BRF:15
BRH:0
end_of_record
TN:
SF:src\hooks\use-mobile.tsx
FN:5,useIsMobile
FN:8,(anonymous_1)
FN:10,(anonymous_2)
FN:15,(anonymous_3)
FNF:4
FNH:0
FNDA:0,useIsMobile
FNDA:0,(anonymous_1)
FNDA:0,(anonymous_2)
FNDA:0,(anonymous_3)
DA:3,0
DA:6,0
DA:8,0
DA:9,0
DA:10,0
DA:11,0
DA:13,0
DA:14,0
DA:15,0
DA:18,0
LF:10
LH:0
BRF:0
BRH:0
end_of_record
TN:
SF:src\hooks\use-toast.ts
FN:27,genId
FN:58,(anonymous_1)
FN:63,(anonymous_2)
FN:74,(anonymous_3)
FN:85,(anonymous_4)
FN:98,(anonymous_5)
FN:105,(anonymous_6)
FN:124,(anonymous_7)
FN:133,dispatch
FN:135,(anonymous_9)
FN:142,toast
FN:145,(anonymous_11)
FN:150,(anonymous_12)
FN:158,(anonymous_13)
FN:171,useToast
FN:174,(anonymous_15)
FN:176,(anonymous_16)
FN:187,(anonymous_17)
FNF:18
FNH:0
FNDA:0,genId
FNDA:0,(anonymous_1)
FNDA:0,(anonymous_2)
FNDA:0,(anonymous_3)
FNDA:0,(anonymous_4)
FNDA:0,(anonymous_5)
FNDA:0,(anonymous_6)
FNDA:0,(anonymous_7)
FNDA:0,dispatch
FNDA:0,(anonymous_9)
FNDA:0,toast
FNDA:0,(anonymous_11)
FNDA:0,(anonymous_12)
FNDA:0,(anonymous_13)
FNDA:0,useToast
FNDA:0,(anonymous_15)
FNDA:0,(anonymous_16)
FNDA:0,(anonymous_17)
DA:8,0
DA:9,0
DA:18,0
DA:25,0
DA:28,0
DA:29,0
DA:56,0
DA:58,0
DA:59,0
DA:60,0
DA:63,0
DA:64,0
DA:65,0
DA:71,0
DA:74,0
DA:75,0
DA:77,0
DA:83,0
DA:86,0
DA:91,0
DA:95,0
DA:96,0
DA:98,0
DA:99,0
DA:103,0
DA:106,0
DA:116,0
DA:117,0
DA:122,0
DA:124,0
DA:129,0
DA:131,0
DA:134,0
DA:135,0
DA:136,0
DA:143,0
DA:145,0
DA:146,0
DA:150,0
DA:152,0
DA:159,0
DA:164,0
DA:172,0
DA:174,0
DA:175,0
DA:176,0
DA:177,0
DA:178,0
DA:179,0
DA:184,0
DA:187,0
LF:51
LH:0
BRDA:59,0,0,0
BRDA:75,1,0,0
BRDA:75,1,1,0
BRDA:75,1,2,0
BRDA:75,1,3,0
BRDA:86,2,0,0
BRDA:86,2,1,0
BRDA:95,3,0,0
BRDA:95,3,1,0
BRDA:106,4,0,0
BRDA:106,4,1,0
BRDA:106,5,0,0
BRDA:106,5,1,0
BRDA:116,6,0,0
BRDA:159,7,0,0
BRDA:178,8,0,0
BRF:16
BRH:0
end_of_record
TN:
SF:src\hooks\recording\useAudioResources.ts
FN:5,(anonymous_0)
FN:11,(anonymous_1)
FN:12,(anonymous_2)
FN:17,(anonymous_3)
FN:32,(anonymous_4)
FN:77,(anonymous_5)
FN:90,(anonymous_6)
FN:106,(anonymous_7)
FNF:8
FNH:0
FNDA:0,(anonymous_0)
FNDA:0,(anonymous_1)
FNDA:0,(anonymous_2)
FNDA:0,(anonymous_3)
FNDA:0,(anonymous_4)
FNDA:0,(anonymous_5)
FNDA:0,(anonymous_6)
FNDA:0,(anonymous_7)
DA:2,1
DA:3,1
DA:5,1
DA:6,0
DA:7,0
DA:8,0
DA:9,0
DA:11,0
DA:12,0
DA:13,0
DA:17,0
DA:18,0
DA:19,0
DA:20,0
DA:21,0
DA:22,0
DA:23,0
DA:25,0
DA:27,0
DA:28,0
DA:32,0
DA:33,0
DA:41,0
DA:42,0
DA:44,0
DA:46,0
DA:47,0
DA:50,0
DA:52,0
DA:54,0
DA:55,0
DA:57,0
DA:59,0
DA:61,0
DA:62,0
DA:67,0
DA:73,0
DA:77,0
DA:78,0
DA:79,0
DA:80,0
DA:82,0
DA:84,0
DA:87,0
DA:88,0
DA:90,0
DA:91,0
DA:94,0
DA:97,0
DA:98,0
DA:99,0
DA:101,0
DA:103,0
DA:106,0
DA:109,0
LF:55
LH:3
BRDA:19,0,0,0
BRDA:19,0,1,0
BRDA:19,1,0,0
BRDA:19,1,1,0
BRDA:20,2,0,0
BRDA:20,2,1,0
BRDA:22,3,0,0
BRDA:46,4,0,0
BRDA:61,5,0,0
BRDA:61,5,1,0
BRDA:61,6,0,0
BRDA:61,6,1,0
BRDA:61,6,2,0
BRDA:78,7,0,0
BRDA:87,8,0,0
BRDA:97,9,0,0
BRDA:97,10,0,0
BRDA:97,10,1,0
BRF:18
BRH:0
end_of_record
TN:
SF:src\hooks\recording\useMediaRecorder.ts
FN:20,(anonymous_0)
FN:29,(anonymous_1)
FN:61,(anonymous_2)
FN:68,(anonymous_3)
FN:112,(anonymous_4)
FN:128,(anonymous_5)
FNF:6
FNH:0
FNDA:0,(anonymous_0)
FNDA:0,(anonymous_1)
FNDA:0,(anonymous_2)
FNDA:0,(anonymous_3)
FNDA:0,(anonymous_4)
FNDA:0,(anonymous_5)
DA:2,1
DA:3,1
DA:4,1
DA:20,1
DA:25,0
DA:26,0
DA:27,0
DA:29,0
DA:30,0
DA:31,0
DA:32,0
DA:35,0
DA:42,0
DA:43,0
DA:44,0
DA:45,0
DA:46,0
DA:50,0
DA:55,0
DA:56,0
DA:58,0
DA:59,0
DA:61,0
DA:62,0
DA:63,0
DA:64,0
DA:68,0
DA:69,0
DA:70,0
DA:72,0
DA:73,0
DA:76,0
DA:79,0
DA:87,0
DA:89,0
DA:93,0
DA:102,0
DA:104,0
DA:106,0
DA:107,0
DA:108,0
DA:112,0
DA:113,0
DA:114,0
DA:115,0
DA:116,0
DA:119,0
DA:121,0
DA:124,0
DA:128,0
DA:129,0
DA:131,0
DA:132,0
DA:133,0
DA:134,0
DA:135,0
DA:136,0
DA:137,0
DA:138,0
DA:139,0
DA:140,0
DA:143,0
DA:144,0
DA:147,0
DA:150,0
LF:65
LH:4
BRDA:31,0,0,0
BRDA:44,1,0,0
BRDA:51,2,0,0
BRDA:51,2,1,0
BRDA:62,3,0,0
BRDA:69,4,0,0
BRDA:69,4,1,0
BRDA:69,5,0,0
BRDA:69,5,1,0
BRDA:70,6,0,0
BRDA:70,6,1,0
BRDA:72,7,0,0
BRDA:81,8,0,0
BRDA:81,8,1,0
BRDA:113,9,0,0
BRDA:113,10,0,0
BRDA:113,10,1,0
BRDA:115,11,0,0
BRDA:115,12,0,0
BRDA:115,12,1,0
BRDA:129,13,0,0
BRDA:132,14,0,0
BRDA:132,14,1,0
BRDA:137,15,0,0
BRF:24
BRH:0
end_of_record
TN:
SF:src\hooks\recording\useRecorder.ts
FN:14,(anonymous_0)
FN:43,(anonymous_1)
FN:44,(anonymous_2)
FN:52,(anonymous_3)
FN:83,(anonymous_4)
FN:99,(anonymous_5)
FN:107,(anonymous_6)
FNF:7
FNH:0
FNDA:0,(anonymous_0)
FNDA:0,(anonymous_1)
FNDA:0,(anonymous_2)
FNDA:0,(anonymous_3)
FNDA:0,(anonymous_4)
FNDA:0,(anonymous_5)
FNDA:0,(anonymous_6)
DA:2,1
DA:3,1
DA:4,1
DA:5,1
DA:6,1
DA:14,1
DA:15,0
DA:16,0
DA:17,0
DA:18,0
DA:20,0
DA:29,0
DA:37,0
DA:43,0
DA:44,0
DA:45,0
DA:46,0
DA:48,0
DA:52,0
DA:53,0
DA:54,0
DA:57,0
DA:58,0
DA:59,0
DA:61,0
DA:63,0
DA:65,0
DA:66,0
DA:68,0
DA:70,0
DA:74,0
DA:75,0
DA:77,0
DA:79,0
DA:83,0
DA:84,0
DA:86,0
DA:88,0
DA:89,0
DA:91,0
DA:92,0
DA:94,0
DA:99,0
DA:100,0
DA:102,0
DA:103,0
DA:104,0
DA:105,0
DA:107,0
DA:108,0
DA:112,0
LF:51
LH:6
BRDA:45,0,0,0
BRDA:53,1,0,0
BRDA:53,2,0,0
BRDA:53,2,1,0
BRDA:84,3,0,0
BRDA:88,4,0,0
BRDA:91,5,0,0
BRDA:91,5,1,0
BRDA:100,6,0,0
BRF:9
BRH:0
end_of_record
TN:
SF:src\hooks\recording\useRecordingTimer.ts
FN:4,(anonymous_0)
FN:8,(anonymous_1)
FN:16,(anonymous_2)
FN:17,(anonymous_3)
FN:21,(anonymous_4)
FN:28,(anonymous_5)
FN:35,(anonymous_6)
FN:36,(anonymous_7)
FNF:8
FNH:0
FNDA:0,(anonymous_0)
FNDA:0,(anonymous_1)
FNDA:0,(anonymous_2)
FNDA:0,(anonymous_3)
FNDA:0,(anonymous_4)
FNDA:0,(anonymous_5)
FNDA:0,(anonymous_6)
FNDA:0,(anonymous_7)
DA:2,1
DA:4,1
DA:5,0
DA:6,0
DA:8,0
DA:10,0
DA:13,0
DA:16,0
DA:17,0
DA:21,0
DA:22,0
DA:23,0
DA:24,0
DA:28,0
DA:29,0
DA:30,0
DA:31,0
DA:35,0
DA:36,0
DA:37,0
DA:41,0
LF:21
LH:2
BRDA:22,0,0,0
BRF:1
BRH:0
end_of_record
TN:
SF:src\hooks\recording-utils\audioCleanup.ts
FN:2,(anonymous_0)
FN:14,(anonymous_1)
FNF:2
FNH:0
FNDA:0,(anonymous_0)
FNDA:0,(anonymous_1)
DA:2,0
DA:8,0
DA:9,0
DA:10,0
DA:13,0
DA:14,0
DA:15,0
DA:18,0
DA:19,0
DA:20,0
LF:10
LH:0
BRDA:8,0,0,0
BRDA:13,1,0,0
BRDA:18,2,0,0
BRDA:18,3,0,0
BRDA:18,3,1,0
BRF:5
BRH:0
end_of_record
TN:
SF:src\hooks\recording-utils\formatTime.ts
FN:2,(anonymous_0)
FNF:1
FNH:0
FNDA:0,(anonymous_0)
DA:2,0
DA:3,0
DA:4,0
DA:5,0
LF:4
LH:0
BRF:0
BRH:0
end_of_record
TN:
SF:src\hooks\recording-utils\useAudioRecorder.ts
FN:10,(anonymous_0)
FN:26,(anonymous_1)
FN:27,(anonymous_2)
FN:34,(anonymous_3)
FN:38,(anonymous_4)
FN:89,(anonymous_5)
FN:105,(anonymous_6)
FN:113,(anonymous_7)
FNF:8
FNH:0
FNDA:0,(anonymous_0)
FNDA:0,(anonymous_1)
FNDA:0,(anonymous_2)
FNDA:0,(anonymous_3)
FNDA:0,(anonymous_4)
FNDA:0,(anonymous_5)
FNDA:0,(anonymous_6)
FNDA:0,(anonymous_7)
DA:10,0
DA:11,0
DA:12,0
DA:13,0
DA:15,0
DA:16,0
DA:17,0
DA:18,0
DA:23,0
DA:26,0
DA:27,0
DA:28,0
DA:29,0
DA:30,0
DA:34,0
DA:35,0
DA:38,0
DA:39,0
DA:41,0
DA:44,0
DA:47,0
DA:55,0
DA:56,0
DA:59,0
DA:60,0
DA:61,0
DA:64,0
DA:67,0
DA:68,0
DA:71,0
DA:74,0
DA:75,0
DA:77,0
DA:81,0
DA:82,0
DA:83,0
DA:89,0
DA:90,0
DA:91,0
DA:92,0
DA:93,0
DA:94,0
DA:95,0
DA:96,0
DA:97,0
DA:98,0
DA:99,0
DA:100,0
DA:105,0
DA:106,0
DA:107,0
DA:108,0
DA:109,0
DA:110,0
DA:113,0
DA:114,0
DA:119,0
LF:57
LH:0
BRDA:59,0,0,0
BRDA:60,1,0,0
BRDA:60,1,1,0
BRDA:90,2,0,0
BRDA:90,3,0,0
BRDA:90,3,1,0
BRDA:91,4,0,0
BRDA:91,4,1,0
BRDA:96,5,0,0
BRDA:106,6,0,0
BRDA:106,7,0,0
BRDA:106,7,1,0
BRDA:106,7,2,0
BRF:13
BRH:0
end_of_record
TN:
SF:src\hooks\recording-utils\useMediaRecorderSetup.ts
FN:8,(anonymous_0)
FN:13,(anonymous_1)
FN:28,(anonymous_2)
FN:35,(anonymous_3)
FNF:4
FNH:0
FNDA:0,(anonymous_0)
FNDA:0,(anonymous_1)
FNDA:0,(anonymous_2)
FNDA:0,(anonymous_3)
DA:8,0
DA:9,0
DA:10,0
DA:11,0
DA:13,0
DA:14,0
DA:16,0
DA:22,0
DA:23,0
DA:25,0
DA:26,0
DA:28,0
DA:29,0
DA:30,0
DA:31,0
DA:35,0
DA:36,0
DA:37,0
DA:39,0
DA:47,0
DA:49,0
DA:58,0
DA:60,0
DA:62,0
DA:63,0
DA:64,0
DA:68,0
LF:27
LH:0
BRDA:29,0,0,0
BRDA:36,1,0,0
BRDA:41,2,0,0
BRDA:41,2,1,0
BRF:4
BRH:0
end_of_record
TN:
SF:src\hooks\recording-utils\useTimer.ts
FN:4,(anonymous_0)
FN:8,(anonymous_1)
FN:16,(anonymous_2)
FN:17,(anonymous_3)
FN:21,(anonymous_4)
FN:29,(anonymous_5)
FN:30,(anonymous_6)
FNF:7
FNH:0
FNDA:0,(anonymous_0)
FNDA:0,(anonymous_1)
FNDA:0,(anonymous_2)
FNDA:0,(anonymous_3)
FNDA:0,(anonymous_4)
FNDA:0,(anonymous_5)
FNDA:0,(anonymous_6)
DA:4,0
DA:5,0
DA:6,0
DA:8,0
DA:10,0
DA:13,0
DA:16,0
DA:17,0
DA:21,0
DA:22,0
DA:23,0
DA:24,0
DA:29,0
DA:30,0
DA:31,0
DA:35,0
LF:16
LH:0
BRDA:22,0,0,0
BRF:1
BRH:0
end_of_record
TN:
SF:src\lib\utils.ts
FN:4,cn
FNF:1
FNH:1
FNDA:379,cn
DA:1,13
DA:2,13
DA:4,13
DA:5,379
LF:4
LH:4
BRF:0
BRH:0
end_of_record
TN:
SF:src\pages\Auth.tsx
FN:34,(anonymous_10)
FN:42,(anonymous_11)
FN:46,(anonymous_12)
FN:70,(anonymous_13)
FN:77,(anonymous_14)
FN:87,(anonymous_15)
FN:94,(anonymous_16)
FN:159,(anonymous_17)
FN:181,(anonymous_18)
FN:228,(anonymous_19)
FN:245,(anonymous_20)
FN:262,(anonymous_21)
FN:279,(anonymous_22)
FNF:13
FNH:1
FNDA:0,(anonymous_10)
FNDA:9,(anonymous_11)
FNDA:0,(anonymous_12)
FNDA:0,(anonymous_13)
FNDA:0,(anonymous_14)
FNDA:0,(anonymous_15)
FNDA:0,(anonymous_16)
FNDA:0,(anonymous_17)
FNDA:0,(anonymous_18)
FNDA:0,(anonymous_19)
FNDA:0,(anonymous_20)
FNDA:0,(anonymous_21)
FNDA:0,(anonymous_22)
DA:1,1
DA:2,1
DA:3,1
DA:4,1
DA:5,1
DA:6,1
DA:7,1
DA:8,1
DA:9,1
DA:10,1
DA:11,1
DA:12,1
DA:20,1
DA:23,1
DA:29,1
DA:34,0
DA:42,1
DA:43,9
DA:44,0
DA:45,0
DA:46,0
DA:47,0
DA:48,0
DA:51,0
DA:59,0
DA:70,0
DA:71,0
DA:72,0
DA:77,0
DA:78,0
DA:79,0
DA:80,0
DA:81,0
DA:82,0
DA:83,0
DA:87,0
DA:88,0
DA:89,0
DA:90,0
DA:94,0
DA:95,0
DA:96,0
DA:97,0
DA:101,0
DA:111,0
DA:124,0
DA:160,0
DA:182,0
DA:229,0
DA:246,0
DA:263,0
DA:280,0
DA:314,1
LF:53
LH:18
BRDA:48,0,0,0
BRDA:48,0,1,0
BRDA:71,1,0,0
BRDA:80,2,0,0
BRDA:80,2,1,0
BRDA:82,3,0,0
BRDA:89,4,0,0
BRDA:96,5,0,0
BRDA:206,6,0,0
BRDA:206,6,1,0
BRDA:294,7,0,0
BRDA:294,7,1,0
BRF:12
BRH:0
end_of_record
TN:
SF:src\pages\CreateProfile.tsx
FN:51,(anonymous_0)
FN:70,(anonymous_1)
FN:76,(anonymous_2)
FN:82,(anonymous_3)
FN:84,(anonymous_4)
FN:95,(anonymous_5)
FN:96,(anonymous_6)
FN:98,(anonymous_7)
FN:105,(anonymous_8)
FN:111,(anonymous_9)
FN:147,(anonymous_10)
FN:156,(anonymous_11)
FN:236,(anonymous_12)
FN:257,(anonymous_13)
FN:268,(anonymous_14)
FN:269,(anonymous_15)
FN:278,(anonymous_16)
FNF:17
FNH:0
FNDA:0,(anonymous_0)
FNDA:0,(anonymous_1)
FNDA:0,(anonymous_2)
FNDA:0,(anonymous_3)
FNDA:0,(anonymous_4)
FNDA:0,(anonymous_5)
FNDA:0,(anonymous_6)
FNDA:0,(anonymous_7)
FNDA:0,(anonymous_8)
FNDA:0,(anonymous_9)
FNDA:0,(anonymous_10)
FNDA:0,(anonymous_11)
FNDA:0,(anonymous_12)
FNDA:0,(anonymous_13)
FNDA:0,(anonymous_14)
FNDA:0,(anonymous_15)
FNDA:0,(anonymous_16)
DA:33,0
DA:43,0
DA:51,0
DA:52,0
DA:53,0
DA:54,0
DA:55,0
DA:56,0
DA:60,0
DA:70,0
DA:71,0
DA:72,0
DA:76,0
DA:77,0
DA:78,0
DA:79,0
DA:82,0
DA:83,0
DA:84,0
DA:85,0
DA:86,0
DA:87,0
DA:88,0
DA:90,0
DA:95,0
DA:96,0
DA:97,0
DA:98,0
DA:100,0
DA:104,0
DA:105,0
DA:108,0
DA:111,0
DA:112,0
DA:117,0
DA:118,0
DA:119,0
DA:123,0
DA:133,0
DA:147,0
DA:148,0
DA:150,0
DA:152,0
DA:155,0
DA:156,0
DA:157,0
DA:160,0
DA:163,0
DA:165,0
DA:167,0
DA:171,0
DA:172,0
DA:181,0
DA:237,0
DA:258,0
DA:268,0
DA:270,0
DA:271,0
DA:272,0
DA:278,0
LF:60
LH:0
BRDA:57,0,0,0
BRDA:57,0,1,0
BRDA:63,1,0,0
BRDA:63,1,1,0
BRDA:64,2,0,0
BRDA:64,2,1,0
BRDA:65,3,0,0
BRDA:65,3,1,0
BRDA:71,4,0,0
BRDA:71,5,0,0
BRDA:71,5,1,0
BRDA:78,6,0,0
BRDA:97,7,0,0
BRDA:97,7,1,0
BRDA:104,8,0,0
BRDA:104,8,1,0
BRDA:117,9,0,0
BRDA:148,10,0,0
BRDA:160,11,0,0
BRDA:163,12,0,0
BRDA:171,13,0,0
BRDA:200,14,0,0
BRDA:200,14,1,0
BRDA:200,15,0,0
BRDA:200,15,1,0
BRDA:202,16,0,0
BRDA:202,16,1,0
BRDA:202,17,0,0
BRDA:202,17,1,0
BRDA:247,18,0,0
BRDA:247,18,1,0
BRDA:264,19,0,0
BRDA:264,19,1,0
BRDA:270,20,0,0
BRDA:270,21,0,0
BRDA:270,21,1,0
BRDA:292,22,0,0
BRDA:292,22,1,0
BRDA:293,23,0,0
BRDA:293,23,1,0
BRF:40
BRH:0
end_of_record
TN:
SF:src\pages\Index.tsx
FN:21,(anonymous_1)
FN:31,(anonymous_2)
FN:66,(anonymous_3)
FN:104,(anonymous_4)
FN:150,(anonymous_5)
FN:158,(anonymous_6)
FN:166,(anonymous_7)
FN:177,(anonymous_8)
FNF:8
FNH:6
FNDA:10,(anonymous_1)
FNDA:5,(anonymous_2)
FNDA:0,(anonymous_3)
FNDA:0,(anonymous_4)
FNDA:18,(anonymous_5)
FNDA:18,(anonymous_6)
FNDA:18,(anonymous_7)
FNDA:18,(anonymous_8)
DA:1,1
DA:2,1
DA:3,1
DA:4,1
DA:5,1
DA:6,1
DA:7,1
DA:8,1
DA:9,1
DA:10,1
DA:11,1
DA:18,1
DA:19,1
DA:21,1
DA:22,10
DA:23,9
DA:24,9
DA:25,9
DA:27,9
DA:28,9
DA:31,9
DA:32,5
DA:33,0
DA:34,0
DA:35,0
DA:43,9
DA:53,9
DA:66,9
DA:67,0
DA:68,0
DA:70,0
DA:74,9
DA:104,0
DA:150,18
DA:158,18
DA:166,18
DA:177,18
DA:212,1
LF:38
LH:31
BRDA:32,0,0,5
BRDA:34,1,0,0
BRDA:34,2,0,0
BRDA:34,2,1,0
BRDA:67,3,0,0
BRDA:67,3,1,0
BRDA:92,4,0,0
BRDA:92,4,1,9
BRDA:102,5,0,0
BRDA:102,5,1,9
BRDA:127,6,0,0
BRDA:127,6,1,9
BRDA:136,7,0,0
BRDA:136,7,1,9
BRDA:139,8,0,0
BRDA:139,8,1,9
BRDA:140,9,0,0
BRDA:140,9,1,9
BRDA:169,10,0,9
BRDA:169,10,1,0
BRDA:180,11,0,9
BRDA:180,11,1,0
BRF:22
BRH:9
end_of_record
TN:
SF:src\pages\NotFound.tsx
FN:4,(anonymous_0)
FN:7,(anonymous_1)
FNF:2
FNH:0
FNDA:0,(anonymous_0)
FNDA:0,(anonymous_1)
DA:4,0
DA:5,0
DA:7,0
DA:8,0
DA:14,0
LF:5
LH:0
BRF:0
BRH:0
end_of_record
TN:
SF:src\pages\Profile.tsx
FN:15,(anonymous_0)
FN:19,(anonymous_1)
FN:25,(anonymous_2)
FN:29,(anonymous_3)
FN:117,(anonymous_4)
FNF:5
FNH:0
FNDA:0,(anonymous_0)
FNDA:0,(anonymous_1)
FNDA:0,(anonymous_2)
FNDA:0,(anonymous_3)
FNDA:0,(anonymous_4)
DA:15,0
DA:16,0
DA:17,0
DA:19,0
DA:20,0
DA:21,0
DA:25,0
DA:26,0
DA:29,0
DA:30,0
DA:31,0
DA:34,0
DA:44,0
DA:57,0
DA:58,0
DA:67,0
DA:71,0
DA:81,0
DA:117,0
LF:19
LH:0
BRDA:20,0,0,0
BRDA:20,1,0,0
BRDA:20,1,1,0
BRDA:57,2,0,0
BRDA:57,3,0,0
BRDA:57,3,1,0
BRDA:67,4,0,0
BRDA:67,4,1,0
BRF:8
BRH:0
end_of_record
TN:
SF:src\pages\SharedMusic.tsx
FN:8,(anonymous_0)
FN:38,(anonymous_1)
FNF:2
FNH:0
FNDA:0,(anonymous_0)
FNDA:0,(anonymous_1)
DA:8,0
DA:9,0
DA:11,0
DA:38,0
LF:4
LH:0
BRF:0
BRH:0
end_of_record
TN:
SF:src\services\musicService.ts
FN:19,(anonymous_0)
FN:24,(anonymous_1)
FN:36,(anonymous_2)
FN:44,(anonymous_3)
FN:57,(anonymous_4)
FN:61,(anonymous_5)
FN:62,(anonymous_6)
FN:65,(anonymous_7)
FN:66,(anonymous_8)
FN:69,(anonymous_9)
FN:73,(anonymous_10)
FN:80,(anonymous_11)
FN:81,(anonymous_12)
FN:84,(anonymous_13)
FN:85,(anonymous_14)
FN:92,(anonymous_15)
FN:93,(anonymous_16)
FN:96,(anonymous_17)
FN:97,(anonymous_18)
FN:101,(anonymous_19)
FN:102,(anonymous_20)
FN:106,(anonymous_21)
FN:114,(anonymous_22)
FN:128,(anonymous_23)
FNF:24
FNH:1
FNDA:3,(anonymous_0)
FNDA:0,(anonymous_1)
FNDA:0,(anonymous_2)
FNDA:0,(anonymous_3)
FNDA:0,(anonymous_4)
FNDA:0,(anonymous_5)
FNDA:0,(anonymous_6)
FNDA:0,(anonymous_7)
FNDA:0,(anonymous_8)
FNDA:0,(anonymous_9)
FNDA:0,(anonymous_10)
FNDA:0,(anonymous_11)
FNDA:0,(anonymous_12)
FNDA:0,(anonymous_13)
FNDA:0,(anonymous_14)
FNDA:0,(anonymous_15)
FNDA:0,(anonymous_16)
FNDA:0,(anonymous_17)
FNDA:0,(anonymous_18)
FNDA:0,(anonymous_19)
FNDA:0,(anonymous_20)
FNDA:0,(anonymous_21)
FNDA:0,(anonymous_22)
FNDA:0,(anonymous_23)
DA:17,3
DA:19,3
DA:20,3
DA:21,3
DA:22,3
DA:23,0
DA:24,0
DA:30,0
DA:34,3
DA:36,3
DA:37,0
DA:38,0
DA:40,0
DA:44,3
DA:45,0
DA:52,0
DA:53,0
DA:54,0
DA:57,3
DA:58,0
DA:61,3
DA:62,0
DA:65,3
DA:66,0
DA:69,3
DA:70,0
DA:72,0
DA:73,0
DA:74,0
DA:80,3
DA:81,0
DA:84,3
DA:85,0
DA:86,0
DA:87,0
DA:88,0
DA:92,3
DA:93,0
DA:94,0
DA:95,0
DA:96,0
DA:97,0
DA:101,3
DA:102,0
DA:103,0
DA:104,0
DA:106,0
DA:107,0
DA:108,0
DA:109,0
DA:110,0
DA:111,0
DA:114,0
DA:115,0
DA:116,0
DA:119,0
DA:128,3
DA:129,0
LF:58
LH:17
BRDA:22,0,0,0
BRDA:70,1,0,0
BRDA:74,2,0,0
BRDA:74,2,1,0
BRDA:74,2,2,0
BRDA:86,3,0,0
BRF:6
BRH:0
end_of_record
